CRITICAL - 2024-04-14 02:55:25 --> CodeIgniter\View\Exceptions\ViewException: Invalid file: "maestros.php"
in SYSTEMPATH\Exceptions\FrameworkException.php on line 39.
 1 SYSTEMPATH\View\View.php(216): CodeIgniter\Exceptions\FrameworkException::forInvalidFile('maestros.php')
 2 SYSTEMPATH\Common.php(1178): CodeIgniter\View\View->render('maestros', [], true)
 3 APPPATH\Controllers\Auth.php(12): view('maestros')
 4 SYSTEMPATH\CodeIgniter.php(943): App\Controllers\Auth->login()
 5 SYSTEMPATH\CodeIgniter.php(503): CodeIgniter\CodeIgniter->runController(Object(App\Controllers\Auth))
 6 SYSTEMPATH\CodeIgniter.php(361): CodeIgniter\CodeIgniter->handleRequest(null, Object(Config\Cache), false)
 7 FCPATH\index.php(79): CodeIgniter\CodeIgniter->run()
CRITICAL - 2024-04-14 04:10:21 --> CodeIgniter\View\Exceptions\ViewException: Invalid file: "tipo_permiso/index.php"
in SYSTEMPATH\Exceptions\FrameworkException.php on line 39.
 1 SYSTEMPATH\View\View.php(216): CodeIgniter\Exceptions\FrameworkException::forInvalidFile('tipo_permiso/index.php')
 2 SYSTEMPATH\Common.php(1178): CodeIgniter\View\View->render('tipo_permiso/index', [], true)
 3 APPPATH\Controllers\TipoPermiso.php(15): view('tipo_permiso/index', [...])
 4 SYSTEMPATH\CodeIgniter.php(943): App\Controllers\TipoPermiso->index()
 5 SYSTEMPATH\CodeIgniter.php(503): CodeIgniter\CodeIgniter->runController(Object(App\Controllers\TipoPermiso))
 6 SYSTEMPATH\CodeIgniter.php(361): CodeIgniter\CodeIgniter->handleRequest(null, Object(Config\Cache), false)
 7 FCPATH\index.php(79): CodeIgniter\CodeIgniter->run()
CRITICAL - 2024-04-14 04:11:20 --> CodeIgniter\View\Exceptions\ViewException: Invalid file: "tipo_permiso/index.php"
in SYSTEMPATH\Exceptions\FrameworkException.php on line 39.
 1 SYSTEMPATH\View\View.php(216): CodeIgniter\Exceptions\FrameworkException::forInvalidFile('tipo_permiso/index.php')
 2 SYSTEMPATH\Common.php(1178): CodeIgniter\View\View->render('tipo_permiso/index', [], true)
 3 APPPATH\Controllers\TipoPermiso.php(15): view('tipo_permiso/index', [...])
 4 SYSTEMPATH\CodeIgniter.php(943): App\Controllers\TipoPermiso->index()
 5 SYSTEMPATH\CodeIgniter.php(503): CodeIgniter\CodeIgniter->runController(Object(App\Controllers\TipoPermiso))
 6 SYSTEMPATH\CodeIgniter.php(361): CodeIgniter\CodeIgniter->handleRequest(null, Object(Config\Cache), false)
 7 FCPATH\index.php(79): CodeIgniter\CodeIgniter->run()
CRITICAL - 2024-04-14 04:11:37 --> CodeIgniter\View\Exceptions\ViewException: Invalid file: "tipo_permiso/index.php"
in SYSTEMPATH\Exceptions\FrameworkException.php on line 39.
 1 SYSTEMPATH\View\View.php(216): CodeIgniter\Exceptions\FrameworkException::forInvalidFile('tipo_permiso/index.php')
 2 SYSTEMPATH\Common.php(1178): CodeIgniter\View\View->render('tipo_permiso/index', [], true)
 3 APPPATH\Controllers\TipoPermiso.php(15): view('tipo_permiso/index', [...])
 4 SYSTEMPATH\CodeIgniter.php(943): App\Controllers\TipoPermiso->index()
 5 SYSTEMPATH\CodeIgniter.php(503): CodeIgniter\CodeIgniter->runController(Object(App\Controllers\TipoPermiso))
 6 SYSTEMPATH\CodeIgniter.php(361): CodeIgniter\CodeIgniter->handleRequest(null, Object(Config\Cache), false)
 7 FCPATH\index.php(79): CodeIgniter\CodeIgniter->run()
CRITICAL - 2024-04-14 04:13:16 --> CodeIgniter\View\Exceptions\ViewException: Invalid file: "tipo_permiso/index.php"
in SYSTEMPATH\Exceptions\FrameworkException.php on line 39.
 1 SYSTEMPATH\View\View.php(216): CodeIgniter\Exceptions\FrameworkException::forInvalidFile('tipo_permiso/index.php')
 2 SYSTEMPATH\Common.php(1178): CodeIgniter\View\View->render('tipo_permiso/index', [], true)
 3 APPPATH\Controllers\TipoPermiso.php(15): view('tipo_permiso/index', [...])
 4 SYSTEMPATH\CodeIgniter.php(943): App\Controllers\TipoPermiso->index()
 5 SYSTEMPATH\CodeIgniter.php(503): CodeIgniter\CodeIgniter->runController(Object(App\Controllers\TipoPermiso))
 6 SYSTEMPATH\CodeIgniter.php(361): CodeIgniter\CodeIgniter->handleRequest(null, Object(Config\Cache), false)
 7 FCPATH\index.php(79): CodeIgniter\CodeIgniter->run()
CRITICAL - 2024-04-14 04:13:50 --> CodeIgniter\View\Exceptions\ViewException: Invalid file: "tipo_permiso/create.php"
in SYSTEMPATH\Exceptions\FrameworkException.php on line 39.
 1 SYSTEMPATH\View\View.php(216): CodeIgniter\Exceptions\FrameworkException::forInvalidFile('tipo_permiso/create.php')
 2 SYSTEMPATH\Common.php(1178): CodeIgniter\View\View->render('tipo_permiso/create', [], true)
 3 APPPATH\Controllers\TipoPermiso.php(20): view('tipo_permiso/create')
 4 SYSTEMPATH\CodeIgniter.php(943): App\Controllers\TipoPermiso->create()
 5 SYSTEMPATH\CodeIgniter.php(503): CodeIgniter\CodeIgniter->runController(Object(App\Controllers\TipoPermiso))
 6 SYSTEMPATH\CodeIgniter.php(361): CodeIgniter\CodeIgniter->handleRequest(null, Object(Config\Cache), false)
 7 FCPATH\index.php(79): CodeIgniter\CodeIgniter->run()
CRITICAL - 2024-04-14 04:14:13 --> CodeIgniter\View\Exceptions\ViewException: Invalid file: "tipo_permiso/create.php"
in SYSTEMPATH\Exceptions\FrameworkException.php on line 39.
 1 SYSTEMPATH\View\View.php(216): CodeIgniter\Exceptions\FrameworkException::forInvalidFile('tipo_permiso/create.php')
 2 SYSTEMPATH\Common.php(1178): CodeIgniter\View\View->render('tipo_permiso/create', [], true)
 3 APPPATH\Controllers\TipoPermiso.php(20): view('tipo_permiso/create')
 4 SYSTEMPATH\CodeIgniter.php(943): App\Controllers\TipoPermiso->create()
 5 SYSTEMPATH\CodeIgniter.php(503): CodeIgniter\CodeIgniter->runController(Object(App\Controllers\TipoPermiso))
 6 SYSTEMPATH\CodeIgniter.php(361): CodeIgniter\CodeIgniter->handleRequest(null, Object(Config\Cache), false)
 7 FCPATH\index.php(79): CodeIgniter\CodeIgniter->run()
CRITICAL - 2024-04-14 04:18:24 --> CodeIgniter\View\Exceptions\ViewException: Invalid file: "tipo_permiso/create.php"
in SYSTEMPATH\Exceptions\FrameworkException.php on line 39.
 1 SYSTEMPATH\View\View.php(216): CodeIgniter\Exceptions\FrameworkException::forInvalidFile('tipo_permiso/create.php')
 2 SYSTEMPATH\Common.php(1178): CodeIgniter\View\View->render('tipo_permiso/create', [], true)
 3 APPPATH\Controllers\TipoPermiso.php(20): view('tipo_permiso/create')
 4 SYSTEMPATH\CodeIgniter.php(943): App\Controllers\TipoPermiso->create()
 5 SYSTEMPATH\CodeIgniter.php(503): CodeIgniter\CodeIgniter->runController(Object(App\Controllers\TipoPermiso))
 6 SYSTEMPATH\CodeIgniter.php(361): CodeIgniter\CodeIgniter->handleRequest(null, Object(Config\Cache), false)
 7 FCPATH\index.php(79): CodeIgniter\CodeIgniter->run()
CRITICAL - 2024-04-14 04:19:04 --> CodeIgniter\View\Exceptions\ViewException: Invalid file: "tipo_permiso/create.php"
in SYSTEMPATH\Exceptions\FrameworkException.php on line 39.
 1 SYSTEMPATH\View\View.php(216): CodeIgniter\Exceptions\FrameworkException::forInvalidFile('tipo_permiso/create.php')
 2 SYSTEMPATH\Common.php(1178): CodeIgniter\View\View->render('tipo_permiso/create', [], true)
 3 APPPATH\Controllers\TipoPermiso.php(20): view('tipo_permiso/create')
 4 SYSTEMPATH\CodeIgniter.php(943): App\Controllers\TipoPermiso->create()
 5 SYSTEMPATH\CodeIgniter.php(503): CodeIgniter\CodeIgniter->runController(Object(App\Controllers\TipoPermiso))
 6 SYSTEMPATH\CodeIgniter.php(361): CodeIgniter\CodeIgniter->handleRequest(null, Object(Config\Cache), false)
 7 FCPATH\index.php(79): CodeIgniter\CodeIgniter->run()
CRITICAL - 2024-04-14 04:20:58 --> CodeIgniter\View\Exceptions\ViewException: Invalid file: "tipo_permiso/index.php"
in SYSTEMPATH\Exceptions\FrameworkException.php on line 39.
 1 SYSTEMPATH\View\View.php(216): CodeIgniter\Exceptions\FrameworkException::forInvalidFile('tipo_permiso/index.php')
 2 SYSTEMPATH\Common.php(1178): CodeIgniter\View\View->render('tipo_permiso/index', [], true)
 3 APPPATH\Controllers\TipoPermiso.php(15): view('tipo_permiso/index', [...])
 4 SYSTEMPATH\CodeIgniter.php(943): App\Controllers\TipoPermiso->index()
 5 SYSTEMPATH\CodeIgniter.php(503): CodeIgniter\CodeIgniter->runController(Object(App\Controllers\TipoPermiso))
 6 SYSTEMPATH\CodeIgniter.php(361): CodeIgniter\CodeIgniter->handleRequest(null, Object(Config\Cache), false)
 7 FCPATH\index.php(79): CodeIgniter\CodeIgniter->run()
CRITICAL - 2024-04-14 04:21:01 --> CodeIgniter\View\Exceptions\ViewException: Invalid file: "tipo_permiso/index.php"
in SYSTEMPATH\Exceptions\FrameworkException.php on line 39.
 1 SYSTEMPATH\View\View.php(216): CodeIgniter\Exceptions\FrameworkException::forInvalidFile('tipo_permiso/index.php')
 2 SYSTEMPATH\Common.php(1178): CodeIgniter\View\View->render('tipo_permiso/index', [], true)
 3 APPPATH\Controllers\TipoPermiso.php(15): view('tipo_permiso/index', [...])
 4 SYSTEMPATH\CodeIgniter.php(943): App\Controllers\TipoPermiso->index()
 5 SYSTEMPATH\CodeIgniter.php(503): CodeIgniter\CodeIgniter->runController(Object(App\Controllers\TipoPermiso))
 6 SYSTEMPATH\CodeIgniter.php(361): CodeIgniter\CodeIgniter->handleRequest(null, Object(Config\Cache), false)
 7 FCPATH\index.php(79): CodeIgniter\CodeIgniter->run()
CRITICAL - 2024-04-14 04:27:15 --> CodeIgniter\View\Exceptions\ViewException: Invalid file: "tipo_permiso/index.php"
in SYSTEMPATH\Exceptions\FrameworkException.php on line 39.
 1 SYSTEMPATH\View\View.php(216): CodeIgniter\Exceptions\FrameworkException::forInvalidFile('tipo_permiso/index.php')
 2 SYSTEMPATH\Common.php(1178): CodeIgniter\View\View->render('tipo_permiso/index', [], true)
 3 APPPATH\Controllers\TipoPermiso.php(15): view('tipo_permiso/index', [...])
 4 SYSTEMPATH\CodeIgniter.php(943): App\Controllers\TipoPermiso->index()
 5 SYSTEMPATH\CodeIgniter.php(503): CodeIgniter\CodeIgniter->runController(Object(App\Controllers\TipoPermiso))
 6 SYSTEMPATH\CodeIgniter.php(361): CodeIgniter\CodeIgniter->handleRequest(null, Object(Config\Cache), false)
 7 FCPATH\index.php(79): CodeIgniter\CodeIgniter->run()
CRITICAL - 2024-04-14 04:38:00 --> CodeIgniter\View\Exceptions\ViewException: Invalid file: "tipo_permiso/index.php"
in SYSTEMPATH\Exceptions\FrameworkException.php on line 39.
 1 SYSTEMPATH\View\View.php(216): CodeIgniter\Exceptions\FrameworkException::forInvalidFile('tipo_permiso/index.php')
 2 SYSTEMPATH\Common.php(1178): CodeIgniter\View\View->render('tipo_permiso/index', [], true)
 3 APPPATH\Controllers\TipoPermiso.php(15): view('tipo_permiso/index', [...])
 4 SYSTEMPATH\CodeIgniter.php(943): App\Controllers\TipoPermiso->index()
 5 SYSTEMPATH\CodeIgniter.php(503): CodeIgniter\CodeIgniter->runController(Object(App\Controllers\TipoPermiso))
 6 SYSTEMPATH\CodeIgniter.php(361): CodeIgniter\CodeIgniter->handleRequest(null, Object(Config\Cache), false)
 7 FCPATH\index.php(79): CodeIgniter\CodeIgniter->run()
CRITICAL - 2024-04-14 04:45:02 --> ErrorException: Attempt to read property "nombre" on array
in APPPATH\Views\tipo_permiso\index.php on line 38.
 1 APPPATH\Views\tipo_permiso\index.php(38): CodeIgniter\Debug\Exceptions->errorHandler(2, 'Attempt to read property "nombre" on array', 'C:\\laragon\\www\\prueba\\SistemaControl\\app\\Views\\tipo_permiso\\index.php', 38)
 2 SYSTEMPATH\View\View.php(228): include('C:\\laragon\\www\\prueba\\SistemaControl\\app\\Views\\tipo_permiso\\index.php')
 3 SYSTEMPATH\View\View.php(231): CodeIgniter\View\View->CodeIgniter\View\{closure}()
 4 SYSTEMPATH\Common.php(1178): CodeIgniter\View\View->render('tipo_permiso/index', [], true)
 5 APPPATH\Controllers\TipoPermiso.php(15): view('tipo_permiso/index', [...])
 6 SYSTEMPATH\CodeIgniter.php(943): App\Controllers\TipoPermiso->index()
 7 SYSTEMPATH\CodeIgniter.php(503): CodeIgniter\CodeIgniter->runController(Object(App\Controllers\TipoPermiso))
 8 SYSTEMPATH\CodeIgniter.php(361): CodeIgniter\CodeIgniter->handleRequest(null, Object(Config\Cache), false)
 9 FCPATH\index.php(79): CodeIgniter\CodeIgniter->run()
CRITICAL - 2024-04-14 04:52:27 --> ErrorException: Attempt to read property "nombre" on array
in APPPATH\Views\tipo_permiso\index.php on line 38.
 1 APPPATH\Views\tipo_permiso\index.php(38): CodeIgniter\Debug\Exceptions->errorHandler(2, 'Attempt to read property "nombre" on array', 'C:\\laragon\\www\\prueba\\SistemaControl\\app\\Views\\tipo_permiso\\index.php', 38)
 2 SYSTEMPATH\View\View.php(228): include('C:\\laragon\\www\\prueba\\SistemaControl\\app\\Views\\tipo_permiso\\index.php')
 3 SYSTEMPATH\View\View.php(231): CodeIgniter\View\View->CodeIgniter\View\{closure}()
 4 SYSTEMPATH\Common.php(1178): CodeIgniter\View\View->render('tipo_permiso/index', [], true)
 5 APPPATH\Controllers\TipoPermiso.php(18): view('tipo_permiso/index', [...])
 6 SYSTEMPATH\CodeIgniter.php(943): App\Controllers\TipoPermiso->index()
 7 SYSTEMPATH\CodeIgniter.php(503): CodeIgniter\CodeIgniter->runController(Object(App\Controllers\TipoPermiso))
 8 SYSTEMPATH\CodeIgniter.php(361): CodeIgniter\CodeIgniter->handleRequest(null, Object(Config\Cache), false)
 9 FCPATH\index.php(79): CodeIgniter\CodeIgniter->run()
CRITICAL - 2024-04-14 04:52:54 --> ErrorException: Attempt to read property "nombre" on array
in APPPATH\Views\tipo_permiso\index.php on line 38.
 1 APPPATH\Views\tipo_permiso\index.php(38): CodeIgniter\Debug\Exceptions->errorHandler(2, 'Attempt to read property "nombre" on array', 'C:\\laragon\\www\\prueba\\SistemaControl\\app\\Views\\tipo_permiso\\index.php', 38)
 2 SYSTEMPATH\View\View.php(228): include('C:\\laragon\\www\\prueba\\SistemaControl\\app\\Views\\tipo_permiso\\index.php')
 3 SYSTEMPATH\View\View.php(231): CodeIgniter\View\View->CodeIgniter\View\{closure}()
 4 SYSTEMPATH\Common.php(1178): CodeIgniter\View\View->render('tipo_permiso/index', [], true)
 5 APPPATH\Controllers\TipoPermiso.php(18): view('tipo_permiso/index', [...])
 6 SYSTEMPATH\CodeIgniter.php(943): App\Controllers\TipoPermiso->index()
 7 SYSTEMPATH\CodeIgniter.php(503): CodeIgniter\CodeIgniter->runController(Object(App\Controllers\TipoPermiso))
 8 SYSTEMPATH\CodeIgniter.php(361): CodeIgniter\CodeIgniter->handleRequest(null, Object(Config\Cache), false)
 9 FCPATH\index.php(79): CodeIgniter\CodeIgniter->run()
CRITICAL - 2024-04-14 04:54:42 --> ErrorException: Attempt to read property "nombre" on array
in APPPATH\Views\tipo_permiso\index.php on line 38.
 1 APPPATH\Views\tipo_permiso\index.php(38): CodeIgniter\Debug\Exceptions->errorHandler(2, 'Attempt to read property "nombre" on array', 'C:\\laragon\\www\\prueba\\SistemaControl\\app\\Views\\tipo_permiso\\index.php', 38)
 2 SYSTEMPATH\View\View.php(228): include('C:\\laragon\\www\\prueba\\SistemaControl\\app\\Views\\tipo_permiso\\index.php')
 3 SYSTEMPATH\View\View.php(231): CodeIgniter\View\View->CodeIgniter\View\{closure}()
 4 SYSTEMPATH\Common.php(1178): CodeIgniter\View\View->render('tipo_permiso/index', [], true)
 5 APPPATH\Controllers\TipoPermiso.php(18): view('tipo_permiso/index', [...])
 6 SYSTEMPATH\CodeIgniter.php(943): App\Controllers\TipoPermiso->index()
 7 SYSTEMPATH\CodeIgniter.php(503): CodeIgniter\CodeIgniter->runController(Object(App\Controllers\TipoPermiso))
 8 SYSTEMPATH\CodeIgniter.php(361): CodeIgniter\CodeIgniter->handleRequest(null, Object(Config\Cache), false)
 9 FCPATH\index.php(79): CodeIgniter\CodeIgniter->run()
CRITICAL - 2024-04-14 04:54:54 --> ErrorException: Attempt to read property "nombre" on array
in APPPATH\Views\tipo_permiso\index.php on line 38.
 1 APPPATH\Views\tipo_permiso\index.php(38): CodeIgniter\Debug\Exceptions->errorHandler(2, 'Attempt to read property "nombre" on array', 'C:\\laragon\\www\\prueba\\SistemaControl\\app\\Views\\tipo_permiso\\index.php', 38)
 2 SYSTEMPATH\View\View.php(228): include('C:\\laragon\\www\\prueba\\SistemaControl\\app\\Views\\tipo_permiso\\index.php')
 3 SYSTEMPATH\View\View.php(231): CodeIgniter\View\View->CodeIgniter\View\{closure}()
 4 SYSTEMPATH\Common.php(1178): CodeIgniter\View\View->render('tipo_permiso/index', [], true)
 5 APPPATH\Controllers\TipoPermiso.php(15): view('tipo_permiso/index', [...])
 6 SYSTEMPATH\CodeIgniter.php(943): App\Controllers\TipoPermiso->index()
 7 SYSTEMPATH\CodeIgniter.php(503): CodeIgniter\CodeIgniter->runController(Object(App\Controllers\TipoPermiso))
 8 SYSTEMPATH\CodeIgniter.php(361): CodeIgniter\CodeIgniter->handleRequest(null, Object(Config\Cache), false)
 9 FCPATH\index.php(79): CodeIgniter\CodeIgniter->run()
CRITICAL - 2024-04-14 04:58:52 --> ErrorException: Attempt to read property "idTipoPermiso" on array
in APPPATH\Views\tipo_permiso\index.php on line 42.
 1 APPPATH\Views\tipo_permiso\index.php(42): CodeIgniter\Debug\Exceptions->errorHandler(2, 'Attempt to read property "idTipoPermiso" on array', 'C:\\laragon\\www\\prueba\\SistemaControl\\app\\Views\\tipo_permiso\\index.php', 42)
 2 SYSTEMPATH\View\View.php(228): include('C:\\laragon\\www\\prueba\\SistemaControl\\app\\Views\\tipo_permiso\\index.php')
 3 SYSTEMPATH\View\View.php(231): CodeIgniter\View\View->CodeIgniter\View\{closure}()
 4 SYSTEMPATH\Common.php(1178): CodeIgniter\View\View->render('tipo_permiso/index', [], true)
 5 APPPATH\Controllers\TipoPermiso.php(18): view('tipo_permiso/index', [...])
 6 SYSTEMPATH\CodeIgniter.php(943): App\Controllers\TipoPermiso->index()
 7 SYSTEMPATH\CodeIgniter.php(503): CodeIgniter\CodeIgniter->runController(Object(App\Controllers\TipoPermiso))
 8 SYSTEMPATH\CodeIgniter.php(361): CodeIgniter\CodeIgniter->handleRequest(null, Object(Config\Cache), false)
 9 FCPATH\index.php(79): CodeIgniter\CodeIgniter->run()
CRITICAL - 2024-04-14 05:01:03 --> ErrorException: Attempt to read property "idTipoPermiso" on array
in APPPATH\Views\tipo_permiso\index.php on line 42.
 1 APPPATH\Views\tipo_permiso\index.php(42): CodeIgniter\Debug\Exceptions->errorHandler(2, 'Attempt to read property "idTipoPermiso" on array', 'C:\\laragon\\www\\prueba\\SistemaControl\\app\\Views\\tipo_permiso\\index.php', 42)
 2 SYSTEMPATH\View\View.php(228): include('C:\\laragon\\www\\prueba\\SistemaControl\\app\\Views\\tipo_permiso\\index.php')
 3 SYSTEMPATH\View\View.php(231): CodeIgniter\View\View->CodeIgniter\View\{closure}()
 4 SYSTEMPATH\Common.php(1178): CodeIgniter\View\View->render('tipo_permiso/index', [], true)
 5 APPPATH\Controllers\TipoPermiso.php(18): view('tipo_permiso/index', [...])
 6 SYSTEMPATH\CodeIgniter.php(943): App\Controllers\TipoPermiso->index()
 7 SYSTEMPATH\CodeIgniter.php(503): CodeIgniter\CodeIgniter->runController(Object(App\Controllers\TipoPermiso))
 8 SYSTEMPATH\CodeIgniter.php(361): CodeIgniter\CodeIgniter->handleRequest(null, Object(Config\Cache), false)
 9 FCPATH\index.php(79): CodeIgniter\CodeIgniter->run()
CRITICAL - 2024-04-14 05:02:36 --> ErrorException: Attempt to read property "idTipoPermiso" on array
in APPPATH\Views\tipo_permiso\index.php on line 42.
 1 APPPATH\Views\tipo_permiso\index.php(42): CodeIgniter\Debug\Exceptions->errorHandler(2, 'Attempt to read property "idTipoPermiso" on array', 'C:\\laragon\\www\\prueba\\SistemaControl\\app\\Views\\tipo_permiso\\index.php', 42)
 2 SYSTEMPATH\View\View.php(228): include('C:\\laragon\\www\\prueba\\SistemaControl\\app\\Views\\tipo_permiso\\index.php')
 3 SYSTEMPATH\View\View.php(231): CodeIgniter\View\View->CodeIgniter\View\{closure}()
 4 SYSTEMPATH\Common.php(1178): CodeIgniter\View\View->render('tipo_permiso/index', [], true)
 5 APPPATH\Controllers\TipoPermiso.php(18): view('tipo_permiso/index', [...])
 6 SYSTEMPATH\CodeIgniter.php(943): App\Controllers\TipoPermiso->index()
 7 SYSTEMPATH\CodeIgniter.php(503): CodeIgniter\CodeIgniter->runController(Object(App\Controllers\TipoPermiso))
 8 SYSTEMPATH\CodeIgniter.php(361): CodeIgniter\CodeIgniter->handleRequest(null, Object(Config\Cache), false)
 9 FCPATH\index.php(79): CodeIgniter\CodeIgniter->run()
CRITICAL - 2024-04-14 05:07:00 --> ErrorException: Attempt to read property "nombre" on array
in APPPATH\Views\tipo_permiso\index.php on line 38.
 1 APPPATH\Views\tipo_permiso\index.php(38): CodeIgniter\Debug\Exceptions->errorHandler(2, 'Attempt to read property "nombre" on array', 'C:\\laragon\\www\\prueba\\SistemaControl\\app\\Views\\tipo_permiso\\index.php', 38)
 2 SYSTEMPATH\View\View.php(228): include('C:\\laragon\\www\\prueba\\SistemaControl\\app\\Views\\tipo_permiso\\index.php')
 3 SYSTEMPATH\View\View.php(231): CodeIgniter\View\View->CodeIgniter\View\{closure}()
 4 SYSTEMPATH\Common.php(1178): CodeIgniter\View\View->render('tipo_permiso/index', [], true)
 5 APPPATH\Controllers\TipoPermiso.php(18): view('tipo_permiso/index', [...])
 6 SYSTEMPATH\CodeIgniter.php(943): App\Controllers\TipoPermiso->index()
 7 SYSTEMPATH\CodeIgniter.php(503): CodeIgniter\CodeIgniter->runController(Object(App\Controllers\TipoPermiso))
 8 SYSTEMPATH\CodeIgniter.php(361): CodeIgniter\CodeIgniter->handleRequest(null, Object(Config\Cache), false)
 9 FCPATH\index.php(79): CodeIgniter\CodeIgniter->run()
CRITICAL - 2024-04-14 05:11:05 --> ErrorException: Attempt to read property "cantidad_dias" on array
in APPPATH\Views\tipo_permiso\index.php on line 39.
 1 APPPATH\Views\tipo_permiso\index.php(39): CodeIgniter\Debug\Exceptions->errorHandler(2, 'Attempt to read property "cantidad_dias" on array', 'C:\\laragon\\www\\prueba\\SistemaControl\\app\\Views\\tipo_permiso\\index.php', 39)
 2 SYSTEMPATH\View\View.php(228): include('C:\\laragon\\www\\prueba\\SistemaControl\\app\\Views\\tipo_permiso\\index.php')
 3 SYSTEMPATH\View\View.php(231): CodeIgniter\View\View->CodeIgniter\View\{closure}()
 4 SYSTEMPATH\Common.php(1178): CodeIgniter\View\View->render('tipo_permiso/index', [], true)
 5 APPPATH\Controllers\TipoPermiso.php(18): view('tipo_permiso/index', [...])
 6 SYSTEMPATH\CodeIgniter.php(943): App\Controllers\TipoPermiso->index()
 7 SYSTEMPATH\CodeIgniter.php(503): CodeIgniter\CodeIgniter->runController(Object(App\Controllers\TipoPermiso))
 8 SYSTEMPATH\CodeIgniter.php(361): CodeIgniter\CodeIgniter->handleRequest(null, Object(Config\Cache), false)
 9 FCPATH\index.php(79): CodeIgniter\CodeIgniter->run()
CRITICAL - 2024-04-14 05:11:27 --> ErrorException: Attempt to read property "idTipoPermiso" on array
in APPPATH\Views\tipo_permiso\index.php on line 42.
 1 APPPATH\Views\tipo_permiso\index.php(42): CodeIgniter\Debug\Exceptions->errorHandler(2, 'Attempt to read property "idTipoPermiso" on array', 'C:\\laragon\\www\\prueba\\SistemaControl\\app\\Views\\tipo_permiso\\index.php', 42)
 2 SYSTEMPATH\View\View.php(228): include('C:\\laragon\\www\\prueba\\SistemaControl\\app\\Views\\tipo_permiso\\index.php')
 3 SYSTEMPATH\View\View.php(231): CodeIgniter\View\View->CodeIgniter\View\{closure}()
 4 SYSTEMPATH\Common.php(1178): CodeIgniter\View\View->render('tipo_permiso/index', [], true)
 5 APPPATH\Controllers\TipoPermiso.php(18): view('tipo_permiso/index', [...])
 6 SYSTEMPATH\CodeIgniter.php(943): App\Controllers\TipoPermiso->index()
 7 SYSTEMPATH\CodeIgniter.php(503): CodeIgniter\CodeIgniter->runController(Object(App\Controllers\TipoPermiso))
 8 SYSTEMPATH\CodeIgniter.php(361): CodeIgniter\CodeIgniter->handleRequest(null, Object(Config\Cache), false)
 9 FCPATH\index.php(79): CodeIgniter\CodeIgniter->run()
CRITICAL - 2024-04-14 05:16:19 --> ErrorException: Attempt to read property "nombre" on array
in APPPATH\Views\tipo_permiso\index.php on line 38.
 1 APPPATH\Views\tipo_permiso\index.php(38): CodeIgniter\Debug\Exceptions->errorHandler(2, 'Attempt to read property "nombre" on array', 'C:\\laragon\\www\\prueba\\SistemaControl\\app\\Views\\tipo_permiso\\index.php', 38)
 2 SYSTEMPATH\View\View.php(228): include('C:\\laragon\\www\\prueba\\SistemaControl\\app\\Views\\tipo_permiso\\index.php')
 3 SYSTEMPATH\View\View.php(231): CodeIgniter\View\View->CodeIgniter\View\{closure}()
 4 SYSTEMPATH\Common.php(1178): CodeIgniter\View\View->render('tipo_permiso/index', [], true)
 5 APPPATH\Controllers\TipoPermiso.php(18): view('tipo_permiso/index', [...])
 6 SYSTEMPATH\CodeIgniter.php(943): App\Controllers\TipoPermiso->index()
 7 SYSTEMPATH\CodeIgniter.php(503): CodeIgniter\CodeIgniter->runController(Object(App\Controllers\TipoPermiso))
 8 SYSTEMPATH\CodeIgniter.php(361): CodeIgniter\CodeIgniter->handleRequest(null, Object(Config\Cache), false)
 9 FCPATH\index.php(79): CodeIgniter\CodeIgniter->run()
CRITICAL - 2024-04-14 05:16:48 --> ErrorException: Attempt to read property "nombre" on array
in APPPATH\Views\tipo_permiso\index.php on line 38.
 1 APPPATH\Views\tipo_permiso\index.php(38): CodeIgniter\Debug\Exceptions->errorHandler(2, 'Attempt to read property "nombre" on array', 'C:\\laragon\\www\\prueba\\SistemaControl\\app\\Views\\tipo_permiso\\index.php', 38)
 2 SYSTEMPATH\View\View.php(228): include('C:\\laragon\\www\\prueba\\SistemaControl\\app\\Views\\tipo_permiso\\index.php')
 3 SYSTEMPATH\View\View.php(231): CodeIgniter\View\View->CodeIgniter\View\{closure}()
 4 SYSTEMPATH\Common.php(1178): CodeIgniter\View\View->render('tipo_permiso/index', [], true)
 5 APPPATH\Controllers\TipoPermiso.php(18): view('tipo_permiso/index', [...])
 6 SYSTEMPATH\CodeIgniter.php(943): App\Controllers\TipoPermiso->index()
 7 SYSTEMPATH\CodeIgniter.php(503): CodeIgniter\CodeIgniter->runController(Object(App\Controllers\TipoPermiso))
 8 SYSTEMPATH\CodeIgniter.php(361): CodeIgniter\CodeIgniter->handleRequest(null, Object(Config\Cache), false)
 9 FCPATH\index.php(79): CodeIgniter\CodeIgniter->run()
CRITICAL - 2024-04-14 05:17:03 --> ErrorException: Attempt to read property "nombre" on array
in APPPATH\Views\tipo_permiso\index.php on line 38.
 1 APPPATH\Views\tipo_permiso\index.php(38): CodeIgniter\Debug\Exceptions->errorHandler(2, 'Attempt to read property "nombre" on array', 'C:\\laragon\\www\\prueba\\SistemaControl\\app\\Views\\tipo_permiso\\index.php', 38)
 2 SYSTEMPATH\View\View.php(228): include('C:\\laragon\\www\\prueba\\SistemaControl\\app\\Views\\tipo_permiso\\index.php')
 3 SYSTEMPATH\View\View.php(231): CodeIgniter\View\View->CodeIgniter\View\{closure}()
 4 SYSTEMPATH\Common.php(1178): CodeIgniter\View\View->render('tipo_permiso/index', [], true)
 5 APPPATH\Controllers\TipoPermiso.php(18): view('tipo_permiso/index', [...])
 6 SYSTEMPATH\CodeIgniter.php(943): App\Controllers\TipoPermiso->index()
 7 SYSTEMPATH\CodeIgniter.php(503): CodeIgniter\CodeIgniter->runController(Object(App\Controllers\TipoPermiso))
 8 SYSTEMPATH\CodeIgniter.php(361): CodeIgniter\CodeIgniter->handleRequest(null, Object(Config\Cache), false)
 9 FCPATH\index.php(79): CodeIgniter\CodeIgniter->run()
CRITICAL - 2024-04-14 05:21:22 --> ErrorException: Undefined variable $tipos_permisos
in APPPATH\Views\tipo_permiso\index.php on line 36.
 1 APPPATH\Views\tipo_permiso\index.php(36): CodeIgniter\Debug\Exceptions->errorHandler(2, 'Undefined variable $tipos_permisos', 'C:\\laragon\\www\\prueba\\SistemaControl\\app\\Views\\tipo_permiso\\index.php', 36)
 2 SYSTEMPATH\View\View.php(228): include('C:\\laragon\\www\\prueba\\SistemaControl\\app\\Views\\tipo_permiso\\index.php')
 3 SYSTEMPATH\View\View.php(231): CodeIgniter\View\View->CodeIgniter\View\{closure}()
 4 SYSTEMPATH\Common.php(1178): CodeIgniter\View\View->render('tipo_permiso/index', [], true)
 5 APPPATH\Controllers\TipoPermiso.php(18): view('tipo_permiso/index', [...])
 6 SYSTEMPATH\CodeIgniter.php(943): App\Controllers\TipoPermiso->index()
 7 SYSTEMPATH\CodeIgniter.php(503): CodeIgniter\CodeIgniter->runController(Object(App\Controllers\TipoPermiso))
 8 SYSTEMPATH\CodeIgniter.php(361): CodeIgniter\CodeIgniter->handleRequest(null, Object(Config\Cache), false)
 9 FCPATH\index.php(79): CodeIgniter\CodeIgniter->run()
CRITICAL - 2024-04-14 05:22:09 --> ErrorException: Attempt to read property "nombre" on array
in APPPATH\Views\tipo_permiso\index.php on line 38.
 1 APPPATH\Views\tipo_permiso\index.php(38): CodeIgniter\Debug\Exceptions->errorHandler(2, 'Attempt to read property "nombre" on array', 'C:\\laragon\\www\\prueba\\SistemaControl\\app\\Views\\tipo_permiso\\index.php', 38)
 2 SYSTEMPATH\View\View.php(228): include('C:\\laragon\\www\\prueba\\SistemaControl\\app\\Views\\tipo_permiso\\index.php')
 3 SYSTEMPATH\View\View.php(231): CodeIgniter\View\View->CodeIgniter\View\{closure}()
 4 SYSTEMPATH\Common.php(1178): CodeIgniter\View\View->render('tipo_permiso/index', [], true)
 5 APPPATH\Controllers\TipoPermiso.php(18): view('tipo_permiso/index', [...])
 6 SYSTEMPATH\CodeIgniter.php(943): App\Controllers\TipoPermiso->index()
 7 SYSTEMPATH\CodeIgniter.php(503): CodeIgniter\CodeIgniter->runController(Object(App\Controllers\TipoPermiso))
 8 SYSTEMPATH\CodeIgniter.php(361): CodeIgniter\CodeIgniter->handleRequest(null, Object(Config\Cache), false)
 9 FCPATH\index.php(79): CodeIgniter\CodeIgniter->run()
CRITICAL - 2024-04-14 05:26:38 --> ErrorException: Attempt to read property "nombre" on array
in APPPATH\Views\tipo_permiso\index.php on line 38.
 1 APPPATH\Views\tipo_permiso\index.php(38): CodeIgniter\Debug\Exceptions->errorHandler(2, 'Attempt to read property "nombre" on array', 'C:\\laragon\\www\\prueba\\SistemaControl\\app\\Views\\tipo_permiso\\index.php', 38)
 2 SYSTEMPATH\View\View.php(228): include('C:\\laragon\\www\\prueba\\SistemaControl\\app\\Views\\tipo_permiso\\index.php')
 3 SYSTEMPATH\View\View.php(231): CodeIgniter\View\View->CodeIgniter\View\{closure}()
 4 SYSTEMPATH\Common.php(1178): CodeIgniter\View\View->render('tipo_permiso/index', [], true)
 5 APPPATH\Controllers\TipoPermiso.php(18): view('tipo_permiso/index', [...])
 6 SYSTEMPATH\CodeIgniter.php(943): App\Controllers\TipoPermiso->index()
 7 SYSTEMPATH\CodeIgniter.php(503): CodeIgniter\CodeIgniter->runController(Object(App\Controllers\TipoPermiso))
 8 SYSTEMPATH\CodeIgniter.php(361): CodeIgniter\CodeIgniter->handleRequest(null, Object(Config\Cache), false)
 9 FCPATH\index.php(79): CodeIgniter\CodeIgniter->run()
CRITICAL - 2024-04-14 05:29:48 --> ErrorException: Attempt to read property "nombre" on array
in APPPATH\Views\tipo_permiso\index.php on line 38.
 1 APPPATH\Views\tipo_permiso\index.php(38): CodeIgniter\Debug\Exceptions->errorHandler(2, 'Attempt to read property "nombre" on array', 'C:\\laragon\\www\\prueba\\SistemaControl\\app\\Views\\tipo_permiso\\index.php', 38)
 2 SYSTEMPATH\View\View.php(228): include('C:\\laragon\\www\\prueba\\SistemaControl\\app\\Views\\tipo_permiso\\index.php')
 3 SYSTEMPATH\View\View.php(231): CodeIgniter\View\View->CodeIgniter\View\{closure}()
 4 SYSTEMPATH\Common.php(1178): CodeIgniter\View\View->render('tipo_permiso/index', [], true)
 5 APPPATH\Controllers\TipoPermiso.php(18): view('tipo_permiso/index', [...])
 6 SYSTEMPATH\CodeIgniter.php(943): App\Controllers\TipoPermiso->index()
 7 SYSTEMPATH\CodeIgniter.php(503): CodeIgniter\CodeIgniter->runController(Object(App\Controllers\TipoPermiso))
 8 SYSTEMPATH\CodeIgniter.php(361): CodeIgniter\CodeIgniter->handleRequest(null, Object(Config\Cache), false)
 9 FCPATH\index.php(79): CodeIgniter\CodeIgniter->run()
CRITICAL - 2024-04-14 05:35:57 --> ErrorException: Attempt to read property "nombre" on array
in APPPATH\Views\tipo_permiso\index.php on line 38.
 1 APPPATH\Views\tipo_permiso\index.php(38): CodeIgniter\Debug\Exceptions->errorHandler(2, 'Attempt to read property "nombre" on array', 'C:\\laragon\\www\\prueba\\SistemaControl\\app\\Views\\tipo_permiso\\index.php', 38)
 2 SYSTEMPATH\View\View.php(228): include('C:\\laragon\\www\\prueba\\SistemaControl\\app\\Views\\tipo_permiso\\index.php')
 3 SYSTEMPATH\View\View.php(231): CodeIgniter\View\View->CodeIgniter\View\{closure}()
 4 SYSTEMPATH\Common.php(1178): CodeIgniter\View\View->render('tipo_permiso/index', [], true)
 5 APPPATH\Controllers\TipoPermiso.php(18): view('tipo_permiso/index', [...])
 6 SYSTEMPATH\CodeIgniter.php(943): App\Controllers\TipoPermiso->index()
 7 SYSTEMPATH\CodeIgniter.php(503): CodeIgniter\CodeIgniter->runController(Object(App\Controllers\TipoPermiso))
 8 SYSTEMPATH\CodeIgniter.php(361): CodeIgniter\CodeIgniter->handleRequest(null, Object(Config\Cache), false)
 9 FCPATH\index.php(79): CodeIgniter\CodeIgniter->run()
CRITICAL - 2024-04-14 05:40:15 --> ErrorException: Attempt to read property "nombre" on array
in APPPATH\Views\tipo_permiso\index.php on line 38.
 1 APPPATH\Views\tipo_permiso\index.php(38): CodeIgniter\Debug\Exceptions->errorHandler(2, 'Attempt to read property "nombre" on array', 'C:\\laragon\\www\\prueba\\SistemaControl\\app\\Views\\tipo_permiso\\index.php', 38)
 2 SYSTEMPATH\View\View.php(228): include('C:\\laragon\\www\\prueba\\SistemaControl\\app\\Views\\tipo_permiso\\index.php')
 3 SYSTEMPATH\View\View.php(231): CodeIgniter\View\View->CodeIgniter\View\{closure}()
 4 SYSTEMPATH\Common.php(1178): CodeIgniter\View\View->render('tipo_permiso/index', [], true)
 5 APPPATH\Controllers\TipoPermiso.php(18): view('tipo_permiso/index', [...])
 6 SYSTEMPATH\CodeIgniter.php(943): App\Controllers\TipoPermiso->index()
 7 SYSTEMPATH\CodeIgniter.php(503): CodeIgniter\CodeIgniter->runController(Object(App\Controllers\TipoPermiso))
 8 SYSTEMPATH\CodeIgniter.php(361): CodeIgniter\CodeIgniter->handleRequest(null, Object(Config\Cache), false)
 9 FCPATH\index.php(79): CodeIgniter\CodeIgniter->run()
CRITICAL - 2024-04-14 05:44:57 --> ErrorException: Attempt to read property "nombre" on array
in APPPATH\Views\tipo_permiso\index.php on line 38.
 1 APPPATH\Views\tipo_permiso\index.php(38): CodeIgniter\Debug\Exceptions->errorHandler(2, 'Attempt to read property "nombre" on array', 'C:\\laragon\\www\\prueba\\SistemaControl\\app\\Views\\tipo_permiso\\index.php', 38)
 2 SYSTEMPATH\View\View.php(228): include('C:\\laragon\\www\\prueba\\SistemaControl\\app\\Views\\tipo_permiso\\index.php')
 3 SYSTEMPATH\View\View.php(231): CodeIgniter\View\View->CodeIgniter\View\{closure}()
 4 SYSTEMPATH\Common.php(1178): CodeIgniter\View\View->render('tipo_permiso/index', [], true)
 5 APPPATH\Controllers\TipoPermiso.php(18): view('tipo_permiso/index', [...])
 6 SYSTEMPATH\CodeIgniter.php(943): App\Controllers\TipoPermiso->index()
 7 SYSTEMPATH\CodeIgniter.php(503): CodeIgniter\CodeIgniter->runController(Object(App\Controllers\TipoPermiso))
 8 SYSTEMPATH\CodeIgniter.php(361): CodeIgniter\CodeIgniter->handleRequest(null, Object(Config\Cache), false)
 9 FCPATH\index.php(79): CodeIgniter\CodeIgniter->run()
CRITICAL - 2024-04-14 05:48:28 --> ErrorException: Attempt to read property "nombre" on array
in APPPATH\Views\tipo_permiso\index.php on line 38.
 1 APPPATH\Views\tipo_permiso\index.php(38): CodeIgniter\Debug\Exceptions->errorHandler(2, 'Attempt to read property "nombre" on array', 'C:\\laragon\\www\\prueba\\SistemaControl\\app\\Views\\tipo_permiso\\index.php', 38)
 2 SYSTEMPATH\View\View.php(228): include('C:\\laragon\\www\\prueba\\SistemaControl\\app\\Views\\tipo_permiso\\index.php')
 3 SYSTEMPATH\View\View.php(231): CodeIgniter\View\View->CodeIgniter\View\{closure}()
 4 SYSTEMPATH\Common.php(1178): CodeIgniter\View\View->render('tipo_permiso/index', [], true)
 5 APPPATH\Controllers\TipoPermiso.php(27): view('tipo_permiso/index', [...])
 6 SYSTEMPATH\CodeIgniter.php(943): App\Controllers\TipoPermiso->index()
 7 SYSTEMPATH\CodeIgniter.php(503): CodeIgniter\CodeIgniter->runController(Object(App\Controllers\TipoPermiso))
 8 SYSTEMPATH\CodeIgniter.php(361): CodeIgniter\CodeIgniter->handleRequest(null, Object(Config\Cache), false)
 9 FCPATH\index.php(79): CodeIgniter\CodeIgniter->run()
CRITICAL - 2024-04-14 05:49:47 --> ErrorException: Attempt to read property "nombre" on array
in APPPATH\Views\tipo_permiso\index.php on line 38.
 1 APPPATH\Views\tipo_permiso\index.php(38): CodeIgniter\Debug\Exceptions->errorHandler(2, 'Attempt to read property "nombre" on array', 'C:\\laragon\\www\\prueba\\SistemaControl\\app\\Views\\tipo_permiso\\index.php', 38)
 2 SYSTEMPATH\View\View.php(228): include('C:\\laragon\\www\\prueba\\SistemaControl\\app\\Views\\tipo_permiso\\index.php')
 3 SYSTEMPATH\View\View.php(231): CodeIgniter\View\View->CodeIgniter\View\{closure}()
 4 SYSTEMPATH\Common.php(1178): CodeIgniter\View\View->render('tipo_permiso/index', [], true)
 5 APPPATH\Controllers\TipoPermiso.php(15): view('tipo_permiso/index', [...])
 6 SYSTEMPATH\CodeIgniter.php(943): App\Controllers\TipoPermiso->index()
 7 SYSTEMPATH\CodeIgniter.php(503): CodeIgniter\CodeIgniter->runController(Object(App\Controllers\TipoPermiso))
 8 SYSTEMPATH\CodeIgniter.php(361): CodeIgniter\CodeIgniter->handleRequest(null, Object(Config\Cache), false)
 9 FCPATH\index.php(79): CodeIgniter\CodeIgniter->run()
CRITICAL - 2024-04-14 05:50:22 --> ErrorException: Attempt to read property "nombre" on array
in APPPATH\Views\tipo_permiso\index.php on line 38.
 1 APPPATH\Views\tipo_permiso\index.php(38): CodeIgniter\Debug\Exceptions->errorHandler(2, 'Attempt to read property "nombre" on array', 'C:\\laragon\\www\\prueba\\SistemaControl\\app\\Views\\tipo_permiso\\index.php', 38)
 2 SYSTEMPATH\View\View.php(228): include('C:\\laragon\\www\\prueba\\SistemaControl\\app\\Views\\tipo_permiso\\index.php')
 3 SYSTEMPATH\View\View.php(231): CodeIgniter\View\View->CodeIgniter\View\{closure}()
 4 SYSTEMPATH\Common.php(1178): CodeIgniter\View\View->render('tipo_permiso/index', [], true)
 5 APPPATH\Controllers\TipoPermiso.php(15): view('tipo_permiso/index', [...])
 6 SYSTEMPATH\CodeIgniter.php(943): App\Controllers\TipoPermiso->index()
 7 SYSTEMPATH\CodeIgniter.php(503): CodeIgniter\CodeIgniter->runController(Object(App\Controllers\TipoPermiso))
 8 SYSTEMPATH\CodeIgniter.php(361): CodeIgniter\CodeIgniter->handleRequest(null, Object(Config\Cache), false)
 9 FCPATH\index.php(79): CodeIgniter\CodeIgniter->run()
CRITICAL - 2024-04-14 05:51:14 --> ErrorException: Attempt to read property "nombre" on array
in APPPATH\Views\tipo_permiso\index.php on line 38.
 1 APPPATH\Views\tipo_permiso\index.php(38): CodeIgniter\Debug\Exceptions->errorHandler(2, 'Attempt to read property "nombre" on array', 'C:\\laragon\\www\\prueba\\SistemaControl\\app\\Views\\tipo_permiso\\index.php', 38)
 2 SYSTEMPATH\View\View.php(228): include('C:\\laragon\\www\\prueba\\SistemaControl\\app\\Views\\tipo_permiso\\index.php')
 3 SYSTEMPATH\View\View.php(231): CodeIgniter\View\View->CodeIgniter\View\{closure}()
 4 SYSTEMPATH\Common.php(1178): CodeIgniter\View\View->render('tipo_permiso/index', [], true)
 5 APPPATH\Controllers\TipoPermiso.php(15): view('tipo_permiso/index', [...])
 6 SYSTEMPATH\CodeIgniter.php(943): App\Controllers\TipoPermiso->index()
 7 SYSTEMPATH\CodeIgniter.php(503): CodeIgniter\CodeIgniter->runController(Object(App\Controllers\TipoPermiso))
 8 SYSTEMPATH\CodeIgniter.php(361): CodeIgniter\CodeIgniter->handleRequest(null, Object(Config\Cache), false)
 9 FCPATH\index.php(79): CodeIgniter\CodeIgniter->run()
CRITICAL - 2024-04-14 05:51:49 --> ErrorException: Attempt to read property "nombre" on array
in APPPATH\Views\tipo_permiso\index.php on line 38.
 1 APPPATH\Views\tipo_permiso\index.php(38): CodeIgniter\Debug\Exceptions->errorHandler(2, 'Attempt to read property "nombre" on array', 'C:\\laragon\\www\\prueba\\SistemaControl\\app\\Views\\tipo_permiso\\index.php', 38)
 2 SYSTEMPATH\View\View.php(228): include('C:\\laragon\\www\\prueba\\SistemaControl\\app\\Views\\tipo_permiso\\index.php')
 3 SYSTEMPATH\View\View.php(231): CodeIgniter\View\View->CodeIgniter\View\{closure}()
 4 SYSTEMPATH\Common.php(1178): CodeIgniter\View\View->render('tipo_permiso/index', [], true)
 5 APPPATH\Controllers\TipoPermiso.php(15): view('tipo_permiso/index', [...])
 6 SYSTEMPATH\CodeIgniter.php(943): App\Controllers\TipoPermiso->index()
 7 SYSTEMPATH\CodeIgniter.php(503): CodeIgniter\CodeIgniter->runController(Object(App\Controllers\TipoPermiso))
 8 SYSTEMPATH\CodeIgniter.php(361): CodeIgniter\CodeIgniter->handleRequest(null, Object(Config\Cache), false)
 9 FCPATH\index.php(79): CodeIgniter\CodeIgniter->run()
CRITICAL - 2024-04-14 05:52:19 --> ErrorException: Attempt to read property "nombre" on array
in APPPATH\Views\tipo_permiso\index.php on line 38.
 1 APPPATH\Views\tipo_permiso\index.php(38): CodeIgniter\Debug\Exceptions->errorHandler(2, 'Attempt to read property "nombre" on array', 'C:\\laragon\\www\\prueba\\SistemaControl\\app\\Views\\tipo_permiso\\index.php', 38)
 2 SYSTEMPATH\View\View.php(228): include('C:\\laragon\\www\\prueba\\SistemaControl\\app\\Views\\tipo_permiso\\index.php')
 3 SYSTEMPATH\View\View.php(231): CodeIgniter\View\View->CodeIgniter\View\{closure}()
 4 SYSTEMPATH\Common.php(1178): CodeIgniter\View\View->render('tipo_permiso/index', [], true)
 5 APPPATH\Controllers\TipoPermiso.php(15): view('tipo_permiso/index', [...])
 6 SYSTEMPATH\CodeIgniter.php(943): App\Controllers\TipoPermiso->index()
 7 SYSTEMPATH\CodeIgniter.php(503): CodeIgniter\CodeIgniter->runController(Object(App\Controllers\TipoPermiso))
 8 SYSTEMPATH\CodeIgniter.php(361): CodeIgniter\CodeIgniter->handleRequest(null, Object(Config\Cache), false)
 9 FCPATH\index.php(79): CodeIgniter\CodeIgniter->run()
CRITICAL - 2024-04-14 05:52:32 --> ErrorException: Attempt to read property "nombre" on array
in APPPATH\Views\tipo_permiso\index.php on line 38.
 1 APPPATH\Views\tipo_permiso\index.php(38): CodeIgniter\Debug\Exceptions->errorHandler(2, 'Attempt to read property "nombre" on array', 'C:\\laragon\\www\\prueba\\SistemaControl\\app\\Views\\tipo_permiso\\index.php', 38)
 2 SYSTEMPATH\View\View.php(228): include('C:\\laragon\\www\\prueba\\SistemaControl\\app\\Views\\tipo_permiso\\index.php')
 3 SYSTEMPATH\View\View.php(231): CodeIgniter\View\View->CodeIgniter\View\{closure}()
 4 SYSTEMPATH\Common.php(1178): CodeIgniter\View\View->render('tipo_permiso/index', [], true)
 5 APPPATH\Controllers\TipoPermiso.php(15): view('tipo_permiso/index', [...])
 6 SYSTEMPATH\CodeIgniter.php(943): App\Controllers\TipoPermiso->index()
 7 SYSTEMPATH\CodeIgniter.php(503): CodeIgniter\CodeIgniter->runController(Object(App\Controllers\TipoPermiso))
 8 SYSTEMPATH\CodeIgniter.php(361): CodeIgniter\CodeIgniter->handleRequest(null, Object(Config\Cache), false)
 9 FCPATH\index.php(79): CodeIgniter\CodeIgniter->run()
CRITICAL - 2024-04-14 05:53:41 --> ErrorException: Attempt to read property "nombre" on array
in APPPATH\Views\tipo_permiso\index.php on line 38.
 1 APPPATH\Views\tipo_permiso\index.php(38): CodeIgniter\Debug\Exceptions->errorHandler(2, 'Attempt to read property "nombre" on array', 'C:\\laragon\\www\\prueba\\SistemaControl\\app\\Views\\tipo_permiso\\index.php', 38)
 2 SYSTEMPATH\View\View.php(228): include('C:\\laragon\\www\\prueba\\SistemaControl\\app\\Views\\tipo_permiso\\index.php')
 3 SYSTEMPATH\View\View.php(231): CodeIgniter\View\View->CodeIgniter\View\{closure}()
 4 SYSTEMPATH\Common.php(1178): CodeIgniter\View\View->render('tipo_permiso/index', [], true)
 5 APPPATH\Controllers\TipoPermiso.php(15): view('tipo_permiso/index', [...])
 6 SYSTEMPATH\CodeIgniter.php(943): App\Controllers\TipoPermiso->index()
 7 SYSTEMPATH\CodeIgniter.php(503): CodeIgniter\CodeIgniter->runController(Object(App\Controllers\TipoPermiso))
 8 SYSTEMPATH\CodeIgniter.php(361): CodeIgniter\CodeIgniter->handleRequest(null, Object(Config\Cache), false)
 9 FCPATH\index.php(79): CodeIgniter\CodeIgniter->run()
CRITICAL - 2024-04-14 05:55:38 --> ErrorException: Attempt to read property "nombre" on array
in APPPATH\Views\tipo_permiso\index.php on line 38.
 1 APPPATH\Views\tipo_permiso\index.php(38): CodeIgniter\Debug\Exceptions->errorHandler(2, 'Attempt to read property "nombre" on array', 'C:\\laragon\\www\\prueba\\SistemaControl\\app\\Views\\tipo_permiso\\index.php', 38)
 2 SYSTEMPATH\View\View.php(228): include('C:\\laragon\\www\\prueba\\SistemaControl\\app\\Views\\tipo_permiso\\index.php')
 3 SYSTEMPATH\View\View.php(231): CodeIgniter\View\View->CodeIgniter\View\{closure}()
 4 SYSTEMPATH\Common.php(1178): CodeIgniter\View\View->render('tipo_permiso/index', [], true)
 5 APPPATH\Controllers\TipoPermiso.php(15): view('tipo_permiso/index', [...])
 6 SYSTEMPATH\CodeIgniter.php(943): App\Controllers\TipoPermiso->index()
 7 SYSTEMPATH\CodeIgniter.php(503): CodeIgniter\CodeIgniter->runController(Object(App\Controllers\TipoPermiso))
 8 SYSTEMPATH\CodeIgniter.php(361): CodeIgniter\CodeIgniter->handleRequest(null, Object(Config\Cache), false)
 9 FCPATH\index.php(79): CodeIgniter\CodeIgniter->run()
CRITICAL - 2024-04-14 05:59:37 --> ErrorException: Attempt to read property "nombre" on array
in APPPATH\Views\tipo_permiso\index.php on line 38.
 1 APPPATH\Views\tipo_permiso\index.php(38): CodeIgniter\Debug\Exceptions->errorHandler(2, 'Attempt to read property "nombre" on array', 'C:\\laragon\\www\\prueba\\SistemaControl\\app\\Views\\tipo_permiso\\index.php', 38)
 2 SYSTEMPATH\View\View.php(228): include('C:\\laragon\\www\\prueba\\SistemaControl\\app\\Views\\tipo_permiso\\index.php')
 3 SYSTEMPATH\View\View.php(231): CodeIgniter\View\View->CodeIgniter\View\{closure}()
 4 SYSTEMPATH\Common.php(1178): CodeIgniter\View\View->render('tipo_permiso/index', [], true)
 5 APPPATH\Controllers\TipoPermiso.php(15): view('tipo_permiso/index', [...])
 6 SYSTEMPATH\CodeIgniter.php(943): App\Controllers\TipoPermiso->index()
 7 SYSTEMPATH\CodeIgniter.php(503): CodeIgniter\CodeIgniter->runController(Object(App\Controllers\TipoPermiso))
 8 SYSTEMPATH\CodeIgniter.php(361): CodeIgniter\CodeIgniter->handleRequest(null, Object(Config\Cache), false)
 9 FCPATH\index.php(79): CodeIgniter\CodeIgniter->run()
CRITICAL - 2024-04-14 06:01:31 --> ErrorException: Attempt to read property "idTipoPermiso" on array
in APPPATH\Views\tipo_permiso\index.php on line 42.
 1 APPPATH\Views\tipo_permiso\index.php(42): CodeIgniter\Debug\Exceptions->errorHandler(2, 'Attempt to read property "idTipoPermiso" on array', 'C:\\laragon\\www\\prueba\\SistemaControl\\app\\Views\\tipo_permiso\\index.php', 42)
 2 SYSTEMPATH\View\View.php(228): include('C:\\laragon\\www\\prueba\\SistemaControl\\app\\Views\\tipo_permiso\\index.php')
 3 SYSTEMPATH\View\View.php(231): CodeIgniter\View\View->CodeIgniter\View\{closure}()
 4 SYSTEMPATH\Common.php(1178): CodeIgniter\View\View->render('tipo_permiso/index', [], true)
 5 APPPATH\Controllers\TipoPermiso.php(15): view('tipo_permiso/index', [...])
 6 SYSTEMPATH\CodeIgniter.php(943): App\Controllers\TipoPermiso->index()
 7 SYSTEMPATH\CodeIgniter.php(503): CodeIgniter\CodeIgniter->runController(Object(App\Controllers\TipoPermiso))
 8 SYSTEMPATH\CodeIgniter.php(361): CodeIgniter\CodeIgniter->handleRequest(null, Object(Config\Cache), false)
 9 FCPATH\index.php(79): CodeIgniter\CodeIgniter->run()
CRITICAL - 2024-04-14 06:05:27 --> ErrorException: Attempt to read property "nombre" on array
in APPPATH\Views\tipo_permiso\index.php on line 38.
 1 APPPATH\Views\tipo_permiso\index.php(38): CodeIgniter\Debug\Exceptions->errorHandler(2, 'Attempt to read property "nombre" on array', 'C:\\laragon\\www\\prueba\\SistemaControl\\app\\Views\\tipo_permiso\\index.php', 38)
 2 SYSTEMPATH\View\View.php(228): include('C:\\laragon\\www\\prueba\\SistemaControl\\app\\Views\\tipo_permiso\\index.php')
 3 SYSTEMPATH\View\View.php(231): CodeIgniter\View\View->CodeIgniter\View\{closure}()
 4 SYSTEMPATH\Common.php(1178): CodeIgniter\View\View->render('tipo_permiso/index', [], true)
 5 APPPATH\Controllers\TipoPermiso.php(15): view('tipo_permiso/index', [...])
 6 SYSTEMPATH\CodeIgniter.php(943): App\Controllers\TipoPermiso->index()
 7 SYSTEMPATH\CodeIgniter.php(503): CodeIgniter\CodeIgniter->runController(Object(App\Controllers\TipoPermiso))
 8 SYSTEMPATH\CodeIgniter.php(361): CodeIgniter\CodeIgniter->handleRequest(null, Object(Config\Cache), false)
 9 FCPATH\index.php(79): CodeIgniter\CodeIgniter->run()
CRITICAL - 2024-04-14 06:14:25 --> ErrorException: Attempt to read property "nombre" on array
in APPPATH\Views\tipo_permiso\index.php on line 38.
 1 APPPATH\Views\tipo_permiso\index.php(38): CodeIgniter\Debug\Exceptions->errorHandler(2, 'Attempt to read property "nombre" on array', 'C:\\laragon\\www\\prueba\\SistemaControl\\app\\Views\\tipo_permiso\\index.php', 38)
 2 SYSTEMPATH\View\View.php(228): include('C:\\laragon\\www\\prueba\\SistemaControl\\app\\Views\\tipo_permiso\\index.php')
 3 SYSTEMPATH\View\View.php(231): CodeIgniter\View\View->CodeIgniter\View\{closure}()
 4 SYSTEMPATH\Common.php(1178): CodeIgniter\View\View->render('tipo_permiso/index', [], true)
 5 APPPATH\Controllers\TipoPermiso.php(15): view('tipo_permiso/index', [...])
 6 SYSTEMPATH\CodeIgniter.php(943): App\Controllers\TipoPermiso->index()
 7 SYSTEMPATH\CodeIgniter.php(503): CodeIgniter\CodeIgniter->runController(Object(App\Controllers\TipoPermiso))
 8 SYSTEMPATH\CodeIgniter.php(361): CodeIgniter\CodeIgniter->handleRequest(null, Object(Config\Cache), false)
 9 FCPATH\index.php(79): CodeIgniter\CodeIgniter->run()
