CRITICAL - 2024-06-29 17:06:03 --> ErrorException: Undefined variable $userId
in APPPATH\Views\includes\navbar\_header.php on line 31.
 1 APPPATH\Views\includes\navbar\_header.php(31): CodeIgniter\Debug\Exceptions->errorHandler(2, 'Undefined variable $userId', 'C:\\laragon\\www\\prueba\\SistemaControl\\app\\Views\\includes\\navbar\\_header.php', 31)
 2 SYSTEMPATH\View\View.php(228): include('C:\\laragon\\www\\prueba\\SistemaControl\\app\\Views\\includes\\navbar\\_header.php')
 3 SYSTEMPATH\View\View.php(231): CodeIgniter\View\View->CodeIgniter\View\{closure}()
 4 SYSTEMPATH\View\View.php(469): CodeIgniter\View\View->render('includes/navbar/_header', null, true)
 5 APPPATH\Views\layouts\default.php(34): CodeIgniter\View\View->include('includes/navbar/_header')
 6 SYSTEMPATH\View\View.php(228): include('C:\\laragon\\www\\prueba\\SistemaControl\\app\\Views\\layouts\\default.php')
 7 SYSTEMPATH\View\View.php(231): CodeIgniter\View\View->CodeIgniter\View\{closure}()
 8 SYSTEMPATH\View\View.php(244): CodeIgniter\View\View->render('layouts/default', [], true)
 9 SYSTEMPATH\Common.php(1178): CodeIgniter\View\View->render('usuario/edit', [], true)
10 APPPATH\Controllers\Usuario.php(111): view('usuario/edit', [...])
11 SYSTEMPATH\CodeIgniter.php(943): App\Controllers\Usuario->edit('3')
12 SYSTEMPATH\CodeIgniter.php(503): CodeIgniter\CodeIgniter->runController(Object(App\Controllers\Usuario))
13 SYSTEMPATH\CodeIgniter.php(361): CodeIgniter\CodeIgniter->handleRequest(null, Object(Config\Cache), false)
14 FCPATH\index.php(79): CodeIgniter\CodeIgniter->run()
CRITICAL - 2024-06-29 17:06:08 --> ErrorException: Undefined variable $userId
in APPPATH\Views\includes\navbar\_header.php on line 31.
 1 APPPATH\Views\includes\navbar\_header.php(31): CodeIgniter\Debug\Exceptions->errorHandler(2, 'Undefined variable $userId', 'C:\\laragon\\www\\prueba\\SistemaControl\\app\\Views\\includes\\navbar\\_header.php', 31)
 2 SYSTEMPATH\View\View.php(228): include('C:\\laragon\\www\\prueba\\SistemaControl\\app\\Views\\includes\\navbar\\_header.php')
 3 SYSTEMPATH\View\View.php(231): CodeIgniter\View\View->CodeIgniter\View\{closure}()
 4 SYSTEMPATH\View\View.php(469): CodeIgniter\View\View->render('includes/navbar/_header', null, true)
 5 APPPATH\Views\layouts\default.php(34): CodeIgniter\View\View->include('includes/navbar/_header')
 6 SYSTEMPATH\View\View.php(228): include('C:\\laragon\\www\\prueba\\SistemaControl\\app\\Views\\layouts\\default.php')
 7 SYSTEMPATH\View\View.php(231): CodeIgniter\View\View->CodeIgniter\View\{closure}()
 8 SYSTEMPATH\View\View.php(244): CodeIgniter\View\View->render('layouts/default', [], true)
 9 SYSTEMPATH\Common.php(1178): CodeIgniter\View\View->render('usuario/index', [], true)
10 APPPATH\Controllers\Usuario.php(26): view('usuario/index', [...])
11 SYSTEMPATH\CodeIgniter.php(943): App\Controllers\Usuario->index()
12 SYSTEMPATH\CodeIgniter.php(503): CodeIgniter\CodeIgniter->runController(Object(App\Controllers\Usuario))
13 SYSTEMPATH\CodeIgniter.php(361): CodeIgniter\CodeIgniter->handleRequest(null, Object(Config\Cache), false)
14 FCPATH\index.php(79): CodeIgniter\CodeIgniter->run()
CRITICAL - 2024-06-29 17:06:14 --> ErrorException: Undefined variable $userId
in APPPATH\Views\includes\navbar\_header.php on line 31.
 1 APPPATH\Views\includes\navbar\_header.php(31): CodeIgniter\Debug\Exceptions->errorHandler(2, 'Undefined variable $userId', 'C:\\laragon\\www\\prueba\\SistemaControl\\app\\Views\\includes\\navbar\\_header.php', 31)
 2 SYSTEMPATH\View\View.php(228): include('C:\\laragon\\www\\prueba\\SistemaControl\\app\\Views\\includes\\navbar\\_header.php')
 3 SYSTEMPATH\View\View.php(231): CodeIgniter\View\View->CodeIgniter\View\{closure}()
 4 SYSTEMPATH\View\View.php(469): CodeIgniter\View\View->render('includes/navbar/_header', null, true)
 5 APPPATH\Views\layouts\default.php(34): CodeIgniter\View\View->include('includes/navbar/_header')
 6 SYSTEMPATH\View\View.php(228): include('C:\\laragon\\www\\prueba\\SistemaControl\\app\\Views\\layouts\\default.php')
 7 SYSTEMPATH\View\View.php(231): CodeIgniter\View\View->CodeIgniter\View\{closure}()
 8 SYSTEMPATH\View\View.php(244): CodeIgniter\View\View->render('layouts/default', [], true)
 9 SYSTEMPATH\Common.php(1178): CodeIgniter\View\View->render('welcome_message', [], true)
10 APPPATH\Controllers\Home.php(18): view('welcome_message')
11 SYSTEMPATH\CodeIgniter.php(943): App\Controllers\Home->index()
12 SYSTEMPATH\CodeIgniter.php(503): CodeIgniter\CodeIgniter->runController(Object(App\Controllers\Home))
13 SYSTEMPATH\CodeIgniter.php(361): CodeIgniter\CodeIgniter->handleRequest(null, Object(Config\Cache), false)
14 FCPATH\index.php(79): CodeIgniter\CodeIgniter->run()
CRITICAL - 2024-06-29 17:06:19 --> ErrorException: Undefined variable $userId
in APPPATH\Views\includes\navbar\_header.php on line 31.
 1 APPPATH\Views\includes\navbar\_header.php(31): CodeIgniter\Debug\Exceptions->errorHandler(2, 'Undefined variable $userId', 'C:\\laragon\\www\\prueba\\SistemaControl\\app\\Views\\includes\\navbar\\_header.php', 31)
 2 SYSTEMPATH\View\View.php(228): include('C:\\laragon\\www\\prueba\\SistemaControl\\app\\Views\\includes\\navbar\\_header.php')
 3 SYSTEMPATH\View\View.php(231): CodeIgniter\View\View->CodeIgniter\View\{closure}()
 4 SYSTEMPATH\View\View.php(469): CodeIgniter\View\View->render('includes/navbar/_header', null, true)
 5 APPPATH\Views\layouts\default.php(34): CodeIgniter\View\View->include('includes/navbar/_header')
 6 SYSTEMPATH\View\View.php(228): include('C:\\laragon\\www\\prueba\\SistemaControl\\app\\Views\\layouts\\default.php')
 7 SYSTEMPATH\View\View.php(231): CodeIgniter\View\View->CodeIgniter\View\{closure}()
 8 SYSTEMPATH\View\View.php(244): CodeIgniter\View\View->render('layouts/default', [], true)
 9 SYSTEMPATH\Common.php(1178): CodeIgniter\View\View->render('welcome_message', [], true)
10 APPPATH\Controllers\Home.php(18): view('welcome_message')
11 SYSTEMPATH\CodeIgniter.php(943): App\Controllers\Home->index()
12 SYSTEMPATH\CodeIgniter.php(503): CodeIgniter\CodeIgniter->runController(Object(App\Controllers\Home))
13 SYSTEMPATH\CodeIgniter.php(361): CodeIgniter\CodeIgniter->handleRequest(null, Object(Config\Cache), false)
14 FCPATH\index.php(79): CodeIgniter\CodeIgniter->run()
ERROR - 2024-06-29 20:10:09 --> mysqli_sql_exception: Table 'productos_requisicion' already exists in C:\laragon\www\prueba\SistemaControl\vendor\codeigniter4\framework\system\Database\MySQLi\Connection.php:306
Stack trace:
#0 C:\laragon\www\prueba\SistemaControl\vendor\codeigniter4\framework\system\Database\MySQLi\Connection.php(306): mysqli->query('CREATE TABLE `p...', 0)
#1 C:\laragon\www\prueba\SistemaControl\vendor\codeigniter4\framework\system\Database\BaseConnection.php(693): CodeIgniter\Database\MySQLi\Connection->execute('CREATE TABLE `p...')
#2 C:\laragon\www\prueba\SistemaControl\vendor\codeigniter4\framework\system\Database\BaseConnection.php(607): CodeIgniter\Database\BaseConnection->simpleQuery('CREATE TABLE `p...')
#3 C:\laragon\www\prueba\SistemaControl\vendor\codeigniter4\framework\system\Database\Forge.php(555): CodeIgniter\Database\BaseConnection->query('CREATE TABLE `p...')
#4 C:\laragon\www\prueba\SistemaControl\app\Database\Migrations\20240630092500_create_productos_requisicion_table.php(39): CodeIgniter\Database\Forge->createTable('productos_requi...')
#5 C:\laragon\www\prueba\SistemaControl\vendor\codeigniter4\framework\system\Database\MigrationRunner.php(865): App\Database\Migrations\CreateProductosRequisicionTable->up()
#6 C:\laragon\www\prueba\SistemaControl\vendor\codeigniter4\framework\system\Database\MigrationRunner.php(181): CodeIgniter\Database\MigrationRunner->migrate('up', Object(stdClass))
#7 C:\laragon\www\prueba\SistemaControl\vendor\codeigniter4\framework\system\Commands\Database\Migrate.php(84): CodeIgniter\Database\MigrationRunner->latest(NULL)
#8 C:\laragon\www\prueba\SistemaControl\vendor\codeigniter4\framework\system\CLI\Commands.php(65): CodeIgniter\Commands\Database\Migrate->run(Array)
#9 C:\laragon\www\prueba\SistemaControl\vendor\codeigniter4\framework\system\CLI\Console.php(46): CodeIgniter\CLI\Commands->run('migrate', Array)
#10 C:\laragon\www\prueba\SistemaControl\spark(102): CodeIgniter\CLI\Console->run()
#11 {main}
CRITICAL - 2024-06-29 20:17:35 --> ErrorException: Undefined variable $router
in APPPATH\Config\Routes.php on line 144.
 1 APPPATH\Config\Routes.php(144): CodeIgniter\Debug\Exceptions->errorHandler(2, 'Undefined variable $router', 'C:\\laragon\\www\\prueba\\SistemaControl\\app\\Config\\Routes.php', 144)
 2 SYSTEMPATH\Router\RouteCollection.php(345): require('C:\\laragon\\www\\prueba\\SistemaControl\\app\\Config\\Routes.php')
 3 SYSTEMPATH\CodeIgniter.php(811): CodeIgniter\Router\RouteCollection->loadRoutes()
 4 SYSTEMPATH\CodeIgniter.php(450): CodeIgniter\CodeIgniter->tryToRouteIt(null)
 5 SYSTEMPATH\CodeIgniter.php(361): CodeIgniter\CodeIgniter->handleRequest(null, Object(Config\Cache), false)
 6 FCPATH\index.php(79): CodeIgniter\CodeIgniter->run()
CRITICAL - 2024-06-29 20:17:52 --> ErrorException: Undefined variable $router
in APPPATH\Config\Routes.php on line 144.
 1 APPPATH\Config\Routes.php(144): CodeIgniter\Debug\Exceptions->errorHandler(2, 'Undefined variable $router', 'C:\\laragon\\www\\prueba\\SistemaControl\\app\\Config\\Routes.php', 144)
 2 SYSTEMPATH\Router\RouteCollection.php(345): require('C:\\laragon\\www\\prueba\\SistemaControl\\app\\Config\\Routes.php')
 3 SYSTEMPATH\CodeIgniter.php(811): CodeIgniter\Router\RouteCollection->loadRoutes()
 4 SYSTEMPATH\CodeIgniter.php(450): CodeIgniter\CodeIgniter->tryToRouteIt(null)
 5 SYSTEMPATH\CodeIgniter.php(361): CodeIgniter\CodeIgniter->handleRequest(null, Object(Config\Cache), false)
 6 FCPATH\index.php(79): CodeIgniter\CodeIgniter->run()
CRITICAL - 2024-06-29 20:21:09 --> ErrorException: Undefined variable $router
in APPPATH\Config\Routes.php on line 144.
 1 APPPATH\Config\Routes.php(144): CodeIgniter\Debug\Exceptions->errorHandler(2, 'Undefined variable $router', 'C:\\laragon\\www\\prueba\\SistemaControl\\app\\Config\\Routes.php', 144)
 2 SYSTEMPATH\Router\RouteCollection.php(345): require('C:\\laragon\\www\\prueba\\SistemaControl\\app\\Config\\Routes.php')
 3 SYSTEMPATH\CodeIgniter.php(811): CodeIgniter\Router\RouteCollection->loadRoutes()
 4 SYSTEMPATH\CodeIgniter.php(450): CodeIgniter\CodeIgniter->tryToRouteIt(null)
 5 SYSTEMPATH\CodeIgniter.php(361): CodeIgniter\CodeIgniter->handleRequest(null, Object(Config\Cache), false)
 6 FCPATH\index.php(79): CodeIgniter\CodeIgniter->run()
CRITICAL - 2024-06-29 20:22:38 --> CodeIgniter\View\Exceptions\ViewException: Invalid file: "SolicitudProductos/index.php"
in SYSTEMPATH\Exceptions\FrameworkException.php on line 39.
 1 SYSTEMPATH\View\View.php(216): CodeIgniter\Exceptions\FrameworkException::forInvalidFile('SolicitudProductos/index.php')
 2 SYSTEMPATH\Common.php(1178): CodeIgniter\View\View->render('SolicitudProductos/index', [], true)
 3 APPPATH\Controllers\SolicitudProductos.php(23): view('SolicitudProductos/index', [...])
 4 SYSTEMPATH\CodeIgniter.php(943): App\Controllers\SolicitudProductos->index()
 5 SYSTEMPATH\CodeIgniter.php(503): CodeIgniter\CodeIgniter->runController(Object(App\Controllers\SolicitudProductos))
 6 SYSTEMPATH\CodeIgniter.php(361): CodeIgniter\CodeIgniter->handleRequest(null, Object(Config\Cache), false)
 7 FCPATH\index.php(79): CodeIgniter\CodeIgniter->run()
CRITICAL - 2024-06-29 20:39:42 --> CodeIgniter\View\Exceptions\ViewException: Invalid file: "SolicitudProductos/index.php"
in SYSTEMPATH\Exceptions\FrameworkException.php on line 39.
 1 SYSTEMPATH\View\View.php(216): CodeIgniter\Exceptions\FrameworkException::forInvalidFile('SolicitudProductos/index.php')
 2 SYSTEMPATH\Common.php(1178): CodeIgniter\View\View->render('SolicitudProductos/index', [], true)
 3 APPPATH\Controllers\SolicitudProductos.php(23): view('SolicitudProductos/index', [...])
 4 SYSTEMPATH\CodeIgniter.php(943): App\Controllers\SolicitudProductos->index()
 5 SYSTEMPATH\CodeIgniter.php(503): CodeIgniter\CodeIgniter->runController(Object(App\Controllers\SolicitudProductos))
 6 SYSTEMPATH\CodeIgniter.php(361): CodeIgniter\CodeIgniter->handleRequest(null, Object(Config\Cache), false)
 7 FCPATH\index.php(79): CodeIgniter\CodeIgniter->run()
CRITICAL - 2024-06-29 23:16:42 --> ErrorException: Undefined variable $report_data
in APPPATH\Views\Reportes\permisos_magisteriales_reporte.php on line 10.
 1 APPPATH\Views\Reportes\permisos_magisteriales_reporte.php(10): CodeIgniter\Debug\Exceptions->errorHandler(2, 'Undefined variable $report_data', 'C:\\laragon\\www\\prueba\\SistemaControl\\app\\Views\\Reportes\\permisos_magisteriales_reporte.php', 10)
 2 SYSTEMPATH\View\View.php(228): include('C:\\laragon\\www\\prueba\\SistemaControl\\app\\Views\\Reportes\\permisos_magisteriales_reporte.php')
 3 SYSTEMPATH\View\View.php(231): CodeIgniter\View\View->CodeIgniter\View\{closure}()
 4 SYSTEMPATH\Common.php(1178): CodeIgniter\View\View->render('Reportes/permisos_magisteriales_reporte', [], true)
 5 APPPATH\Controllers\ReportesController.php(9): view('Reportes/permisos_magisteriales_reporte')
 6 SYSTEMPATH\CodeIgniter.php(943): App\Controllers\ReportesController->permisos_magisteriales_reporte()
 7 SYSTEMPATH\CodeIgniter.php(503): CodeIgniter\CodeIgniter->runController(Object(App\Controllers\ReportesController))
 8 SYSTEMPATH\CodeIgniter.php(361): CodeIgniter\CodeIgniter->handleRequest(null, Object(Config\Cache), false)
 9 FCPATH\index.php(79): CodeIgniter\CodeIgniter->run()
