CRITICAL - 2024-05-20 23:08:24 --> Error: Class "App\Controllers\RolesModel" not found
in APPPATH\Controllers\Roles.php on line 20.
 1 SYSTEMPATH\CodeIgniter.php(943): App\Controllers\Roles->index()
 2 SYSTEMPATH\CodeIgniter.php(503): CodeIgniter\CodeIgniter->runController(Object(App\Controllers\Roles))
 3 SYSTEMPATH\CodeIgniter.php(361): CodeIgniter\CodeIgniter->handleRequest(null, Object(Config\Cache), false)
 4 FCPATH\index.php(79): CodeIgniter\CodeIgniter->run()
CRITICAL - 2024-05-20 23:34:45 --> Error: Class "App\Controllers\ProyectosModel" not found
in APPPATH\Controllers\Proyectos.php on line 12.
 1 SYSTEMPATH\CodeIgniter.php(943): App\Controllers\Proyectos->index()
 2 SYSTEMPATH\CodeIgniter.php(503): CodeIgniter\CodeIgniter->runController(Object(App\Controllers\Proyectos))
 3 SYSTEMPATH\CodeIgniter.php(361): CodeIgniter\CodeIgniter->handleRequest(null, Object(Config\Cache), false)
 4 FCPATH\index.php(79): CodeIgniter\CodeIgniter->run()
CRITICAL - 2024-05-20 23:43:37 --> Error: Class "App\Controllers\ProyectosModel" not found
in APPPATH\Controllers\Proyectos.php on line 12.
 1 SYSTEMPATH\CodeIgniter.php(943): App\Controllers\Proyectos->index()
 2 SYSTEMPATH\CodeIgniter.php(503): CodeIgniter\CodeIgniter->runController(Object(App\Controllers\Proyectos))
 3 SYSTEMPATH\CodeIgniter.php(361): CodeIgniter\CodeIgniter->handleRequest(null, Object(Config\Cache), false)
 4 FCPATH\index.php(79): CodeIgniter\CodeIgniter->run()
CRITICAL - 2024-05-20 23:43:46 --> Error: Class "App\Controllers\ProyectosModel" not found
in APPPATH\Controllers\Proyectos.php on line 12.
 1 SYSTEMPATH\CodeIgniter.php(943): App\Controllers\Proyectos->index()
 2 SYSTEMPATH\CodeIgniter.php(503): CodeIgniter\CodeIgniter->runController(Object(App\Controllers\Proyectos))
 3 SYSTEMPATH\CodeIgniter.php(361): CodeIgniter\CodeIgniter->handleRequest(null, Object(Config\Cache), false)
 4 FCPATH\index.php(79): CodeIgniter\CodeIgniter->run()
CRITICAL - 2024-05-20 23:48:04 --> Error: Class "App\Controllers\ProyectosModel" not found
in APPPATH\Controllers\Proyectos.php on line 12.
 1 SYSTEMPATH\CodeIgniter.php(943): App\Controllers\Proyectos->index()
 2 SYSTEMPATH\CodeIgniter.php(503): CodeIgniter\CodeIgniter->runController(Object(App\Controllers\Proyectos))
 3 SYSTEMPATH\CodeIgniter.php(361): CodeIgniter\CodeIgniter->handleRequest(null, Object(Config\Cache), false)
 4 FCPATH\index.php(79): CodeIgniter\CodeIgniter->run()
