ERROR - 2024-05-04 04:57:46 --> mysqli_sql_exception: Unknown column 'padre_alumno.idPadre' in 'where clause' in C:\laragon\www\prueba\SistemaControl\vendor\codeigniter4\framework\system\Database\MySQLi\Connection.php:306
Stack trace:
#0 C:\laragon\www\prueba\SistemaControl\vendor\codeigniter4\framework\system\Database\MySQLi\Connection.php(306): mysqli->query('SELECT `datos_a...', 0)
#1 C:\laragon\www\prueba\SistemaControl\vendor\codeigniter4\framework\system\Database\BaseConnection.php(693): CodeIgniter\Database\MySQLi\Connection->execute('SELECT `datos_a...')
#2 C:\laragon\www\prueba\SistemaControl\vendor\codeigniter4\framework\system\Database\BaseConnection.php(607): CodeIgniter\Database\BaseConnection->simpleQuery('SELECT `datos_a...')
#3 C:\laragon\www\prueba\SistemaControl\vendor\codeigniter4\framework\system\Database\BaseBuilder.php(1616): CodeIgniter\Database\BaseConnection->query('SELECT `datos_a...', Array, false)
#4 C:\laragon\www\prueba\SistemaControl\app\Models\PadreModel.php(19): CodeIgniter\Database\BaseBuilder->get()
#5 C:\laragon\www\prueba\SistemaControl\app\Controllers\Padres.php(90): App\Models\PadreModel->getAlumnosAsociados('1')
#6 C:\laragon\www\prueba\SistemaControl\vendor\codeigniter4\framework\system\CodeIgniter.php(943): App\Controllers\Padres->edit('1')
#7 C:\laragon\www\prueba\SistemaControl\vendor\codeigniter4\framework\system\CodeIgniter.php(503): CodeIgniter\CodeIgniter->runController(Object(App\Controllers\Padres))
#8 C:\laragon\www\prueba\SistemaControl\vendor\codeigniter4\framework\system\CodeIgniter.php(361): CodeIgniter\CodeIgniter->handleRequest(NULL, Object(Config\Cache), false)
#9 C:\laragon\www\prueba\SistemaControl\public\index.php(79): CodeIgniter\CodeIgniter->run()
#10 {main}
CRITICAL - 2024-05-04 04:57:46 --> CodeIgniter\Database\Exceptions\DatabaseException: Unknown column 'padre_alumno.idPadre' in 'where clause'
in SYSTEMPATH\Database\BaseConnection.php on line 647.
 1 SYSTEMPATH\Database\BaseBuilder.php(1616): CodeIgniter\Database\BaseConnection->query('SELECT `datos_alumnos`.*
FROM `padre_alumno`
JOIN `datos_alumnos` ON `datos_alumnos`.`idAlumno` = `padre_alumno`.`idAlumno`
WHERE `padre_alumno`.`idPadre` = :padre_alumno.idPadre:', [...], false)
 2 APPPATH\Models\PadreModel.php(19): CodeIgniter\Database\BaseBuilder->get()
 3 APPPATH\Controllers\Padres.php(90): App\Models\PadreModel->getAlumnosAsociados('1')
 4 SYSTEMPATH\CodeIgniter.php(943): App\Controllers\Padres->edit('1')
 5 SYSTEMPATH\CodeIgniter.php(503): CodeIgniter\CodeIgniter->runController(Object(App\Controllers\Padres))
 6 SYSTEMPATH\CodeIgniter.php(361): CodeIgniter\CodeIgniter->handleRequest(null, Object(Config\Cache), false)
 7 FCPATH\index.php(79): CodeIgniter\CodeIgniter->run()
CRITICAL - 2024-05-04 04:57:46 --> [Caused by] CodeIgniter\Database\Exceptions\DatabaseException: Unknown column 'padre_alumno.idPadre' in 'where clause'
in SYSTEMPATH\Database\MySQLi\Connection.php on line 311.
 1 SYSTEMPATH\Database\BaseConnection.php(693): CodeIgniter\Database\MySQLi\Connection->execute('SELECT `datos_alumnos`.*
FROM `padre_alumno`
JOIN `datos_alumnos` ON `datos_alumnos`.`idAlumno` = `padre_alumno`.`idAlumno`
WHERE `padre_alumno`.`idPadre` = \'1\'')
 2 SYSTEMPATH\Database\BaseConnection.php(607): CodeIgniter\Database\BaseConnection->simpleQuery('SELECT `datos_alumnos`.*
FROM `padre_alumno`
JOIN `datos_alumnos` ON `datos_alumnos`.`idAlumno` = `padre_alumno`.`idAlumno`
WHERE `padre_alumno`.`idPadre` = \'1\'')
 3 SYSTEMPATH\Database\BaseBuilder.php(1616): CodeIgniter\Database\BaseConnection->query('SELECT `datos_alumnos`.*
FROM `padre_alumno`
JOIN `datos_alumnos` ON `datos_alumnos`.`idAlumno` = `padre_alumno`.`idAlumno`
WHERE `padre_alumno`.`idPadre` = :padre_alumno.idPadre:', [...], false)
 4 APPPATH\Models\PadreModel.php(19): CodeIgniter\Database\BaseBuilder->get()
 5 APPPATH\Controllers\Padres.php(90): App\Models\PadreModel->getAlumnosAsociados('1')
 6 SYSTEMPATH\CodeIgniter.php(943): App\Controllers\Padres->edit('1')
 7 SYSTEMPATH\CodeIgniter.php(503): CodeIgniter\CodeIgniter->runController(Object(App\Controllers\Padres))
 8 SYSTEMPATH\CodeIgniter.php(361): CodeIgniter\CodeIgniter->handleRequest(null, Object(Config\Cache), false)
 9 FCPATH\index.php(79): CodeIgniter\CodeIgniter->run()
CRITICAL - 2024-05-04 04:57:46 --> [Caused by] mysqli_sql_exception: Unknown column 'padre_alumno.idPadre' in 'where clause'
in SYSTEMPATH\Database\MySQLi\Connection.php on line 306.
 1 SYSTEMPATH\Database\MySQLi\Connection.php(306): mysqli->query('SELECT `datos_alumnos`.*
FROM `padre_alumno`
JOIN `datos_alumnos` ON `datos_alumnos`.`idAlumno` = `padre_alumno`.`idAlumno`
WHERE `padre_alumno`.`idPadre` = \'1\'', 0)
 2 SYSTEMPATH\Database\BaseConnection.php(693): CodeIgniter\Database\MySQLi\Connection->execute('SELECT `datos_alumnos`.*
FROM `padre_alumno`
JOIN `datos_alumnos` ON `datos_alumnos`.`idAlumno` = `padre_alumno`.`idAlumno`
WHERE `padre_alumno`.`idPadre` = \'1\'')
 3 SYSTEMPATH\Database\BaseConnection.php(607): CodeIgniter\Database\BaseConnection->simpleQuery('SELECT `datos_alumnos`.*
FROM `padre_alumno`
JOIN `datos_alumnos` ON `datos_alumnos`.`idAlumno` = `padre_alumno`.`idAlumno`
WHERE `padre_alumno`.`idPadre` = \'1\'')
 4 SYSTEMPATH\Database\BaseBuilder.php(1616): CodeIgniter\Database\BaseConnection->query('SELECT `datos_alumnos`.*
FROM `padre_alumno`
JOIN `datos_alumnos` ON `datos_alumnos`.`idAlumno` = `padre_alumno`.`idAlumno`
WHERE `padre_alumno`.`idPadre` = :padre_alumno.idPadre:', [...], false)
 5 APPPATH\Models\PadreModel.php(19): CodeIgniter\Database\BaseBuilder->get()
 6 APPPATH\Controllers\Padres.php(90): App\Models\PadreModel->getAlumnosAsociados('1')
 7 SYSTEMPATH\CodeIgniter.php(943): App\Controllers\Padres->edit('1')
 8 SYSTEMPATH\CodeIgniter.php(503): CodeIgniter\CodeIgniter->runController(Object(App\Controllers\Padres))
 9 SYSTEMPATH\CodeIgniter.php(361): CodeIgniter\CodeIgniter->handleRequest(null, Object(Config\Cache), false)
10 FCPATH\index.php(79): CodeIgniter\CodeIgniter->run()
