ERROR - 2024-06-24 03:55:47 --> Validation failed: {"horas_ocupadas":"The horas_ocupadas field is required."}
ERROR - 2024-06-24 04:22:26 --> Validation failed: {"fecha_solicitud":"The fecha_solicitud field is required.","horas_ocupadas":"The horas_ocupadas field is required."}
ERROR - 2024-06-24 04:23:39 --> Validation failed: {"fecha_solicitud":"The fecha_solicitud field is required.","horas_ocupadas":"The horas_ocupadas field is required."}
ERROR - 2024-06-24 04:25:49 --> Validation failed: {"fecha_solicitud":"The fecha_solicitud field is required.","horas_ocupadas":"The horas_ocupadas field is required."}
ERROR - 2024-06-24 04:26:14 --> Validation failed: {"fecha_solicitud":"The fecha_solicitud field is required."}
CRITICAL - 2024-06-24 04:33:07 --> ErrorException: Undefined variable $maestros
in APPPATH\Views\Permisos\create.php on line 22.
 1 APPPATH\Views\Permisos\create.php(22): CodeIgniter\Debug\Exceptions->errorHandler(2, 'Undefined variable $maestros', 'C:\\laragon\\www\\prueba\\SistemaControl\\app\\Views\\Permisos\\create.php', 22)
 2 SYSTEMPATH\View\View.php(228): include('C:\\laragon\\www\\prueba\\SistemaControl\\app\\Views\\Permisos\\create.php')
 3 SYSTEMPATH\View\View.php(231): CodeIgniter\View\View->CodeIgniter\View\{closure}()
 4 SYSTEMPATH\Common.php(1178): CodeIgniter\View\View->render('Permisos/create', [], true)
 5 APPPATH\Controllers\PermisoMagisterial.php(27): view('Permisos/create', [...])
 6 SYSTEMPATH\CodeIgniter.php(943): App\Controllers\PermisoMagisterial->create()
 7 SYSTEMPATH\CodeIgniter.php(503): CodeIgniter\CodeIgniter->runController(Object(App\Controllers\PermisoMagisterial))
 8 SYSTEMPATH\CodeIgniter.php(361): CodeIgniter\CodeIgniter->handleRequest(null, Object(Config\Cache), false)
 9 FCPATH\index.php(79): CodeIgniter\CodeIgniter->run()
CRITICAL - 2024-06-24 04:35:09 --> ErrorException: Undefined variable $fechaSolicitud
in APPPATH\Views\Permisos\create.php on line 37.
 1 APPPATH\Views\Permisos\create.php(37): CodeIgniter\Debug\Exceptions->errorHandler(2, 'Undefined variable $fechaSolicitud', 'C:\\laragon\\www\\prueba\\SistemaControl\\app\\Views\\Permisos\\create.php', 37)
 2 SYSTEMPATH\View\View.php(228): include('C:\\laragon\\www\\prueba\\SistemaControl\\app\\Views\\Permisos\\create.php')
 3 SYSTEMPATH\View\View.php(231): CodeIgniter\View\View->CodeIgniter\View\{closure}()
 4 SYSTEMPATH\Common.php(1178): CodeIgniter\View\View->render('Permisos/create', [], true)
 5 APPPATH\Controllers\PermisoMagisterial.php(27): view('Permisos/create', [...])
 6 SYSTEMPATH\CodeIgniter.php(943): App\Controllers\PermisoMagisterial->create()
 7 SYSTEMPATH\CodeIgniter.php(503): CodeIgniter\CodeIgniter->runController(Object(App\Controllers\PermisoMagisterial))
 8 SYSTEMPATH\CodeIgniter.php(361): CodeIgniter\CodeIgniter->handleRequest(null, Object(Config\Cache), false)
 9 FCPATH\index.php(79): CodeIgniter\CodeIgniter->run()
ERROR - 2024-06-24 04:37:53 --> Validation failed: {"horas_ocupadas":"The horas_ocupadas field must contain only numbers."}
ERROR - 2024-06-24 04:45:37 --> Failed to store data
