CRITICAL - 2024-05-03 01:30:22 --> ErrorException: Undefined variable $saldos_docentes
in APPPATH\Views\Permisos\create.php on line 44.
 1 APPPATH\Views\Permisos\create.php(44): CodeIgniter\Debug\Exceptions->errorHandler(2, 'Undefined variable $saldos_docentes', 'C:\\laragon\\www\\prueba\\SistemaControl\\app\\Views\\Permisos\\create.php', 44)
 2 SYSTEMPATH\View\View.php(228): include('C:\\laragon\\www\\prueba\\SistemaControl\\app\\Views\\Permisos\\create.php')
 3 SYSTEMPATH\View\View.php(231): CodeIgniter\View\View->CodeIgniter\View\{closure}()
 4 SYSTEMPATH\Common.php(1178): CodeIgniter\View\View->render('Permisos/create', [], true)
 5 APPPATH\Controllers\PermisoMagisterial.php(20): view('Permisos/create', [...])
 6 SYSTEMPATH\CodeIgniter.php(943): App\Controllers\PermisoMagisterial->create()
 7 SYSTEMPATH\CodeIgniter.php(503): CodeIgniter\CodeIgniter->runController(Object(App\Controllers\PermisoMagisterial))
 8 SYSTEMPATH\CodeIgniter.php(361): CodeIgniter\CodeIgniter->handleRequest(null, Object(Config\Cache), false)
 9 FCPATH\index.php(79): CodeIgniter\CodeIgniter->run()
CRITICAL - 2024-05-03 01:33:14 --> ErrorException: Undefined variable $saldos_docentes
in APPPATH\Views\Permisos\create.php on line 44.
 1 APPPATH\Views\Permisos\create.php(44): CodeIgniter\Debug\Exceptions->errorHandler(2, 'Undefined variable $saldos_docentes', 'C:\\laragon\\www\\prueba\\SistemaControl\\app\\Views\\Permisos\\create.php', 44)
 2 SYSTEMPATH\View\View.php(228): include('C:\\laragon\\www\\prueba\\SistemaControl\\app\\Views\\Permisos\\create.php')
 3 SYSTEMPATH\View\View.php(231): CodeIgniter\View\View->CodeIgniter\View\{closure}()
 4 SYSTEMPATH\Common.php(1178): CodeIgniter\View\View->render('Permisos/create', [], true)
 5 APPPATH\Controllers\PermisoMagisterial.php(20): view('Permisos/create', [...])
 6 SYSTEMPATH\CodeIgniter.php(943): App\Controllers\PermisoMagisterial->create()
 7 SYSTEMPATH\CodeIgniter.php(503): CodeIgniter\CodeIgniter->runController(Object(App\Controllers\PermisoMagisterial))
 8 SYSTEMPATH\CodeIgniter.php(361): CodeIgniter\CodeIgniter->handleRequest(null, Object(Config\Cache), false)
 9 FCPATH\index.php(79): CodeIgniter\CodeIgniter->run()
CRITICAL - 2024-05-03 01:35:47 --> ErrorException: Undefined variable $saldos_docentes
in APPPATH\Views\Permisos\create.php on line 44.
 1 APPPATH\Views\Permisos\create.php(44): CodeIgniter\Debug\Exceptions->errorHandler(2, 'Undefined variable $saldos_docentes', 'C:\\laragon\\www\\prueba\\SistemaControl\\app\\Views\\Permisos\\create.php', 44)
 2 SYSTEMPATH\View\View.php(228): include('C:\\laragon\\www\\prueba\\SistemaControl\\app\\Views\\Permisos\\create.php')
 3 SYSTEMPATH\View\View.php(231): CodeIgniter\View\View->CodeIgniter\View\{closure}()
 4 SYSTEMPATH\Common.php(1178): CodeIgniter\View\View->render('Permisos/create', [], true)
 5 APPPATH\Controllers\PermisoMagisterial.php(20): view('Permisos/create', [...])
 6 SYSTEMPATH\CodeIgniter.php(943): App\Controllers\PermisoMagisterial->create()
 7 SYSTEMPATH\CodeIgniter.php(503): CodeIgniter\CodeIgniter->runController(Object(App\Controllers\PermisoMagisterial))
 8 SYSTEMPATH\CodeIgniter.php(361): CodeIgniter\CodeIgniter->handleRequest(null, Object(Config\Cache), false)
 9 FCPATH\index.php(79): CodeIgniter\CodeIgniter->run()
CRITICAL - 2024-05-03 01:44:45 --> ErrorException: Undefined variable $saldos_docentes
in APPPATH\Views\Permisos\create.php on line 44.
 1 APPPATH\Views\Permisos\create.php(44): CodeIgniter\Debug\Exceptions->errorHandler(2, 'Undefined variable $saldos_docentes', 'C:\\laragon\\www\\prueba\\SistemaControl\\app\\Views\\Permisos\\create.php', 44)
 2 SYSTEMPATH\View\View.php(228): include('C:\\laragon\\www\\prueba\\SistemaControl\\app\\Views\\Permisos\\create.php')
 3 SYSTEMPATH\View\View.php(231): CodeIgniter\View\View->CodeIgniter\View\{closure}()
 4 SYSTEMPATH\Common.php(1178): CodeIgniter\View\View->render('Permisos/create', [], true)
 5 APPPATH\Controllers\PermisoMagisterial.php(20): view('Permisos/create', [...])
 6 SYSTEMPATH\CodeIgniter.php(943): App\Controllers\PermisoMagisterial->create()
 7 SYSTEMPATH\CodeIgniter.php(503): CodeIgniter\CodeIgniter->runController(Object(App\Controllers\PermisoMagisterial))
 8 SYSTEMPATH\CodeIgniter.php(361): CodeIgniter\CodeIgniter->handleRequest(null, Object(Config\Cache), false)
 9 FCPATH\index.php(79): CodeIgniter\CodeIgniter->run()
CRITICAL - 2024-05-03 01:45:43 --> ErrorException: Undefined variable $saldos_docentes
in APPPATH\Views\Permisos\create.php on line 44.
 1 APPPATH\Views\Permisos\create.php(44): CodeIgniter\Debug\Exceptions->errorHandler(2, 'Undefined variable $saldos_docentes', 'C:\\laragon\\www\\prueba\\SistemaControl\\app\\Views\\Permisos\\create.php', 44)
 2 SYSTEMPATH\View\View.php(228): include('C:\\laragon\\www\\prueba\\SistemaControl\\app\\Views\\Permisos\\create.php')
 3 SYSTEMPATH\View\View.php(231): CodeIgniter\View\View->CodeIgniter\View\{closure}()
 4 SYSTEMPATH\Common.php(1178): CodeIgniter\View\View->render('Permisos/create', [], true)
 5 APPPATH\Controllers\PermisoMagisterial.php(20): view('Permisos/create', [...])
 6 SYSTEMPATH\CodeIgniter.php(943): App\Controllers\PermisoMagisterial->create()
 7 SYSTEMPATH\CodeIgniter.php(503): CodeIgniter\CodeIgniter->runController(Object(App\Controllers\PermisoMagisterial))
 8 SYSTEMPATH\CodeIgniter.php(361): CodeIgniter\CodeIgniter->handleRequest(null, Object(Config\Cache), false)
 9 FCPATH\index.php(79): CodeIgniter\CodeIgniter->run()
CRITICAL - 2024-05-03 01:46:40 --> ErrorException: Undefined variable $saldos_docentes
in APPPATH\Views\Permisos\create.php on line 39.
 1 APPPATH\Views\Permisos\create.php(39): CodeIgniter\Debug\Exceptions->errorHandler(2, 'Undefined variable $saldos_docentes', 'C:\\laragon\\www\\prueba\\SistemaControl\\app\\Views\\Permisos\\create.php', 39)
 2 SYSTEMPATH\View\View.php(228): include('C:\\laragon\\www\\prueba\\SistemaControl\\app\\Views\\Permisos\\create.php')
 3 SYSTEMPATH\View\View.php(231): CodeIgniter\View\View->CodeIgniter\View\{closure}()
 4 SYSTEMPATH\Common.php(1178): CodeIgniter\View\View->render('Permisos/create', [], true)
 5 APPPATH\Controllers\PermisoMagisterial.php(20): view('Permisos/create', [...])
 6 SYSTEMPATH\CodeIgniter.php(943): App\Controllers\PermisoMagisterial->create()
 7 SYSTEMPATH\CodeIgniter.php(503): CodeIgniter\CodeIgniter->runController(Object(App\Controllers\PermisoMagisterial))
 8 SYSTEMPATH\CodeIgniter.php(361): CodeIgniter\CodeIgniter->handleRequest(null, Object(Config\Cache), false)
 9 FCPATH\index.php(79): CodeIgniter\CodeIgniter->run()
CRITICAL - 2024-05-03 02:46:32 --> BadMethodCallException: Call to undefined method App\Models\BitacoraModel::registrarAccion
in SYSTEMPATH\Model.php on line 879.
 1 APPPATH\Controllers\Maestros.php(57): CodeIgniter\Model->__call('registrarAccion', [...])
 2 SYSTEMPATH\CodeIgniter.php(943): App\Controllers\Maestros->store()
 3 SYSTEMPATH\CodeIgniter.php(503): CodeIgniter\CodeIgniter->runController(Object(App\Controllers\Maestros))
 4 SYSTEMPATH\CodeIgniter.php(361): CodeIgniter\CodeIgniter->handleRequest(null, Object(Config\Cache), false)
 5 FCPATH\index.php(79): CodeIgniter\CodeIgniter->run()
CRITICAL - 2024-05-03 02:49:36 --> BadMethodCallException: Call to undefined method App\Models\BitacoraModel::registrarAccion
in SYSTEMPATH\Model.php on line 879.
 1 APPPATH\Controllers\Maestros.php(96): CodeIgniter\Model->__call('registrarAccion', [...])
 2 SYSTEMPATH\CodeIgniter.php(943): App\Controllers\Maestros->update('21')
 3 SYSTEMPATH\CodeIgniter.php(503): CodeIgniter\CodeIgniter->runController(Object(App\Controllers\Maestros))
 4 SYSTEMPATH\CodeIgniter.php(361): CodeIgniter\CodeIgniter->handleRequest(null, Object(Config\Cache), false)
 5 FCPATH\index.php(79): CodeIgniter\CodeIgniter->run()
ERROR - 2024-05-03 02:58:23 --> mysqli_sql_exception: Unknown column 'descripcion' in 'field list' in C:\laragon\www\prueba\SistemaControl\vendor\codeigniter4\framework\system\Database\MySQLi\Connection.php:306
Stack trace:
#0 C:\laragon\www\prueba\SistemaControl\vendor\codeigniter4\framework\system\Database\MySQLi\Connection.php(306): mysqli->query('INSERT INTO `bi...', 0)
#1 C:\laragon\www\prueba\SistemaControl\vendor\codeigniter4\framework\system\Database\BaseConnection.php(693): CodeIgniter\Database\MySQLi\Connection->execute('INSERT INTO `bi...')
#2 C:\laragon\www\prueba\SistemaControl\vendor\codeigniter4\framework\system\Database\BaseConnection.php(607): CodeIgniter\Database\BaseConnection->simpleQuery('INSERT INTO `bi...')
#3 C:\laragon\www\prueba\SistemaControl\vendor\codeigniter4\framework\system\Database\BaseBuilder.php(2307): CodeIgniter\Database\BaseConnection->query('INSERT INTO `bi...', Array, false)
#4 C:\laragon\www\prueba\SistemaControl\vendor\codeigniter4\framework\system\Model.php(327): CodeIgniter\Database\BaseBuilder->insert()
#5 C:\laragon\www\prueba\SistemaControl\vendor\codeigniter4\framework\system\BaseModel.php(805): CodeIgniter\Model->doInsert(Array)
#6 C:\laragon\www\prueba\SistemaControl\vendor\codeigniter4\framework\system\Model.php(749): CodeIgniter\BaseModel->insert(Array, true)
#7 C:\laragon\www\prueba\SistemaControl\app\Controllers\Bitacora.php(31): CodeIgniter\Model->insert(Array)
#8 C:\laragon\www\prueba\SistemaControl\app\Controllers\Maestros.php(73): App\Controllers\Bitacora->registrarAccion(NULL, 'Actualizaci\xC3\xB3n ...', 'Se ha actualiza...')
#9 C:\laragon\www\prueba\SistemaControl\vendor\codeigniter4\framework\system\CodeIgniter.php(943): App\Controllers\Maestros->update('20')
#10 C:\laragon\www\prueba\SistemaControl\vendor\codeigniter4\framework\system\CodeIgniter.php(503): CodeIgniter\CodeIgniter->runController(Object(App\Controllers\Maestros))
#11 C:\laragon\www\prueba\SistemaControl\vendor\codeigniter4\framework\system\CodeIgniter.php(361): CodeIgniter\CodeIgniter->handleRequest(NULL, Object(Config\Cache), false)
#12 C:\laragon\www\prueba\SistemaControl\public\index.php(79): CodeIgniter\CodeIgniter->run()
#13 {main}
CRITICAL - 2024-05-03 02:58:23 --> CodeIgniter\Database\Exceptions\DatabaseException: Unknown column 'descripcion' in 'field list'
in SYSTEMPATH\Database\BaseConnection.php on line 647.
 1 SYSTEMPATH\Database\BaseBuilder.php(2307): CodeIgniter\Database\BaseConnection->query('INSERT INTO `bitacora` (`usuario`, `accion`, `descripcion`, `fecha`, `hora`) VALUES (:usuario:, :accion:, :descripcion:, :fecha:, :hora:)', [...], false)
 2 SYSTEMPATH\Model.php(327): CodeIgniter\Database\BaseBuilder->insert()
 3 SYSTEMPATH\BaseModel.php(805): CodeIgniter\Model->doInsert([...])
 4 SYSTEMPATH\Model.php(749): CodeIgniter\BaseModel->insert([...], true)
 5 APPPATH\Controllers\Bitacora.php(31): CodeIgniter\Model->insert([...])
 6 APPPATH\Controllers\Maestros.php(73): App\Controllers\Bitacora->registrarAccion(null, 'Actualización de maestro', 'Se ha actualizado un maestro')
 7 SYSTEMPATH\CodeIgniter.php(943): App\Controllers\Maestros->update('20')
 8 SYSTEMPATH\CodeIgniter.php(503): CodeIgniter\CodeIgniter->runController(Object(App\Controllers\Maestros))
 9 SYSTEMPATH\CodeIgniter.php(361): CodeIgniter\CodeIgniter->handleRequest(null, Object(Config\Cache), false)
10 FCPATH\index.php(79): CodeIgniter\CodeIgniter->run()
CRITICAL - 2024-05-03 02:58:23 --> [Caused by] CodeIgniter\Database\Exceptions\DatabaseException: Unknown column 'descripcion' in 'field list'
in SYSTEMPATH\Database\MySQLi\Connection.php on line 311.
 1 SYSTEMPATH\Database\BaseConnection.php(693): CodeIgniter\Database\MySQLi\Connection->execute('INSERT INTO `bitacora` (`usuario`, `accion`, `descripcion`, `fecha`, `hora`) VALUES (NULL, \'Actualización de maestro\', \'Se ha actualizado un maestro\', \'2024-05-03\', \'02:58:23\')')
 2 SYSTEMPATH\Database\BaseConnection.php(607): CodeIgniter\Database\BaseConnection->simpleQuery('INSERT INTO `bitacora` (`usuario`, `accion`, `descripcion`, `fecha`, `hora`) VALUES (NULL, \'Actualización de maestro\', \'Se ha actualizado un maestro\', \'2024-05-03\', \'02:58:23\')')
 3 SYSTEMPATH\Database\BaseBuilder.php(2307): CodeIgniter\Database\BaseConnection->query('INSERT INTO `bitacora` (`usuario`, `accion`, `descripcion`, `fecha`, `hora`) VALUES (:usuario:, :accion:, :descripcion:, :fecha:, :hora:)', [...], false)
 4 SYSTEMPATH\Model.php(327): CodeIgniter\Database\BaseBuilder->insert()
 5 SYSTEMPATH\BaseModel.php(805): CodeIgniter\Model->doInsert([...])
 6 SYSTEMPATH\Model.php(749): CodeIgniter\BaseModel->insert([...], true)
 7 APPPATH\Controllers\Bitacora.php(31): CodeIgniter\Model->insert([...])
 8 APPPATH\Controllers\Maestros.php(73): App\Controllers\Bitacora->registrarAccion(null, 'Actualización de maestro', 'Se ha actualizado un maestro')
 9 SYSTEMPATH\CodeIgniter.php(943): App\Controllers\Maestros->update('20')
10 SYSTEMPATH\CodeIgniter.php(503): CodeIgniter\CodeIgniter->runController(Object(App\Controllers\Maestros))
11 SYSTEMPATH\CodeIgniter.php(361): CodeIgniter\CodeIgniter->handleRequest(null, Object(Config\Cache), false)
12 FCPATH\index.php(79): CodeIgniter\CodeIgniter->run()
CRITICAL - 2024-05-03 02:58:23 --> [Caused by] mysqli_sql_exception: Unknown column 'descripcion' in 'field list'
in SYSTEMPATH\Database\MySQLi\Connection.php on line 306.
 1 SYSTEMPATH\Database\MySQLi\Connection.php(306): mysqli->query('INSERT INTO `bitacora` (`usuario`, `accion`, `descripcion`, `fecha`, `hora`) VALUES (NULL, \'Actualización de maestro\', \'Se ha actualizado un maestro\', \'2024-05-03\', \'02:58:23\')', 0)
 2 SYSTEMPATH\Database\BaseConnection.php(693): CodeIgniter\Database\MySQLi\Connection->execute('INSERT INTO `bitacora` (`usuario`, `accion`, `descripcion`, `fecha`, `hora`) VALUES (NULL, \'Actualización de maestro\', \'Se ha actualizado un maestro\', \'2024-05-03\', \'02:58:23\')')
 3 SYSTEMPATH\Database\BaseConnection.php(607): CodeIgniter\Database\BaseConnection->simpleQuery('INSERT INTO `bitacora` (`usuario`, `accion`, `descripcion`, `fecha`, `hora`) VALUES (NULL, \'Actualización de maestro\', \'Se ha actualizado un maestro\', \'2024-05-03\', \'02:58:23\')')
 4 SYSTEMPATH\Database\BaseBuilder.php(2307): CodeIgniter\Database\BaseConnection->query('INSERT INTO `bitacora` (`usuario`, `accion`, `descripcion`, `fecha`, `hora`) VALUES (:usuario:, :accion:, :descripcion:, :fecha:, :hora:)', [...], false)
 5 SYSTEMPATH\Model.php(327): CodeIgniter\Database\BaseBuilder->insert()
 6 SYSTEMPATH\BaseModel.php(805): CodeIgniter\Model->doInsert([...])
 7 SYSTEMPATH\Model.php(749): CodeIgniter\BaseModel->insert([...], true)
 8 APPPATH\Controllers\Bitacora.php(31): CodeIgniter\Model->insert([...])
 9 APPPATH\Controllers\Maestros.php(73): App\Controllers\Bitacora->registrarAccion(null, 'Actualización de maestro', 'Se ha actualizado un maestro')
10 SYSTEMPATH\CodeIgniter.php(943): App\Controllers\Maestros->update('20')
11 SYSTEMPATH\CodeIgniter.php(503): CodeIgniter\CodeIgniter->runController(Object(App\Controllers\Maestros))
12 SYSTEMPATH\CodeIgniter.php(361): CodeIgniter\CodeIgniter->handleRequest(null, Object(Config\Cache), false)
13 FCPATH\index.php(79): CodeIgniter\CodeIgniter->run()
CRITICAL - 2024-05-03 03:02:47 --> CodeIgniter\View\Exceptions\ViewException: Invalid file: "bitacora/index.php"
in SYSTEMPATH\Exceptions\FrameworkException.php on line 39.
 1 SYSTEMPATH\View\View.php(216): CodeIgniter\Exceptions\FrameworkException::forInvalidFile('bitacora/index.php')
 2 SYSTEMPATH\Common.php(1178): CodeIgniter\View\View->render('bitacora/index', [], true)
 3 APPPATH\Controllers\Bitacora.php(20): view('bitacora/index', [...])
 4 SYSTEMPATH\CodeIgniter.php(943): App\Controllers\Bitacora->index()
 5 SYSTEMPATH\CodeIgniter.php(503): CodeIgniter\CodeIgniter->runController(Object(App\Controllers\Bitacora))
 6 SYSTEMPATH\CodeIgniter.php(361): CodeIgniter\CodeIgniter->handleRequest(null, Object(Config\Cache), false)
 7 FCPATH\index.php(79): CodeIgniter\CodeIgniter->run()
CRITICAL - 2024-05-03 03:05:30 --> CodeIgniter\View\Exceptions\ViewException: Invalid file: "bitacora/index.php"
in SYSTEMPATH\Exceptions\FrameworkException.php on line 39.
 1 SYSTEMPATH\View\View.php(216): CodeIgniter\Exceptions\FrameworkException::forInvalidFile('bitacora/index.php')
 2 SYSTEMPATH\Common.php(1178): CodeIgniter\View\View->render('bitacora/index', [], true)
 3 APPPATH\Controllers\Bitacora.php(20): view('bitacora/index', [...])
 4 SYSTEMPATH\CodeIgniter.php(943): App\Controllers\Bitacora->index()
 5 SYSTEMPATH\CodeIgniter.php(503): CodeIgniter\CodeIgniter->runController(Object(App\Controllers\Bitacora))
 6 SYSTEMPATH\CodeIgniter.php(361): CodeIgniter\CodeIgniter->handleRequest(null, Object(Config\Cache), false)
 7 FCPATH\index.php(79): CodeIgniter\CodeIgniter->run()
CRITICAL - 2024-05-03 03:06:30 --> CodeIgniter\View\Exceptions\ViewException: Invalid file: "bitacora/index.php"
in SYSTEMPATH\Exceptions\FrameworkException.php on line 39.
 1 SYSTEMPATH\View\View.php(216): CodeIgniter\Exceptions\FrameworkException::forInvalidFile('bitacora/index.php')
 2 SYSTEMPATH\Common.php(1178): CodeIgniter\View\View->render('bitacora/index', [], true)
 3 APPPATH\Controllers\Bitacora.php(20): view('bitacora/index', [...])
 4 SYSTEMPATH\CodeIgniter.php(943): App\Controllers\Bitacora->index()
 5 SYSTEMPATH\CodeIgniter.php(503): CodeIgniter\CodeIgniter->runController(Object(App\Controllers\Bitacora))
 6 SYSTEMPATH\CodeIgniter.php(361): CodeIgniter\CodeIgniter->handleRequest(null, Object(Config\Cache), false)
 7 FCPATH\index.php(79): CodeIgniter\CodeIgniter->run()
CRITICAL - 2024-05-03 03:21:18 --> ErrorException: Undefined variable $docentes
in APPPATH\Views\maestros\create.php on line 31.
 1 APPPATH\Views\maestros\create.php(31): CodeIgniter\Debug\Exceptions->errorHandler(2, 'Undefined variable $docentes', 'C:\\laragon\\www\\prueba\\SistemaControl\\app\\Views\\maestros\\create.php', 31)
 2 SYSTEMPATH\View\View.php(228): include('C:\\laragon\\www\\prueba\\SistemaControl\\app\\Views\\maestros\\create.php')
 3 SYSTEMPATH\View\View.php(231): CodeIgniter\View\View->CodeIgniter\View\{closure}()
 4 SYSTEMPATH\Common.php(1178): CodeIgniter\View\View->render('maestros/create', [], true)
 5 APPPATH\Controllers\Maestros.php(30): view('maestros/create')
 6 SYSTEMPATH\CodeIgniter.php(943): App\Controllers\Maestros->create()
 7 SYSTEMPATH\CodeIgniter.php(503): CodeIgniter\CodeIgniter->runController(Object(App\Controllers\Maestros))
 8 SYSTEMPATH\CodeIgniter.php(361): CodeIgniter\CodeIgniter->handleRequest(null, Object(Config\Cache), false)
 9 FCPATH\index.php(79): CodeIgniter\CodeIgniter->run()
CRITICAL - 2024-05-03 03:21:24 --> ErrorException: Undefined variable $docentes
in APPPATH\Views\maestros\create.php on line 31.
 1 APPPATH\Views\maestros\create.php(31): CodeIgniter\Debug\Exceptions->errorHandler(2, 'Undefined variable $docentes', 'C:\\laragon\\www\\prueba\\SistemaControl\\app\\Views\\maestros\\create.php', 31)
 2 SYSTEMPATH\View\View.php(228): include('C:\\laragon\\www\\prueba\\SistemaControl\\app\\Views\\maestros\\create.php')
 3 SYSTEMPATH\View\View.php(231): CodeIgniter\View\View->CodeIgniter\View\{closure}()
 4 SYSTEMPATH\Common.php(1178): CodeIgniter\View\View->render('maestros/create', [], true)
 5 APPPATH\Controllers\Maestros.php(30): view('maestros/create')
 6 SYSTEMPATH\CodeIgniter.php(943): App\Controllers\Maestros->create()
 7 SYSTEMPATH\CodeIgniter.php(503): CodeIgniter\CodeIgniter->runController(Object(App\Controllers\Maestros))
 8 SYSTEMPATH\CodeIgniter.php(361): CodeIgniter\CodeIgniter->handleRequest(null, Object(Config\Cache), false)
 9 FCPATH\index.php(79): CodeIgniter\CodeIgniter->run()
