CRITICAL - 2024-05-15 01:30:15 --> ErrorException: Undefined array key "Sexo_alumno"
in APPPATH\Views\padres\alumnos_partial.php on line 6.
 1 APPPATH\Views\padres\alumnos_partial.php(6): CodeIgniter\Debug\Exceptions->errorHandler(2, 'Undefined array key "Sexo_alumno"', 'C:\\laragon\\www\\prueba\\SistemaControl\\app\\Views\\padres\\alumnos_partial.php', 6)
 2 SYSTEMPATH\View\View.php(228): include('C:\\laragon\\www\\prueba\\SistemaControl\\app\\Views\\padres\\alumnos_partial.php')
 3 SYSTEMPATH\View\View.php(231): CodeIgniter\View\View->CodeIgniter\View\{closure}()
 4 SYSTEMPATH\Common.php(1178): CodeIgniter\View\View->render('padres/alumnos_partial', [], true)
 5 APPPATH\Controllers\Padres.php(170): view('padres/alumnos_partial', [...])
 6 SYSTEMPATH\CodeIgniter.php(943): App\Controllers\Padres->getAlumnosAjax('1')
 7 SYSTEMPATH\CodeIgniter.php(503): CodeIgniter\CodeIgniter->runController(Object(App\Controllers\Padres))
 8 SYSTEMPATH\CodeIgniter.php(361): CodeIgniter\CodeIgniter->handleRequest(null, Object(Config\Cache), false)
 9 FCPATH\index.php(79): CodeIgniter\CodeIgniter->run()
CRITICAL - 2024-05-15 01:30:39 --> ErrorException: Undefined array key "Sexo_alumno"
in APPPATH\Views\padres\alumnos_partial.php on line 6.
 1 APPPATH\Views\padres\alumnos_partial.php(6): CodeIgniter\Debug\Exceptions->errorHandler(2, 'Undefined array key "Sexo_alumno"', 'C:\\laragon\\www\\prueba\\SistemaControl\\app\\Views\\padres\\alumnos_partial.php', 6)
 2 SYSTEMPATH\View\View.php(228): include('C:\\laragon\\www\\prueba\\SistemaControl\\app\\Views\\padres\\alumnos_partial.php')
 3 SYSTEMPATH\View\View.php(231): CodeIgniter\View\View->CodeIgniter\View\{closure}()
 4 SYSTEMPATH\Common.php(1178): CodeIgniter\View\View->render('padres/alumnos_partial', [], true)
 5 APPPATH\Controllers\Padres.php(170): view('padres/alumnos_partial', [...])
 6 SYSTEMPATH\CodeIgniter.php(943): App\Controllers\Padres->getAlumnosAjax('3')
 7 SYSTEMPATH\CodeIgniter.php(503): CodeIgniter\CodeIgniter->runController(Object(App\Controllers\Padres))
 8 SYSTEMPATH\CodeIgniter.php(361): CodeIgniter\CodeIgniter->handleRequest(null, Object(Config\Cache), false)
 9 FCPATH\index.php(79): CodeIgniter\CodeIgniter->run()
CRITICAL - 2024-05-15 01:30:42 --> ErrorException: Undefined array key "Sexo_alumno"
in APPPATH\Views\padres\alumnos_partial.php on line 6.
 1 APPPATH\Views\padres\alumnos_partial.php(6): CodeIgniter\Debug\Exceptions->errorHandler(2, 'Undefined array key "Sexo_alumno"', 'C:\\laragon\\www\\prueba\\SistemaControl\\app\\Views\\padres\\alumnos_partial.php', 6)
 2 SYSTEMPATH\View\View.php(228): include('C:\\laragon\\www\\prueba\\SistemaControl\\app\\Views\\padres\\alumnos_partial.php')
 3 SYSTEMPATH\View\View.php(231): CodeIgniter\View\View->CodeIgniter\View\{closure}()
 4 SYSTEMPATH\Common.php(1178): CodeIgniter\View\View->render('padres/alumnos_partial', [], true)
 5 APPPATH\Controllers\Padres.php(170): view('padres/alumnos_partial', [...])
 6 SYSTEMPATH\CodeIgniter.php(943): App\Controllers\Padres->getAlumnosAjax('5')
 7 SYSTEMPATH\CodeIgniter.php(503): CodeIgniter\CodeIgniter->runController(Object(App\Controllers\Padres))
 8 SYSTEMPATH\CodeIgniter.php(361): CodeIgniter\CodeIgniter->handleRequest(null, Object(Config\Cache), false)
 9 FCPATH\index.php(79): CodeIgniter\CodeIgniter->run()
CRITICAL - 2024-05-15 01:31:07 --> ErrorException: Undefined array key "Sexo_alumno"
in APPPATH\Views\padres\alumnos_partial.php on line 6.
 1 APPPATH\Views\padres\alumnos_partial.php(6): CodeIgniter\Debug\Exceptions->errorHandler(2, 'Undefined array key "Sexo_alumno"', 'C:\\laragon\\www\\prueba\\SistemaControl\\app\\Views\\padres\\alumnos_partial.php', 6)
 2 SYSTEMPATH\View\View.php(228): include('C:\\laragon\\www\\prueba\\SistemaControl\\app\\Views\\padres\\alumnos_partial.php')
 3 SYSTEMPATH\View\View.php(231): CodeIgniter\View\View->CodeIgniter\View\{closure}()
 4 SYSTEMPATH\Common.php(1178): CodeIgniter\View\View->render('padres/alumnos_partial', [], true)
 5 APPPATH\Controllers\Padres.php(170): view('padres/alumnos_partial', [...])
 6 SYSTEMPATH\CodeIgniter.php(943): App\Controllers\Padres->getAlumnosAjax('1')
 7 SYSTEMPATH\CodeIgniter.php(503): CodeIgniter\CodeIgniter->runController(Object(App\Controllers\Padres))
 8 SYSTEMPATH\CodeIgniter.php(361): CodeIgniter\CodeIgniter->handleRequest(null, Object(Config\Cache), false)
 9 FCPATH\index.php(79): CodeIgniter\CodeIgniter->run()
CRITICAL - 2024-05-15 01:31:30 --> ErrorException: Undefined array key "Sexo_alumno"
in APPPATH\Views\padres\alumnos_partial.php on line 6.
 1 APPPATH\Views\padres\alumnos_partial.php(6): CodeIgniter\Debug\Exceptions->errorHandler(2, 'Undefined array key "Sexo_alumno"', 'C:\\laragon\\www\\prueba\\SistemaControl\\app\\Views\\padres\\alumnos_partial.php', 6)
 2 SYSTEMPATH\View\View.php(228): include('C:\\laragon\\www\\prueba\\SistemaControl\\app\\Views\\padres\\alumnos_partial.php')
 3 SYSTEMPATH\View\View.php(231): CodeIgniter\View\View->CodeIgniter\View\{closure}()
 4 SYSTEMPATH\Common.php(1178): CodeIgniter\View\View->render('padres/alumnos_partial', [], true)
 5 APPPATH\Controllers\Padres.php(170): view('padres/alumnos_partial', [...])
 6 SYSTEMPATH\CodeIgniter.php(943): App\Controllers\Padres->getAlumnosAjax('4')
 7 SYSTEMPATH\CodeIgniter.php(503): CodeIgniter\CodeIgniter->runController(Object(App\Controllers\Padres))
 8 SYSTEMPATH\CodeIgniter.php(361): CodeIgniter\CodeIgniter->handleRequest(null, Object(Config\Cache), false)
 9 FCPATH\index.php(79): CodeIgniter\CodeIgniter->run()
ERROR - 2024-05-15 01:39:30 --> mysqli_sql_exception: Cannot delete or update a parent row: a foreign key constraint fails (`sistema_control`.`usuarios`, CONSTRAINT `fk_idDocente` FOREIGN KEY (`idDocente`) REFERENCES `docente` (`idDocente`)) in C:\laragon\www\prueba\SistemaControl\vendor\codeigniter4\framework\system\Database\MySQLi\Connection.php:306
Stack trace:
#0 C:\laragon\www\prueba\SistemaControl\vendor\codeigniter4\framework\system\Database\MySQLi\Connection.php(306): mysqli->query('DELETE FROM `do...', 0)
#1 C:\laragon\www\prueba\SistemaControl\vendor\codeigniter4\framework\system\Database\BaseConnection.php(693): CodeIgniter\Database\MySQLi\Connection->execute('DELETE FROM `do...')
#2 C:\laragon\www\prueba\SistemaControl\vendor\codeigniter4\framework\system\Database\BaseConnection.php(607): CodeIgniter\Database\BaseConnection->simpleQuery('DELETE FROM `do...')
#3 C:\laragon\www\prueba\SistemaControl\vendor\codeigniter4\framework\system\Database\BaseBuilder.php(2787): CodeIgniter\Database\BaseConnection->query('DELETE FROM `do...', Array, false)
#4 C:\laragon\www\prueba\SistemaControl\vendor\codeigniter4\framework\system\Model.php(454): CodeIgniter\Database\BaseBuilder->delete()
#5 C:\laragon\www\prueba\SistemaControl\vendor\codeigniter4\framework\system\BaseModel.php(1120): CodeIgniter\Model->doDelete(Array, false)
#6 C:\laragon\www\prueba\SistemaControl\app\Controllers\Maestros.php(100): CodeIgniter\BaseModel->delete(Array)
#7 C:\laragon\www\prueba\SistemaControl\vendor\codeigniter4\framework\system\CodeIgniter.php(943): App\Controllers\Maestros->delete('5')
#8 C:\laragon\www\prueba\SistemaControl\vendor\codeigniter4\framework\system\CodeIgniter.php(503): CodeIgniter\CodeIgniter->runController(Object(App\Controllers\Maestros))
#9 C:\laragon\www\prueba\SistemaControl\vendor\codeigniter4\framework\system\CodeIgniter.php(361): CodeIgniter\CodeIgniter->handleRequest(NULL, Object(Config\Cache), false)
#10 C:\laragon\www\prueba\SistemaControl\public\index.php(79): CodeIgniter\CodeIgniter->run()
#11 {main}
CRITICAL - 2024-05-15 01:39:30 --> CodeIgniter\Database\Exceptions\DatabaseException: Cannot delete or update a parent row: a foreign key constraint fails (`sistema_control`.`usuarios`, CONSTRAINT `fk_idDocente` FOREIGN KEY (`idDocente`) REFERENCES `docente` (`idDocente`))
in SYSTEMPATH\Database\BaseConnection.php on line 647.
 1 SYSTEMPATH\Database\BaseBuilder.php(2787): CodeIgniter\Database\BaseConnection->query('DELETE FROM `docente`
WHERE `idDocente` IN :idDocente:', [...], false)
 2 SYSTEMPATH\Model.php(454): CodeIgniter\Database\BaseBuilder->delete()
 3 SYSTEMPATH\BaseModel.php(1120): CodeIgniter\Model->doDelete([...], false)
 4 APPPATH\Controllers\Maestros.php(100): CodeIgniter\BaseModel->delete([...])
 5 SYSTEMPATH\CodeIgniter.php(943): App\Controllers\Maestros->delete('5')
 6 SYSTEMPATH\CodeIgniter.php(503): CodeIgniter\CodeIgniter->runController(Object(App\Controllers\Maestros))
 7 SYSTEMPATH\CodeIgniter.php(361): CodeIgniter\CodeIgniter->handleRequest(null, Object(Config\Cache), false)
 8 FCPATH\index.php(79): CodeIgniter\CodeIgniter->run()
CRITICAL - 2024-05-15 01:39:30 --> [Caused by] CodeIgniter\Database\Exceptions\DatabaseException: Cannot delete or update a parent row: a foreign key constraint fails (`sistema_control`.`usuarios`, CONSTRAINT `fk_idDocente` FOREIGN KEY (`idDocente`) REFERENCES `docente` (`idDocente`))
in SYSTEMPATH\Database\MySQLi\Connection.php on line 311.
 1 SYSTEMPATH\Database\BaseConnection.php(693): CodeIgniter\Database\MySQLi\Connection->execute('DELETE FROM `docente`
WHERE `idDocente` IN (\'5\')')
 2 SYSTEMPATH\Database\BaseConnection.php(607): CodeIgniter\Database\BaseConnection->simpleQuery('DELETE FROM `docente`
WHERE `idDocente` IN (\'5\')')
 3 SYSTEMPATH\Database\BaseBuilder.php(2787): CodeIgniter\Database\BaseConnection->query('DELETE FROM `docente`
WHERE `idDocente` IN :idDocente:', [...], false)
 4 SYSTEMPATH\Model.php(454): CodeIgniter\Database\BaseBuilder->delete()
 5 SYSTEMPATH\BaseModel.php(1120): CodeIgniter\Model->doDelete([...], false)
 6 APPPATH\Controllers\Maestros.php(100): CodeIgniter\BaseModel->delete([...])
 7 SYSTEMPATH\CodeIgniter.php(943): App\Controllers\Maestros->delete('5')
 8 SYSTEMPATH\CodeIgniter.php(503): CodeIgniter\CodeIgniter->runController(Object(App\Controllers\Maestros))
 9 SYSTEMPATH\CodeIgniter.php(361): CodeIgniter\CodeIgniter->handleRequest(null, Object(Config\Cache), false)
10 FCPATH\index.php(79): CodeIgniter\CodeIgniter->run()
CRITICAL - 2024-05-15 01:39:30 --> [Caused by] mysqli_sql_exception: Cannot delete or update a parent row: a foreign key constraint fails (`sistema_control`.`usuarios`, CONSTRAINT `fk_idDocente` FOREIGN KEY (`idDocente`) REFERENCES `docente` (`idDocente`))
in SYSTEMPATH\Database\MySQLi\Connection.php on line 306.
 1 SYSTEMPATH\Database\MySQLi\Connection.php(306): mysqli->query('DELETE FROM `docente`
WHERE `idDocente` IN (\'5\')', 0)
 2 SYSTEMPATH\Database\BaseConnection.php(693): CodeIgniter\Database\MySQLi\Connection->execute('DELETE FROM `docente`
WHERE `idDocente` IN (\'5\')')
 3 SYSTEMPATH\Database\BaseConnection.php(607): CodeIgniter\Database\BaseConnection->simpleQuery('DELETE FROM `docente`
WHERE `idDocente` IN (\'5\')')
 4 SYSTEMPATH\Database\BaseBuilder.php(2787): CodeIgniter\Database\BaseConnection->query('DELETE FROM `docente`
WHERE `idDocente` IN :idDocente:', [...], false)
 5 SYSTEMPATH\Model.php(454): CodeIgniter\Database\BaseBuilder->delete()
 6 SYSTEMPATH\BaseModel.php(1120): CodeIgniter\Model->doDelete([...], false)
 7 APPPATH\Controllers\Maestros.php(100): CodeIgniter\BaseModel->delete([...])
 8 SYSTEMPATH\CodeIgniter.php(943): App\Controllers\Maestros->delete('5')
 9 SYSTEMPATH\CodeIgniter.php(503): CodeIgniter\CodeIgniter->runController(Object(App\Controllers\Maestros))
10 SYSTEMPATH\CodeIgniter.php(361): CodeIgniter\CodeIgniter->handleRequest(null, Object(Config\Cache), false)
11 FCPATH\index.php(79): CodeIgniter\CodeIgniter->run()
CRITICAL - 2024-05-15 01:49:49 --> BadMethodCallException: Call to undefined method App\Models\MaestroModel::filter
in SYSTEMPATH\Model.php on line 879.
 1 APPPATH\Controllers\Maestros.php(33): CodeIgniter\Model->__call('filter', [...])
 2 SYSTEMPATH\CodeIgniter.php(943): App\Controllers\Maestros->index()
 3 SYSTEMPATH\CodeIgniter.php(503): CodeIgniter\CodeIgniter->runController(Object(App\Controllers\Maestros))
 4 SYSTEMPATH\CodeIgniter.php(361): CodeIgniter\CodeIgniter->handleRequest(null, Object(Config\Cache), false)
 5 FCPATH\index.php(79): CodeIgniter\CodeIgniter->run()
CRITICAL - 2024-05-15 02:05:06 --> Error: Call to undefined method CodeIgniter\Database\MySQLi\Builder::paginate()
in APPPATH\Controllers\Maestros.php on line 33.
 1 SYSTEMPATH\CodeIgniter.php(943): App\Controllers\Maestros->index()
 2 SYSTEMPATH\CodeIgniter.php(503): CodeIgniter\CodeIgniter->runController(Object(App\Controllers\Maestros))
 3 SYSTEMPATH\CodeIgniter.php(361): CodeIgniter\CodeIgniter->handleRequest(null, Object(Config\Cache), false)
 4 FCPATH\index.php(79): CodeIgniter\CodeIgniter->run()
CRITICAL - 2024-05-15 02:40:36 --> ErrorException: Access level to App\Models\MaestroModel::$pager must be public (as in class CodeIgniter\BaseModel)
in APPPATH\Models\MaestroModel.php on line 9.
 1 [internal function]: CodeIgniter\Debug\Exceptions->shutdownHandler()
CRITICAL - 2024-05-15 02:52:09 --> Error: Call to undefined method CodeIgniter\Database\MySQLi\Builder::paginate()
in APPPATH\Models\MaestroModel.php on line 67.
 1 APPPATH\Controllers\Maestros.php(39): App\Models\MaestroModel->getPaginatedData(10, 1, [...])
 2 SYSTEMPATH\CodeIgniter.php(943): App\Controllers\Maestros->index()
 3 SYSTEMPATH\CodeIgniter.php(503): CodeIgniter\CodeIgniter->runController(Object(App\Controllers\Maestros))
 4 SYSTEMPATH\CodeIgniter.php(361): CodeIgniter\CodeIgniter->handleRequest(null, Object(Config\Cache), false)
 5 FCPATH\index.php(79): CodeIgniter\CodeIgniter->run()
CRITICAL - 2024-05-15 02:54:34 --> Error: Call to undefined method CodeIgniter\Database\MySQLi\Result::paginate()
in APPPATH\Models\MaestroModel.php on line 68.
 1 APPPATH\Controllers\Maestros.php(39): App\Models\MaestroModel->getPaginatedData(10, 1, [...])
 2 SYSTEMPATH\CodeIgniter.php(943): App\Controllers\Maestros->index()
 3 SYSTEMPATH\CodeIgniter.php(503): CodeIgniter\CodeIgniter->runController(Object(App\Controllers\Maestros))
 4 SYSTEMPATH\CodeIgniter.php(361): CodeIgniter\CodeIgniter->handleRequest(null, Object(Config\Cache), false)
 5 FCPATH\index.php(79): CodeIgniter\CodeIgniter->run()
CRITICAL - 2024-05-15 03:38:40 --> ErrorException: Undefined array key "nombre_completo"
in APPPATH\Views\maestros\index.php on line 68.
 1 APPPATH\Views\maestros\index.php(68): CodeIgniter\Debug\Exceptions->errorHandler(2, 'Undefined array key "nombre_completo"', 'C:\\laragon\\www\\prueba\\SistemaControl\\app\\Views\\maestros\\index.php', 68)
 2 SYSTEMPATH\View\View.php(228): include('C:\\laragon\\www\\prueba\\SistemaControl\\app\\Views\\maestros\\index.php')
 3 SYSTEMPATH\View\View.php(231): CodeIgniter\View\View->CodeIgniter\View\{closure}()
 4 SYSTEMPATH\Common.php(1178): CodeIgniter\View\View->render('maestros/index', [], true)
 5 APPPATH\Controllers\Maestros.php(47): view('maestros/index', [...])
 6 SYSTEMPATH\CodeIgniter.php(943): App\Controllers\Maestros->index()
 7 SYSTEMPATH\CodeIgniter.php(503): CodeIgniter\CodeIgniter->runController(Object(App\Controllers\Maestros))
 8 SYSTEMPATH\CodeIgniter.php(361): CodeIgniter\CodeIgniter->handleRequest(null, Object(Config\Cache), false)
 9 FCPATH\index.php(79): CodeIgniter\CodeIgniter->run()
CRITICAL - 2024-05-15 03:43:15 --> ErrorException: Undefined array key "idDocente"
in APPPATH\Views\maestros\index.php on line 75.
 1 APPPATH\Views\maestros\index.php(75): CodeIgniter\Debug\Exceptions->errorHandler(2, 'Undefined array key "idDocente"', 'C:\\laragon\\www\\prueba\\SistemaControl\\app\\Views\\maestros\\index.php', 75)
 2 SYSTEMPATH\View\View.php(228): include('C:\\laragon\\www\\prueba\\SistemaControl\\app\\Views\\maestros\\index.php')
 3 SYSTEMPATH\View\View.php(231): CodeIgniter\View\View->CodeIgniter\View\{closure}()
 4 SYSTEMPATH\Common.php(1178): CodeIgniter\View\View->render('maestros/index', [], true)
 5 APPPATH\Controllers\Maestros.php(47): view('maestros/index', [...])
 6 SYSTEMPATH\CodeIgniter.php(943): App\Controllers\Maestros->index()
 7 SYSTEMPATH\CodeIgniter.php(503): CodeIgniter\CodeIgniter->runController(Object(App\Controllers\Maestros))
 8 SYSTEMPATH\CodeIgniter.php(361): CodeIgniter\CodeIgniter->handleRequest(null, Object(Config\Cache), false)
 9 FCPATH\index.php(79): CodeIgniter\CodeIgniter->run()
CRITICAL - 2024-05-15 03:55:32 --> ErrorException: Undefined array key "idDocente"
in APPPATH\Views\maestros\index.php on line 75.
 1 APPPATH\Views\maestros\index.php(75): CodeIgniter\Debug\Exceptions->errorHandler(2, 'Undefined array key "idDocente"', 'C:\\laragon\\www\\prueba\\SistemaControl\\app\\Views\\maestros\\index.php', 75)
 2 SYSTEMPATH\View\View.php(228): include('C:\\laragon\\www\\prueba\\SistemaControl\\app\\Views\\maestros\\index.php')
 3 SYSTEMPATH\View\View.php(231): CodeIgniter\View\View->CodeIgniter\View\{closure}()
 4 SYSTEMPATH\Common.php(1178): CodeIgniter\View\View->render('maestros/index', [], true)
 5 APPPATH\Controllers\Maestros.php(47): view('maestros/index', [...])
 6 SYSTEMPATH\CodeIgniter.php(943): App\Controllers\Maestros->index()
 7 SYSTEMPATH\CodeIgniter.php(503): CodeIgniter\CodeIgniter->runController(Object(App\Controllers\Maestros))
 8 SYSTEMPATH\CodeIgniter.php(361): CodeIgniter\CodeIgniter->handleRequest(null, Object(Config\Cache), false)
 9 FCPATH\index.php(79): CodeIgniter\CodeIgniter->run()
CRITICAL - 2024-05-15 03:59:38 --> ErrorException: Undefined array key "idDocente"
in APPPATH\Views\maestros\index.php on line 75.
 1 APPPATH\Views\maestros\index.php(75): CodeIgniter\Debug\Exceptions->errorHandler(2, 'Undefined array key "idDocente"', 'C:\\laragon\\www\\prueba\\SistemaControl\\app\\Views\\maestros\\index.php', 75)
 2 SYSTEMPATH\View\View.php(228): include('C:\\laragon\\www\\prueba\\SistemaControl\\app\\Views\\maestros\\index.php')
 3 SYSTEMPATH\View\View.php(231): CodeIgniter\View\View->CodeIgniter\View\{closure}()
 4 SYSTEMPATH\Common.php(1178): CodeIgniter\View\View->render('maestros/index', [], true)
 5 APPPATH\Controllers\Maestros.php(52): view('maestros/index', [...])
 6 SYSTEMPATH\CodeIgniter.php(943): App\Controllers\Maestros->index()
 7 SYSTEMPATH\CodeIgniter.php(503): CodeIgniter\CodeIgniter->runController(Object(App\Controllers\Maestros))
 8 SYSTEMPATH\CodeIgniter.php(361): CodeIgniter\CodeIgniter->handleRequest(null, Object(Config\Cache), false)
 9 FCPATH\index.php(79): CodeIgniter\CodeIgniter->run()
CRITICAL - 2024-05-15 04:06:43 --> ErrorException: Undefined array key "idDocente"
in APPPATH\Views\maestros\index.php on line 75.
 1 APPPATH\Views\maestros\index.php(75): CodeIgniter\Debug\Exceptions->errorHandler(2, 'Undefined array key "idDocente"', 'C:\\laragon\\www\\prueba\\SistemaControl\\app\\Views\\maestros\\index.php', 75)
 2 SYSTEMPATH\View\View.php(228): include('C:\\laragon\\www\\prueba\\SistemaControl\\app\\Views\\maestros\\index.php')
 3 SYSTEMPATH\View\View.php(231): CodeIgniter\View\View->CodeIgniter\View\{closure}()
 4 SYSTEMPATH\Common.php(1178): CodeIgniter\View\View->render('maestros/index', [], true)
 5 APPPATH\Controllers\Maestros.php(47): view('maestros/index', [...])
 6 SYSTEMPATH\CodeIgniter.php(943): App\Controllers\Maestros->index()
 7 SYSTEMPATH\CodeIgniter.php(503): CodeIgniter\CodeIgniter->runController(Object(App\Controllers\Maestros))
 8 SYSTEMPATH\CodeIgniter.php(361): CodeIgniter\CodeIgniter->handleRequest(null, Object(Config\Cache), false)
 9 FCPATH\index.php(79): CodeIgniter\CodeIgniter->run()
CRITICAL - 2024-05-15 04:11:54 --> ErrorException: Undefined variable $maestros
in APPPATH\Views\maestros\index.php on line 66.
 1 APPPATH\Views\maestros\index.php(66): CodeIgniter\Debug\Exceptions->errorHandler(2, 'Undefined variable $maestros', 'C:\\laragon\\www\\prueba\\SistemaControl\\app\\Views\\maestros\\index.php', 66)
 2 SYSTEMPATH\View\View.php(228): include('C:\\laragon\\www\\prueba\\SistemaControl\\app\\Views\\maestros\\index.php')
 3 SYSTEMPATH\View\View.php(231): CodeIgniter\View\View->CodeIgniter\View\{closure}()
 4 SYSTEMPATH\Common.php(1178): CodeIgniter\View\View->render('maestros/index', [], true)
 5 APPPATH\Controllers\Maestros.php(42): view('maestros/index', [...])
 6 SYSTEMPATH\CodeIgniter.php(943): App\Controllers\Maestros->index()
 7 SYSTEMPATH\CodeIgniter.php(503): CodeIgniter\CodeIgniter->runController(Object(App\Controllers\Maestros))
 8 SYSTEMPATH\CodeIgniter.php(361): CodeIgniter\CodeIgniter->handleRequest(null, Object(Config\Cache), false)
 9 FCPATH\index.php(79): CodeIgniter\CodeIgniter->run()
CRITICAL - 2024-05-15 04:14:52 --> ErrorException: Undefined variable $maestros
in APPPATH\Views\maestros\index.php on line 66.
 1 APPPATH\Views\maestros\index.php(66): CodeIgniter\Debug\Exceptions->errorHandler(2, 'Undefined variable $maestros', 'C:\\laragon\\www\\prueba\\SistemaControl\\app\\Views\\maestros\\index.php', 66)
 2 SYSTEMPATH\View\View.php(228): include('C:\\laragon\\www\\prueba\\SistemaControl\\app\\Views\\maestros\\index.php')
 3 SYSTEMPATH\View\View.php(231): CodeIgniter\View\View->CodeIgniter\View\{closure}()
 4 SYSTEMPATH\Common.php(1178): CodeIgniter\View\View->render('maestros/index', [], true)
 5 APPPATH\Controllers\Maestros.php(42): view('maestros/index', [...])
 6 SYSTEMPATH\CodeIgniter.php(943): App\Controllers\Maestros->index()
 7 SYSTEMPATH\CodeIgniter.php(503): CodeIgniter\CodeIgniter->runController(Object(App\Controllers\Maestros))
 8 SYSTEMPATH\CodeIgniter.php(361): CodeIgniter\CodeIgniter->handleRequest(null, Object(Config\Cache), false)
 9 FCPATH\index.php(79): CodeIgniter\CodeIgniter->run()
CRITICAL - 2024-05-15 04:17:36 --> ErrorException: Undefined variable $maestros
in APPPATH\Views\maestros\index.php on line 66.
 1 APPPATH\Views\maestros\index.php(66): CodeIgniter\Debug\Exceptions->errorHandler(2, 'Undefined variable $maestros', 'C:\\laragon\\www\\prueba\\SistemaControl\\app\\Views\\maestros\\index.php', 66)
 2 SYSTEMPATH\View\View.php(228): include('C:\\laragon\\www\\prueba\\SistemaControl\\app\\Views\\maestros\\index.php')
 3 SYSTEMPATH\View\View.php(231): CodeIgniter\View\View->CodeIgniter\View\{closure}()
 4 SYSTEMPATH\Common.php(1178): CodeIgniter\View\View->render('maestros/index', [], true)
 5 APPPATH\Controllers\Maestros.php(42): view('maestros/index', [...])
 6 SYSTEMPATH\CodeIgniter.php(943): App\Controllers\Maestros->index()
 7 SYSTEMPATH\CodeIgniter.php(503): CodeIgniter\CodeIgniter->runController(Object(App\Controllers\Maestros))
 8 SYSTEMPATH\CodeIgniter.php(361): CodeIgniter\CodeIgniter->handleRequest(null, Object(Config\Cache), false)
 9 FCPATH\index.php(79): CodeIgniter\CodeIgniter->run()
