CRITICAL - 2024-04-19 01:10:21 --> ErrorException: Attempt to read property "idDatosResponsable" on array
in APPPATH\Views\padres\edit.php on line 12.
 1 APPPATH\Views\padres\edit.php(12): CodeIgniter\Debug\Exceptions->errorHandler(2, 'Attempt to read property "idDatosResponsable" on array', 'C:\\laragon\\www\\prueba\\SistemaControl\\app\\Views\\padres\\edit.php', 12)
 2 SYSTEMPATH\View\View.php(228): include('C:\\laragon\\www\\prueba\\SistemaControl\\app\\Views\\padres\\edit.php')
 3 SYSTEMPATH\View\View.php(231): CodeIgniter\View\View->CodeIgniter\View\{closure}()
 4 SYSTEMPATH\Common.php(1178): CodeIgniter\View\View->render('padres/edit', [], true)
 5 APPPATH\Controllers\Padres.php(86): view('padres/edit', [...])
 6 SYSTEMPATH\CodeIgniter.php(943): App\Controllers\Padres->edit('1')
 7 SYSTEMPATH\CodeIgniter.php(503): CodeIgniter\CodeIgniter->runController(Object(App\Controllers\Padres))
 8 SYSTEMPATH\CodeIgniter.php(361): CodeIgniter\CodeIgniter->handleRequest(null, Object(Config\Cache), false)
 9 FCPATH\index.php(79): CodeIgniter\CodeIgniter->run()
CRITICAL - 2024-04-19 01:27:51 --> ErrorException: Attempt to read property "idDatosResponsable" on array
in APPPATH\Views\padres\edit.php on line 12.
 1 APPPATH\Views\padres\edit.php(12): CodeIgniter\Debug\Exceptions->errorHandler(2, 'Attempt to read property "idDatosResponsable" on array', 'C:\\laragon\\www\\prueba\\SistemaControl\\app\\Views\\padres\\edit.php', 12)
 2 SYSTEMPATH\View\View.php(228): include('C:\\laragon\\www\\prueba\\SistemaControl\\app\\Views\\padres\\edit.php')
 3 SYSTEMPATH\View\View.php(231): CodeIgniter\View\View->CodeIgniter\View\{closure}()
 4 SYSTEMPATH\Common.php(1178): CodeIgniter\View\View->render('padres/edit', [], true)
 5 APPPATH\Controllers\Padres.php(86): view('padres/edit', [...])
 6 SYSTEMPATH\CodeIgniter.php(943): App\Controllers\Padres->edit('1')
 7 SYSTEMPATH\CodeIgniter.php(503): CodeIgniter\CodeIgniter->runController(Object(App\Controllers\Padres))
 8 SYSTEMPATH\CodeIgniter.php(361): CodeIgniter\CodeIgniter->handleRequest(null, Object(Config\Cache), false)
 9 FCPATH\index.php(79): CodeIgniter\CodeIgniter->run()
CRITICAL - 2024-04-19 01:49:58 --> ErrorException: Attempt to read property "idDatosResponsable" on array
in APPPATH\Views\padres\edit.php on line 12.
 1 APPPATH\Views\padres\edit.php(12): CodeIgniter\Debug\Exceptions->errorHandler(2, 'Attempt to read property "idDatosResponsable" on array', 'C:\\laragon\\www\\prueba\\SistemaControl\\app\\Views\\padres\\edit.php', 12)
 2 SYSTEMPATH\View\View.php(228): include('C:\\laragon\\www\\prueba\\SistemaControl\\app\\Views\\padres\\edit.php')
 3 SYSTEMPATH\View\View.php(231): CodeIgniter\View\View->CodeIgniter\View\{closure}()
 4 SYSTEMPATH\Common.php(1178): CodeIgniter\View\View->render('padres/edit', [], true)
 5 APPPATH\Controllers\Padres.php(86): view('padres/edit', [...])
 6 SYSTEMPATH\CodeIgniter.php(943): App\Controllers\Padres->edit('1')
 7 SYSTEMPATH\CodeIgniter.php(503): CodeIgniter\CodeIgniter->runController(Object(App\Controllers\Padres))
 8 SYSTEMPATH\CodeIgniter.php(361): CodeIgniter\CodeIgniter->handleRequest(null, Object(Config\Cache), false)
 9 FCPATH\index.php(79): CodeIgniter\CodeIgniter->run()
CRITICAL - 2024-04-19 01:52:49 --> ErrorException: Undefined array key "idDatosResposnsable"
in APPPATH\Views\padres\edit.php on line 12.
 1 APPPATH\Views\padres\edit.php(12): CodeIgniter\Debug\Exceptions->errorHandler(2, 'Undefined array key "idDatosResposnsable"', 'C:\\laragon\\www\\prueba\\SistemaControl\\app\\Views\\padres\\edit.php', 12)
 2 SYSTEMPATH\View\View.php(228): include('C:\\laragon\\www\\prueba\\SistemaControl\\app\\Views\\padres\\edit.php')
 3 SYSTEMPATH\View\View.php(231): CodeIgniter\View\View->CodeIgniter\View\{closure}()
 4 SYSTEMPATH\Common.php(1178): CodeIgniter\View\View->render('padres/edit', [], true)
 5 APPPATH\Controllers\Padres.php(86): view('padres/edit', [...])
 6 SYSTEMPATH\CodeIgniter.php(943): App\Controllers\Padres->edit('1')
 7 SYSTEMPATH\CodeIgniter.php(503): CodeIgniter\CodeIgniter->runController(Object(App\Controllers\Padres))
 8 SYSTEMPATH\CodeIgniter.php(361): CodeIgniter\CodeIgniter->handleRequest(null, Object(Config\Cache), false)
 9 FCPATH\index.php(79): CodeIgniter\CodeIgniter->run()
CRITICAL - 2024-04-19 01:58:34 --> ErrorException: Undefined array key "idDatosResposnsable"
in APPPATH\Controllers\Padres.php on line 83.
 1 APPPATH\Controllers\Padres.php(83): CodeIgniter\Debug\Exceptions->errorHandler(2, 'Undefined array key "idDatosResposnsable"', 'C:\\laragon\\www\\prueba\\SistemaControl\\app\\Controllers\\Padres.php', 83)
 2 SYSTEMPATH\CodeIgniter.php(943): App\Controllers\Padres->edit('1')
 3 SYSTEMPATH\CodeIgniter.php(503): CodeIgniter\CodeIgniter->runController(Object(App\Controllers\Padres))
 4 SYSTEMPATH\CodeIgniter.php(361): CodeIgniter\CodeIgniter->handleRequest(null, Object(Config\Cache), false)
 5 FCPATH\index.php(79): CodeIgniter\CodeIgniter->run()
CRITICAL - 2024-04-19 01:59:47 --> ErrorException: Undefined array key "idDatosResposnsable"
in APPPATH\Controllers\Padres.php on line 83.
 1 APPPATH\Controllers\Padres.php(83): CodeIgniter\Debug\Exceptions->errorHandler(2, 'Undefined array key "idDatosResposnsable"', 'C:\\laragon\\www\\prueba\\SistemaControl\\app\\Controllers\\Padres.php', 83)
 2 SYSTEMPATH\CodeIgniter.php(943): App\Controllers\Padres->edit('1')
 3 SYSTEMPATH\CodeIgniter.php(503): CodeIgniter\CodeIgniter->runController(Object(App\Controllers\Padres))
 4 SYSTEMPATH\CodeIgniter.php(361): CodeIgniter\CodeIgniter->handleRequest(null, Object(Config\Cache), false)
 5 FCPATH\index.php(79): CodeIgniter\CodeIgniter->run()
CRITICAL - 2024-04-19 02:00:46 --> ErrorException: Attempt to read property "nombre_completo" on array
in APPPATH\Views\padres\edit.php on line 16.
 1 APPPATH\Views\padres\edit.php(16): CodeIgniter\Debug\Exceptions->errorHandler(2, 'Attempt to read property "nombre_completo" on array', 'C:\\laragon\\www\\prueba\\SistemaControl\\app\\Views\\padres\\edit.php', 16)
 2 SYSTEMPATH\View\View.php(228): include('C:\\laragon\\www\\prueba\\SistemaControl\\app\\Views\\padres\\edit.php')
 3 SYSTEMPATH\View\View.php(231): CodeIgniter\View\View->CodeIgniter\View\{closure}()
 4 SYSTEMPATH\Common.php(1178): CodeIgniter\View\View->render('padres/edit', [], true)
 5 APPPATH\Controllers\Padres.php(86): view('padres/edit', [...])
 6 SYSTEMPATH\CodeIgniter.php(943): App\Controllers\Padres->edit('1')
 7 SYSTEMPATH\CodeIgniter.php(503): CodeIgniter\CodeIgniter->runController(Object(App\Controllers\Padres))
 8 SYSTEMPATH\CodeIgniter.php(361): CodeIgniter\CodeIgniter->handleRequest(null, Object(Config\Cache), false)
 9 FCPATH\index.php(79): CodeIgniter\CodeIgniter->run()
CRITICAL - 2024-04-19 02:03:10 --> ErrorException: Attempt to read property "nombre_completo" on array
in APPPATH\Views\padres\edit.php on line 16.
 1 APPPATH\Views\padres\edit.php(16): CodeIgniter\Debug\Exceptions->errorHandler(2, 'Attempt to read property "nombre_completo" on array', 'C:\\laragon\\www\\prueba\\SistemaControl\\app\\Views\\padres\\edit.php', 16)
 2 SYSTEMPATH\View\View.php(228): include('C:\\laragon\\www\\prueba\\SistemaControl\\app\\Views\\padres\\edit.php')
 3 SYSTEMPATH\View\View.php(231): CodeIgniter\View\View->CodeIgniter\View\{closure}()
 4 SYSTEMPATH\Common.php(1178): CodeIgniter\View\View->render('padres/edit', [], true)
 5 APPPATH\Controllers\Padres.php(86): view('padres/edit', [...])
 6 SYSTEMPATH\CodeIgniter.php(943): App\Controllers\Padres->edit('1')
 7 SYSTEMPATH\CodeIgniter.php(503): CodeIgniter\CodeIgniter->runController(Object(App\Controllers\Padres))
 8 SYSTEMPATH\CodeIgniter.php(361): CodeIgniter\CodeIgniter->handleRequest(null, Object(Config\Cache), false)
 9 FCPATH\index.php(79): CodeIgniter\CodeIgniter->run()
CRITICAL - 2024-04-19 02:10:05 --> ErrorException: Attempt to read property "nombre_completo" on array
in APPPATH\Views\padres\edit.php on line 16.
 1 APPPATH\Views\padres\edit.php(16): CodeIgniter\Debug\Exceptions->errorHandler(2, 'Attempt to read property "nombre_completo" on array', 'C:\\laragon\\www\\prueba\\SistemaControl\\app\\Views\\padres\\edit.php', 16)
 2 SYSTEMPATH\View\View.php(228): include('C:\\laragon\\www\\prueba\\SistemaControl\\app\\Views\\padres\\edit.php')
 3 SYSTEMPATH\View\View.php(231): CodeIgniter\View\View->CodeIgniter\View\{closure}()
 4 SYSTEMPATH\Common.php(1178): CodeIgniter\View\View->render('padres/edit', [], true)
 5 APPPATH\Controllers\Padres.php(86): view('padres/edit', [...])
 6 SYSTEMPATH\CodeIgniter.php(943): App\Controllers\Padres->edit('1')
 7 SYSTEMPATH\CodeIgniter.php(503): CodeIgniter\CodeIgniter->runController(Object(App\Controllers\Padres))
 8 SYSTEMPATH\CodeIgniter.php(361): CodeIgniter\CodeIgniter->handleRequest(null, Object(Config\Cache), false)
 9 FCPATH\index.php(79): CodeIgniter\CodeIgniter->run()
CRITICAL - 2024-04-19 02:26:30 --> ErrorException: Attempt to read property "dui" on array
in APPPATH\Views\padres\edit.php on line 20.
 1 APPPATH\Views\padres\edit.php(20): CodeIgniter\Debug\Exceptions->errorHandler(2, 'Attempt to read property "dui" on array', 'C:\\laragon\\www\\prueba\\SistemaControl\\app\\Views\\padres\\edit.php', 20)
 2 SYSTEMPATH\View\View.php(228): include('C:\\laragon\\www\\prueba\\SistemaControl\\app\\Views\\padres\\edit.php')
 3 SYSTEMPATH\View\View.php(231): CodeIgniter\View\View->CodeIgniter\View\{closure}()
 4 SYSTEMPATH\Common.php(1178): CodeIgniter\View\View->render('padres/edit', [], true)
 5 APPPATH\Controllers\Padres.php(86): view('padres/edit', [...])
 6 SYSTEMPATH\CodeIgniter.php(943): App\Controllers\Padres->edit('1')
 7 SYSTEMPATH\CodeIgniter.php(503): CodeIgniter\CodeIgniter->runController(Object(App\Controllers\Padres))
 8 SYSTEMPATH\CodeIgniter.php(361): CodeIgniter\CodeIgniter->handleRequest(null, Object(Config\Cache), false)
 9 FCPATH\index.php(79): CodeIgniter\CodeIgniter->run()
CRITICAL - 2024-04-19 02:26:37 --> ErrorException: Attempt to read property "dui" on array
in APPPATH\Views\padres\edit.php on line 20.
 1 APPPATH\Views\padres\edit.php(20): CodeIgniter\Debug\Exceptions->errorHandler(2, 'Attempt to read property "dui" on array', 'C:\\laragon\\www\\prueba\\SistemaControl\\app\\Views\\padres\\edit.php', 20)
 2 SYSTEMPATH\View\View.php(228): include('C:\\laragon\\www\\prueba\\SistemaControl\\app\\Views\\padres\\edit.php')
 3 SYSTEMPATH\View\View.php(231): CodeIgniter\View\View->CodeIgniter\View\{closure}()
 4 SYSTEMPATH\Common.php(1178): CodeIgniter\View\View->render('padres/edit', [], true)
 5 APPPATH\Controllers\Padres.php(86): view('padres/edit', [...])
 6 SYSTEMPATH\CodeIgniter.php(943): App\Controllers\Padres->edit('1')
 7 SYSTEMPATH\CodeIgniter.php(503): CodeIgniter\CodeIgniter->runController(Object(App\Controllers\Padres))
 8 SYSTEMPATH\CodeIgniter.php(361): CodeIgniter\CodeIgniter->handleRequest(null, Object(Config\Cache), false)
 9 FCPATH\index.php(79): CodeIgniter\CodeIgniter->run()
CRITICAL - 2024-04-19 02:28:30 --> ErrorException: Undefined array key "NIE"
in APPPATH\Views\padres\edit.php on line 58.
 1 APPPATH\Views\padres\edit.php(58): CodeIgniter\Debug\Exceptions->errorHandler(2, 'Undefined array key "NIE"', 'C:\\laragon\\www\\prueba\\SistemaControl\\app\\Views\\padres\\edit.php', 58)
 2 SYSTEMPATH\View\View.php(228): include('C:\\laragon\\www\\prueba\\SistemaControl\\app\\Views\\padres\\edit.php')
 3 SYSTEMPATH\View\View.php(231): CodeIgniter\View\View->CodeIgniter\View\{closure}()
 4 SYSTEMPATH\Common.php(1178): CodeIgniter\View\View->render('padres/edit', [], true)
 5 APPPATH\Controllers\Padres.php(86): view('padres/edit', [...])
 6 SYSTEMPATH\CodeIgniter.php(943): App\Controllers\Padres->edit('1')
 7 SYSTEMPATH\CodeIgniter.php(503): CodeIgniter\CodeIgniter->runController(Object(App\Controllers\Padres))
 8 SYSTEMPATH\CodeIgniter.php(361): CodeIgniter\CodeIgniter->handleRequest(null, Object(Config\Cache), false)
 9 FCPATH\index.php(79): CodeIgniter\CodeIgniter->run()
CRITICAL - 2024-04-19 02:37:13 --> ErrorException: Undefined array key "NIE"
in APPPATH\Views\padres\edit.php on line 58.
 1 APPPATH\Views\padres\edit.php(58): CodeIgniter\Debug\Exceptions->errorHandler(2, 'Undefined array key "NIE"', 'C:\\laragon\\www\\prueba\\SistemaControl\\app\\Views\\padres\\edit.php', 58)
 2 SYSTEMPATH\View\View.php(228): include('C:\\laragon\\www\\prueba\\SistemaControl\\app\\Views\\padres\\edit.php')
 3 SYSTEMPATH\View\View.php(231): CodeIgniter\View\View->CodeIgniter\View\{closure}()
 4 SYSTEMPATH\Common.php(1178): CodeIgniter\View\View->render('padres/edit', [], true)
 5 APPPATH\Controllers\Padres.php(86): view('padres/edit', [...])
 6 SYSTEMPATH\CodeIgniter.php(943): App\Controllers\Padres->edit('1')
 7 SYSTEMPATH\CodeIgniter.php(503): CodeIgniter\CodeIgniter->runController(Object(App\Controllers\Padres))
 8 SYSTEMPATH\CodeIgniter.php(361): CodeIgniter\CodeIgniter->handleRequest(null, Object(Config\Cache), false)
 9 FCPATH\index.php(79): CodeIgniter\CodeIgniter->run()
CRITICAL - 2024-04-19 02:41:40 --> ErrorException: Undefined array key "NIE"
in APPPATH\Views\padres\edit.php on line 58.
 1 APPPATH\Views\padres\edit.php(58): CodeIgniter\Debug\Exceptions->errorHandler(2, 'Undefined array key "NIE"', 'C:\\laragon\\www\\prueba\\SistemaControl\\app\\Views\\padres\\edit.php', 58)
 2 SYSTEMPATH\View\View.php(228): include('C:\\laragon\\www\\prueba\\SistemaControl\\app\\Views\\padres\\edit.php')
 3 SYSTEMPATH\View\View.php(231): CodeIgniter\View\View->CodeIgniter\View\{closure}()
 4 SYSTEMPATH\Common.php(1178): CodeIgniter\View\View->render('padres/edit', [], true)
 5 APPPATH\Controllers\Padres.php(86): view('padres/edit', [...])
 6 SYSTEMPATH\CodeIgniter.php(943): App\Controllers\Padres->edit('1')
 7 SYSTEMPATH\CodeIgniter.php(503): CodeIgniter\CodeIgniter->runController(Object(App\Controllers\Padres))
 8 SYSTEMPATH\CodeIgniter.php(361): CodeIgniter\CodeIgniter->handleRequest(null, Object(Config\Cache), false)
 9 FCPATH\index.php(79): CodeIgniter\CodeIgniter->run()
CRITICAL - 2024-04-19 02:43:55 --> ErrorException: Undefined array key "NIE"
in APPPATH\Views\padres\edit.php on line 58.
 1 APPPATH\Views\padres\edit.php(58): CodeIgniter\Debug\Exceptions->errorHandler(2, 'Undefined array key "NIE"', 'C:\\laragon\\www\\prueba\\SistemaControl\\app\\Views\\padres\\edit.php', 58)
 2 SYSTEMPATH\View\View.php(228): include('C:\\laragon\\www\\prueba\\SistemaControl\\app\\Views\\padres\\edit.php')
 3 SYSTEMPATH\View\View.php(231): CodeIgniter\View\View->CodeIgniter\View\{closure}()
 4 SYSTEMPATH\Common.php(1178): CodeIgniter\View\View->render('padres/edit', [], true)
 5 APPPATH\Controllers\Padres.php(86): view('padres/edit', [...])
 6 SYSTEMPATH\CodeIgniter.php(943): App\Controllers\Padres->edit('1')
 7 SYSTEMPATH\CodeIgniter.php(503): CodeIgniter\CodeIgniter->runController(Object(App\Controllers\Padres))
 8 SYSTEMPATH\CodeIgniter.php(361): CodeIgniter\CodeIgniter->handleRequest(null, Object(Config\Cache), false)
 9 FCPATH\index.php(79): CodeIgniter\CodeIgniter->run()
CRITICAL - 2024-04-19 04:32:06 --> ErrorException: Trying to access array offset on value of type null
in APPPATH\Controllers\Padres.php on line 121.
 1 APPPATH\Controllers\Padres.php(121): CodeIgniter\Debug\Exceptions->errorHandler(2, 'Trying to access array offset on value of type null', 'C:\\laragon\\www\\prueba\\SistemaControl\\app\\Controllers\\Padres.php', 121)
 2 SYSTEMPATH\CodeIgniter.php(943): App\Controllers\Padres->update('1')
 3 SYSTEMPATH\CodeIgniter.php(503): CodeIgniter\CodeIgniter->runController(Object(App\Controllers\Padres))
 4 SYSTEMPATH\CodeIgniter.php(361): CodeIgniter\CodeIgniter->handleRequest(null, Object(Config\Cache), false)
 5 FCPATH\index.php(79): CodeIgniter\CodeIgniter->run()
CRITICAL - 2024-04-19 04:32:22 --> ErrorException: Trying to access array offset on value of type null
in APPPATH\Controllers\Padres.php on line 121.
 1 APPPATH\Controllers\Padres.php(121): CodeIgniter\Debug\Exceptions->errorHandler(2, 'Trying to access array offset on value of type null', 'C:\\laragon\\www\\prueba\\SistemaControl\\app\\Controllers\\Padres.php', 121)
 2 SYSTEMPATH\CodeIgniter.php(943): App\Controllers\Padres->update('1')
 3 SYSTEMPATH\CodeIgniter.php(503): CodeIgniter\CodeIgniter->runController(Object(App\Controllers\Padres))
 4 SYSTEMPATH\CodeIgniter.php(361): CodeIgniter\CodeIgniter->handleRequest(null, Object(Config\Cache), false)
 5 FCPATH\index.php(79): CodeIgniter\CodeIgniter->run()
CRITICAL - 2024-04-19 04:32:53 --> ErrorException: Trying to access array offset on value of type null
in APPPATH\Controllers\Padres.php on line 121.
 1 APPPATH\Controllers\Padres.php(121): CodeIgniter\Debug\Exceptions->errorHandler(2, 'Trying to access array offset on value of type null', 'C:\\laragon\\www\\prueba\\SistemaControl\\app\\Controllers\\Padres.php', 121)
 2 SYSTEMPATH\CodeIgniter.php(943): App\Controllers\Padres->update('1')
 3 SYSTEMPATH\CodeIgniter.php(503): CodeIgniter\CodeIgniter->runController(Object(App\Controllers\Padres))
 4 SYSTEMPATH\CodeIgniter.php(361): CodeIgniter\CodeIgniter->handleRequest(null, Object(Config\Cache), false)
 5 FCPATH\index.php(79): CodeIgniter\CodeIgniter->run()
CRITICAL - 2024-04-19 04:33:15 --> ErrorException: Trying to access array offset on value of type null
in APPPATH\Controllers\Padres.php on line 121.
 1 APPPATH\Controllers\Padres.php(121): CodeIgniter\Debug\Exceptions->errorHandler(2, 'Trying to access array offset on value of type null', 'C:\\laragon\\www\\prueba\\SistemaControl\\app\\Controllers\\Padres.php', 121)
 2 SYSTEMPATH\CodeIgniter.php(943): App\Controllers\Padres->update('1')
 3 SYSTEMPATH\CodeIgniter.php(503): CodeIgniter\CodeIgniter->runController(Object(App\Controllers\Padres))
 4 SYSTEMPATH\CodeIgniter.php(361): CodeIgniter\CodeIgniter->handleRequest(null, Object(Config\Cache), false)
 5 FCPATH\index.php(79): CodeIgniter\CodeIgniter->run()
CRITICAL - 2024-04-19 04:33:30 --> ErrorException: Trying to access array offset on value of type null
in APPPATH\Controllers\Padres.php on line 121.
 1 APPPATH\Controllers\Padres.php(121): CodeIgniter\Debug\Exceptions->errorHandler(2, 'Trying to access array offset on value of type null', 'C:\\laragon\\www\\prueba\\SistemaControl\\app\\Controllers\\Padres.php', 121)
 2 SYSTEMPATH\CodeIgniter.php(943): App\Controllers\Padres->update('1')
 3 SYSTEMPATH\CodeIgniter.php(503): CodeIgniter\CodeIgniter->runController(Object(App\Controllers\Padres))
 4 SYSTEMPATH\CodeIgniter.php(361): CodeIgniter\CodeIgniter->handleRequest(null, Object(Config\Cache), false)
 5 FCPATH\index.php(79): CodeIgniter\CodeIgniter->run()
CRITICAL - 2024-04-19 04:33:41 --> ErrorException: Trying to access array offset on value of type null
in APPPATH\Controllers\Padres.php on line 121.
 1 APPPATH\Controllers\Padres.php(121): CodeIgniter\Debug\Exceptions->errorHandler(2, 'Trying to access array offset on value of type null', 'C:\\laragon\\www\\prueba\\SistemaControl\\app\\Controllers\\Padres.php', 121)
 2 SYSTEMPATH\CodeIgniter.php(943): App\Controllers\Padres->update('1')
 3 SYSTEMPATH\CodeIgniter.php(503): CodeIgniter\CodeIgniter->runController(Object(App\Controllers\Padres))
 4 SYSTEMPATH\CodeIgniter.php(361): CodeIgniter\CodeIgniter->handleRequest(null, Object(Config\Cache), false)
 5 FCPATH\index.php(79): CodeIgniter\CodeIgniter->run()
CRITICAL - 2024-04-19 04:36:15 --> ErrorException: Trying to access array offset on value of type null
in APPPATH\Controllers\Padres.php on line 121.
 1 APPPATH\Controllers\Padres.php(121): CodeIgniter\Debug\Exceptions->errorHandler(2, 'Trying to access array offset on value of type null', 'C:\\laragon\\www\\prueba\\SistemaControl\\app\\Controllers\\Padres.php', 121)
 2 SYSTEMPATH\CodeIgniter.php(943): App\Controllers\Padres->update('1')
 3 SYSTEMPATH\CodeIgniter.php(503): CodeIgniter\CodeIgniter->runController(Object(App\Controllers\Padres))
 4 SYSTEMPATH\CodeIgniter.php(361): CodeIgniter\CodeIgniter->handleRequest(null, Object(Config\Cache), false)
 5 FCPATH\index.php(79): CodeIgniter\CodeIgniter->run()
CRITICAL - 2024-04-19 04:44:06 --> ErrorException: Trying to access array offset on value of type null
in APPPATH\Controllers\Padres.php on line 121.
 1 APPPATH\Controllers\Padres.php(121): CodeIgniter\Debug\Exceptions->errorHandler(2, 'Trying to access array offset on value of type null', 'C:\\laragon\\www\\prueba\\SistemaControl\\app\\Controllers\\Padres.php', 121)
 2 SYSTEMPATH\CodeIgniter.php(943): App\Controllers\Padres->update('1')
 3 SYSTEMPATH\CodeIgniter.php(503): CodeIgniter\CodeIgniter->runController(Object(App\Controllers\Padres))
 4 SYSTEMPATH\CodeIgniter.php(361): CodeIgniter\CodeIgniter->handleRequest(null, Object(Config\Cache), false)
 5 FCPATH\index.php(79): CodeIgniter\CodeIgniter->run()
CRITICAL - 2024-04-19 04:44:12 --> ErrorException: Trying to access array offset on value of type null
in APPPATH\Controllers\Padres.php on line 121.
 1 APPPATH\Controllers\Padres.php(121): CodeIgniter\Debug\Exceptions->errorHandler(2, 'Trying to access array offset on value of type null', 'C:\\laragon\\www\\prueba\\SistemaControl\\app\\Controllers\\Padres.php', 121)
 2 SYSTEMPATH\CodeIgniter.php(943): App\Controllers\Padres->update('1')
 3 SYSTEMPATH\CodeIgniter.php(503): CodeIgniter\CodeIgniter->runController(Object(App\Controllers\Padres))
 4 SYSTEMPATH\CodeIgniter.php(361): CodeIgniter\CodeIgniter->handleRequest(null, Object(Config\Cache), false)
 5 FCPATH\index.php(79): CodeIgniter\CodeIgniter->run()
ERROR - 2024-04-19 04:54:05 --> mysqli_sql_exception: Unknown column 'idDatosResponsable' in 'where clause' in C:\laragon\www\prueba\SistemaControl\vendor\codeigniter4\framework\system\Database\MySQLi\Connection.php:306
Stack trace:
#0 C:\laragon\www\prueba\SistemaControl\vendor\codeigniter4\framework\system\Database\MySQLi\Connection.php(306): mysqli->query('SELECT *\nFROM `...', 0)
#1 C:\laragon\www\prueba\SistemaControl\vendor\codeigniter4\framework\system\Database\BaseConnection.php(693): CodeIgniter\Database\MySQLi\Connection->execute('SELECT *\nFROM `...')
#2 C:\laragon\www\prueba\SistemaControl\vendor\codeigniter4\framework\system\Database\BaseConnection.php(607): CodeIgniter\Database\BaseConnection->simpleQuery('SELECT *\nFROM `...')
#3 C:\laragon\www\prueba\SistemaControl\vendor\codeigniter4\framework\system\Database\BaseBuilder.php(1616): CodeIgniter\Database\BaseConnection->query('SELECT *\nFROM `...', Array, false)
#4 C:\laragon\www\prueba\SistemaControl\vendor\codeigniter4\framework\system\Model.php(243): CodeIgniter\Database\BaseBuilder->get()
#5 C:\laragon\www\prueba\SistemaControl\vendor\codeigniter4\framework\system\BaseModel.php(641): CodeIgniter\Model->doFindAll(0, 0)
#6 C:\laragon\www\prueba\SistemaControl\app\Models\AlumnoModel.php(15): CodeIgniter\BaseModel->findAll()
#7 C:\laragon\www\prueba\SistemaControl\app\Controllers\Padres.php(84): App\Models\AlumnoModel->getAlumnosByPadreId('1')
#8 C:\laragon\www\prueba\SistemaControl\vendor\codeigniter4\framework\system\CodeIgniter.php(943): App\Controllers\Padres->edit('1')
#9 C:\laragon\www\prueba\SistemaControl\vendor\codeigniter4\framework\system\CodeIgniter.php(503): CodeIgniter\CodeIgniter->runController(Object(App\Controllers\Padres))
#10 C:\laragon\www\prueba\SistemaControl\vendor\codeigniter4\framework\system\CodeIgniter.php(361): CodeIgniter\CodeIgniter->handleRequest(NULL, Object(Config\Cache), false)
#11 C:\laragon\www\prueba\SistemaControl\public\index.php(79): CodeIgniter\CodeIgniter->run()
#12 {main}
CRITICAL - 2024-04-19 04:54:05 --> CodeIgniter\Database\Exceptions\DatabaseException: Unknown column 'idDatosResponsable' in 'where clause'
in SYSTEMPATH\Database\BaseConnection.php on line 647.
 1 SYSTEMPATH\Database\BaseBuilder.php(1616): CodeIgniter\Database\BaseConnection->query('SELECT *
FROM `datos_alumnos`
WHERE `idDatosResponsable` = :idDatosResponsable:', [...], false)
 2 SYSTEMPATH\Model.php(243): CodeIgniter\Database\BaseBuilder->get()
 3 SYSTEMPATH\BaseModel.php(641): CodeIgniter\Model->doFindAll(0, 0)
 4 APPPATH\Models\AlumnoModel.php(15): CodeIgniter\BaseModel->findAll()
 5 APPPATH\Controllers\Padres.php(84): App\Models\AlumnoModel->getAlumnosByPadreId('1')
 6 SYSTEMPATH\CodeIgniter.php(943): App\Controllers\Padres->edit('1')
 7 SYSTEMPATH\CodeIgniter.php(503): CodeIgniter\CodeIgniter->runController(Object(App\Controllers\Padres))
 8 SYSTEMPATH\CodeIgniter.php(361): CodeIgniter\CodeIgniter->handleRequest(null, Object(Config\Cache), false)
 9 FCPATH\index.php(79): CodeIgniter\CodeIgniter->run()
CRITICAL - 2024-04-19 04:54:05 --> [Caused by] CodeIgniter\Database\Exceptions\DatabaseException: Unknown column 'idDatosResponsable' in 'where clause'
in SYSTEMPATH\Database\MySQLi\Connection.php on line 311.
 1 SYSTEMPATH\Database\BaseConnection.php(693): CodeIgniter\Database\MySQLi\Connection->execute('SELECT *
FROM `datos_alumnos`
WHERE `idDatosResponsable` = \'1\'')
 2 SYSTEMPATH\Database\BaseConnection.php(607): CodeIgniter\Database\BaseConnection->simpleQuery('SELECT *
FROM `datos_alumnos`
WHERE `idDatosResponsable` = \'1\'')
 3 SYSTEMPATH\Database\BaseBuilder.php(1616): CodeIgniter\Database\BaseConnection->query('SELECT *
FROM `datos_alumnos`
WHERE `idDatosResponsable` = :idDatosResponsable:', [...], false)
 4 SYSTEMPATH\Model.php(243): CodeIgniter\Database\BaseBuilder->get()
 5 SYSTEMPATH\BaseModel.php(641): CodeIgniter\Model->doFindAll(0, 0)
 6 APPPATH\Models\AlumnoModel.php(15): CodeIgniter\BaseModel->findAll()
 7 APPPATH\Controllers\Padres.php(84): App\Models\AlumnoModel->getAlumnosByPadreId('1')
 8 SYSTEMPATH\CodeIgniter.php(943): App\Controllers\Padres->edit('1')
 9 SYSTEMPATH\CodeIgniter.php(503): CodeIgniter\CodeIgniter->runController(Object(App\Controllers\Padres))
10 SYSTEMPATH\CodeIgniter.php(361): CodeIgniter\CodeIgniter->handleRequest(null, Object(Config\Cache), false)
11 FCPATH\index.php(79): CodeIgniter\CodeIgniter->run()
CRITICAL - 2024-04-19 04:54:05 --> [Caused by] mysqli_sql_exception: Unknown column 'idDatosResponsable' in 'where clause'
in SYSTEMPATH\Database\MySQLi\Connection.php on line 306.
 1 SYSTEMPATH\Database\MySQLi\Connection.php(306): mysqli->query('SELECT *
FROM `datos_alumnos`
WHERE `idDatosResponsable` = \'1\'', 0)
 2 SYSTEMPATH\Database\BaseConnection.php(693): CodeIgniter\Database\MySQLi\Connection->execute('SELECT *
FROM `datos_alumnos`
WHERE `idDatosResponsable` = \'1\'')
 3 SYSTEMPATH\Database\BaseConnection.php(607): CodeIgniter\Database\BaseConnection->simpleQuery('SELECT *
FROM `datos_alumnos`
WHERE `idDatosResponsable` = \'1\'')
 4 SYSTEMPATH\Database\BaseBuilder.php(1616): CodeIgniter\Database\BaseConnection->query('SELECT *
FROM `datos_alumnos`
WHERE `idDatosResponsable` = :idDatosResponsable:', [...], false)
 5 SYSTEMPATH\Model.php(243): CodeIgniter\Database\BaseBuilder->get()
 6 SYSTEMPATH\BaseModel.php(641): CodeIgniter\Model->doFindAll(0, 0)
 7 APPPATH\Models\AlumnoModel.php(15): CodeIgniter\BaseModel->findAll()
 8 APPPATH\Controllers\Padres.php(84): App\Models\AlumnoModel->getAlumnosByPadreId('1')
 9 SYSTEMPATH\CodeIgniter.php(943): App\Controllers\Padres->edit('1')
10 SYSTEMPATH\CodeIgniter.php(503): CodeIgniter\CodeIgniter->runController(Object(App\Controllers\Padres))
11 SYSTEMPATH\CodeIgniter.php(361): CodeIgniter\CodeIgniter->handleRequest(null, Object(Config\Cache), false)
12 FCPATH\index.php(79): CodeIgniter\CodeIgniter->run()
ERROR - 2024-04-19 04:54:15 --> mysqli_sql_exception: Unknown column 'idDatosResponsable' in 'where clause' in C:\laragon\www\prueba\SistemaControl\vendor\codeigniter4\framework\system\Database\MySQLi\Connection.php:306
Stack trace:
#0 C:\laragon\www\prueba\SistemaControl\vendor\codeigniter4\framework\system\Database\MySQLi\Connection.php(306): mysqli->query('SELECT *\nFROM `...', 0)
#1 C:\laragon\www\prueba\SistemaControl\vendor\codeigniter4\framework\system\Database\BaseConnection.php(693): CodeIgniter\Database\MySQLi\Connection->execute('SELECT *\nFROM `...')
#2 C:\laragon\www\prueba\SistemaControl\vendor\codeigniter4\framework\system\Database\BaseConnection.php(607): CodeIgniter\Database\BaseConnection->simpleQuery('SELECT *\nFROM `...')
#3 C:\laragon\www\prueba\SistemaControl\vendor\codeigniter4\framework\system\Database\BaseBuilder.php(1616): CodeIgniter\Database\BaseConnection->query('SELECT *\nFROM `...', Array, false)
#4 C:\laragon\www\prueba\SistemaControl\vendor\codeigniter4\framework\system\Model.php(243): CodeIgniter\Database\BaseBuilder->get()
#5 C:\laragon\www\prueba\SistemaControl\vendor\codeigniter4\framework\system\BaseModel.php(641): CodeIgniter\Model->doFindAll(0, 0)
#6 C:\laragon\www\prueba\SistemaControl\app\Models\AlumnoModel.php(15): CodeIgniter\BaseModel->findAll()
#7 C:\laragon\www\prueba\SistemaControl\app\Controllers\Padres.php(84): App\Models\AlumnoModel->getAlumnosByPadreId('1')
#8 C:\laragon\www\prueba\SistemaControl\vendor\codeigniter4\framework\system\CodeIgniter.php(943): App\Controllers\Padres->edit('1')
#9 C:\laragon\www\prueba\SistemaControl\vendor\codeigniter4\framework\system\CodeIgniter.php(503): CodeIgniter\CodeIgniter->runController(Object(App\Controllers\Padres))
#10 C:\laragon\www\prueba\SistemaControl\vendor\codeigniter4\framework\system\CodeIgniter.php(361): CodeIgniter\CodeIgniter->handleRequest(NULL, Object(Config\Cache), false)
#11 C:\laragon\www\prueba\SistemaControl\public\index.php(79): CodeIgniter\CodeIgniter->run()
#12 {main}
CRITICAL - 2024-04-19 04:54:15 --> CodeIgniter\Database\Exceptions\DatabaseException: Unknown column 'idDatosResponsable' in 'where clause'
in SYSTEMPATH\Database\BaseConnection.php on line 647.
 1 SYSTEMPATH\Database\BaseBuilder.php(1616): CodeIgniter\Database\BaseConnection->query('SELECT *
FROM `datos_alumnos`
WHERE `idDatosResponsable` = :idDatosResponsable:', [...], false)
 2 SYSTEMPATH\Model.php(243): CodeIgniter\Database\BaseBuilder->get()
 3 SYSTEMPATH\BaseModel.php(641): CodeIgniter\Model->doFindAll(0, 0)
 4 APPPATH\Models\AlumnoModel.php(15): CodeIgniter\BaseModel->findAll()
 5 APPPATH\Controllers\Padres.php(84): App\Models\AlumnoModel->getAlumnosByPadreId('1')
 6 SYSTEMPATH\CodeIgniter.php(943): App\Controllers\Padres->edit('1')
 7 SYSTEMPATH\CodeIgniter.php(503): CodeIgniter\CodeIgniter->runController(Object(App\Controllers\Padres))
 8 SYSTEMPATH\CodeIgniter.php(361): CodeIgniter\CodeIgniter->handleRequest(null, Object(Config\Cache), false)
 9 FCPATH\index.php(79): CodeIgniter\CodeIgniter->run()
CRITICAL - 2024-04-19 04:54:15 --> [Caused by] CodeIgniter\Database\Exceptions\DatabaseException: Unknown column 'idDatosResponsable' in 'where clause'
in SYSTEMPATH\Database\MySQLi\Connection.php on line 311.
 1 SYSTEMPATH\Database\BaseConnection.php(693): CodeIgniter\Database\MySQLi\Connection->execute('SELECT *
FROM `datos_alumnos`
WHERE `idDatosResponsable` = \'1\'')
 2 SYSTEMPATH\Database\BaseConnection.php(607): CodeIgniter\Database\BaseConnection->simpleQuery('SELECT *
FROM `datos_alumnos`
WHERE `idDatosResponsable` = \'1\'')
 3 SYSTEMPATH\Database\BaseBuilder.php(1616): CodeIgniter\Database\BaseConnection->query('SELECT *
FROM `datos_alumnos`
WHERE `idDatosResponsable` = :idDatosResponsable:', [...], false)
 4 SYSTEMPATH\Model.php(243): CodeIgniter\Database\BaseBuilder->get()
 5 SYSTEMPATH\BaseModel.php(641): CodeIgniter\Model->doFindAll(0, 0)
 6 APPPATH\Models\AlumnoModel.php(15): CodeIgniter\BaseModel->findAll()
 7 APPPATH\Controllers\Padres.php(84): App\Models\AlumnoModel->getAlumnosByPadreId('1')
 8 SYSTEMPATH\CodeIgniter.php(943): App\Controllers\Padres->edit('1')
 9 SYSTEMPATH\CodeIgniter.php(503): CodeIgniter\CodeIgniter->runController(Object(App\Controllers\Padres))
10 SYSTEMPATH\CodeIgniter.php(361): CodeIgniter\CodeIgniter->handleRequest(null, Object(Config\Cache), false)
11 FCPATH\index.php(79): CodeIgniter\CodeIgniter->run()
CRITICAL - 2024-04-19 04:54:15 --> [Caused by] mysqli_sql_exception: Unknown column 'idDatosResponsable' in 'where clause'
in SYSTEMPATH\Database\MySQLi\Connection.php on line 306.
 1 SYSTEMPATH\Database\MySQLi\Connection.php(306): mysqli->query('SELECT *
FROM `datos_alumnos`
WHERE `idDatosResponsable` = \'1\'', 0)
 2 SYSTEMPATH\Database\BaseConnection.php(693): CodeIgniter\Database\MySQLi\Connection->execute('SELECT *
FROM `datos_alumnos`
WHERE `idDatosResponsable` = \'1\'')
 3 SYSTEMPATH\Database\BaseConnection.php(607): CodeIgniter\Database\BaseConnection->simpleQuery('SELECT *
FROM `datos_alumnos`
WHERE `idDatosResponsable` = \'1\'')
 4 SYSTEMPATH\Database\BaseBuilder.php(1616): CodeIgniter\Database\BaseConnection->query('SELECT *
FROM `datos_alumnos`
WHERE `idDatosResponsable` = :idDatosResponsable:', [...], false)
 5 SYSTEMPATH\Model.php(243): CodeIgniter\Database\BaseBuilder->get()
 6 SYSTEMPATH\BaseModel.php(641): CodeIgniter\Model->doFindAll(0, 0)
 7 APPPATH\Models\AlumnoModel.php(15): CodeIgniter\BaseModel->findAll()
 8 APPPATH\Controllers\Padres.php(84): App\Models\AlumnoModel->getAlumnosByPadreId('1')
 9 SYSTEMPATH\CodeIgniter.php(943): App\Controllers\Padres->edit('1')
10 SYSTEMPATH\CodeIgniter.php(503): CodeIgniter\CodeIgniter->runController(Object(App\Controllers\Padres))
11 SYSTEMPATH\CodeIgniter.php(361): CodeIgniter\CodeIgniter->handleRequest(null, Object(Config\Cache), false)
12 FCPATH\index.php(79): CodeIgniter\CodeIgniter->run()
