ERROR - 2024-04-17 16:12:13 --> mysqli_sql_exception: Unknown column 'idPadre' in 'where clause' in C:\laragon\www\prueba\SistemaControl\vendor\codeigniter4\framework\system\Database\MySQLi\Connection.php:306
Stack trace:
#0 C:\laragon\www\prueba\SistemaControl\vendor\codeigniter4\framework\system\Database\MySQLi\Connection.php(306): mysqli->query('SELECT *\nFROM `...', 0)
#1 C:\laragon\www\prueba\SistemaControl\vendor\codeigniter4\framework\system\Database\BaseConnection.php(693): CodeIgniter\Database\MySQLi\Connection->execute('SELECT *\nFROM `...')
#2 C:\laragon\www\prueba\SistemaControl\vendor\codeigniter4\framework\system\Database\BaseConnection.php(607): CodeIgniter\Database\BaseConnection->simpleQuery('SELECT *\nFROM `...')
#3 C:\laragon\www\prueba\SistemaControl\vendor\codeigniter4\framework\system\Database\BaseBuilder.php(1616): CodeIgniter\Database\BaseConnection->query('SELECT *\nFROM `...', Array, false)
#4 C:\laragon\www\prueba\SistemaControl\vendor\codeigniter4\framework\system\Model.php(243): CodeIgniter\Database\BaseBuilder->get()
#5 C:\laragon\www\prueba\SistemaControl\vendor\codeigniter4\framework\system\BaseModel.php(641): CodeIgniter\Model->doFindAll(0, 0)
#6 C:\laragon\www\prueba\SistemaControl\app\Controllers\Padres.php(75): CodeIgniter\BaseModel->findAll()
#7 C:\laragon\www\prueba\SistemaControl\vendor\codeigniter4\framework\system\CodeIgniter.php(943): App\Controllers\Padres->edit('1')
#8 C:\laragon\www\prueba\SistemaControl\vendor\codeigniter4\framework\system\CodeIgniter.php(503): CodeIgniter\CodeIgniter->runController(Object(App\Controllers\Padres))
#9 C:\laragon\www\prueba\SistemaControl\vendor\codeigniter4\framework\system\CodeIgniter.php(361): CodeIgniter\CodeIgniter->handleRequest(NULL, Object(Config\Cache), false)
#10 C:\laragon\www\prueba\SistemaControl\public\index.php(79): CodeIgniter\CodeIgniter->run()
#11 {main}
CRITICAL - 2024-04-17 16:12:13 --> CodeIgniter\Database\Exceptions\DatabaseException: Unknown column 'idPadre' in 'where clause'
in SYSTEMPATH\Database\BaseConnection.php on line 647.
 1 SYSTEMPATH\Database\BaseBuilder.php(1616): CodeIgniter\Database\BaseConnection->query('SELECT *
FROM `datos_alumnos`
WHERE `idPadre` = :idPadre:', [...], false)
 2 SYSTEMPATH\Model.php(243): CodeIgniter\Database\BaseBuilder->get()
 3 SYSTEMPATH\BaseModel.php(641): CodeIgniter\Model->doFindAll(0, 0)
 4 APPPATH\Controllers\Padres.php(75): CodeIgniter\BaseModel->findAll()
 5 SYSTEMPATH\CodeIgniter.php(943): App\Controllers\Padres->edit('1')
 6 SYSTEMPATH\CodeIgniter.php(503): CodeIgniter\CodeIgniter->runController(Object(App\Controllers\Padres))
 7 SYSTEMPATH\CodeIgniter.php(361): CodeIgniter\CodeIgniter->handleRequest(null, Object(Config\Cache), false)
 8 FCPATH\index.php(79): CodeIgniter\CodeIgniter->run()
CRITICAL - 2024-04-17 16:12:13 --> [Caused by] CodeIgniter\Database\Exceptions\DatabaseException: Unknown column 'idPadre' in 'where clause'
in SYSTEMPATH\Database\MySQLi\Connection.php on line 311.
 1 SYSTEMPATH\Database\BaseConnection.php(693): CodeIgniter\Database\MySQLi\Connection->execute('SELECT *
FROM `datos_alumnos`
WHERE `idPadre` = \'1\'')
 2 SYSTEMPATH\Database\BaseConnection.php(607): CodeIgniter\Database\BaseConnection->simpleQuery('SELECT *
FROM `datos_alumnos`
WHERE `idPadre` = \'1\'')
 3 SYSTEMPATH\Database\BaseBuilder.php(1616): CodeIgniter\Database\BaseConnection->query('SELECT *
FROM `datos_alumnos`
WHERE `idPadre` = :idPadre:', [...], false)
 4 SYSTEMPATH\Model.php(243): CodeIgniter\Database\BaseBuilder->get()
 5 SYSTEMPATH\BaseModel.php(641): CodeIgniter\Model->doFindAll(0, 0)
 6 APPPATH\Controllers\Padres.php(75): CodeIgniter\BaseModel->findAll()
 7 SYSTEMPATH\CodeIgniter.php(943): App\Controllers\Padres->edit('1')
 8 SYSTEMPATH\CodeIgniter.php(503): CodeIgniter\CodeIgniter->runController(Object(App\Controllers\Padres))
 9 SYSTEMPATH\CodeIgniter.php(361): CodeIgniter\CodeIgniter->handleRequest(null, Object(Config\Cache), false)
10 FCPATH\index.php(79): CodeIgniter\CodeIgniter->run()
CRITICAL - 2024-04-17 16:12:13 --> [Caused by] mysqli_sql_exception: Unknown column 'idPadre' in 'where clause'
in SYSTEMPATH\Database\MySQLi\Connection.php on line 306.
 1 SYSTEMPATH\Database\MySQLi\Connection.php(306): mysqli->query('SELECT *
FROM `datos_alumnos`
WHERE `idPadre` = \'1\'', 0)
 2 SYSTEMPATH\Database\BaseConnection.php(693): CodeIgniter\Database\MySQLi\Connection->execute('SELECT *
FROM `datos_alumnos`
WHERE `idPadre` = \'1\'')
 3 SYSTEMPATH\Database\BaseConnection.php(607): CodeIgniter\Database\BaseConnection->simpleQuery('SELECT *
FROM `datos_alumnos`
WHERE `idPadre` = \'1\'')
 4 SYSTEMPATH\Database\BaseBuilder.php(1616): CodeIgniter\Database\BaseConnection->query('SELECT *
FROM `datos_alumnos`
WHERE `idPadre` = :idPadre:', [...], false)
 5 SYSTEMPATH\Model.php(243): CodeIgniter\Database\BaseBuilder->get()
 6 SYSTEMPATH\BaseModel.php(641): CodeIgniter\Model->doFindAll(0, 0)
 7 APPPATH\Controllers\Padres.php(75): CodeIgniter\BaseModel->findAll()
 8 SYSTEMPATH\CodeIgniter.php(943): App\Controllers\Padres->edit('1')
 9 SYSTEMPATH\CodeIgniter.php(503): CodeIgniter\CodeIgniter->runController(Object(App\Controllers\Padres))
10 SYSTEMPATH\CodeIgniter.php(361): CodeIgniter\CodeIgniter->handleRequest(null, Object(Config\Cache), false)
11 FCPATH\index.php(79): CodeIgniter\CodeIgniter->run()
CRITICAL - 2024-04-17 16:18:54 --> ErrorException: Attempt to read property "idPadre" on array
in APPPATH\Views\padres\edit.php on line 12.
 1 APPPATH\Views\padres\edit.php(12): CodeIgniter\Debug\Exceptions->errorHandler(2, 'Attempt to read property "idPadre" on array', 'C:\\laragon\\www\\prueba\\SistemaControl\\app\\Views\\padres\\edit.php', 12)
 2 SYSTEMPATH\View\View.php(228): include('C:\\laragon\\www\\prueba\\SistemaControl\\app\\Views\\padres\\edit.php')
 3 SYSTEMPATH\View\View.php(231): CodeIgniter\View\View->CodeIgniter\View\{closure}()
 4 SYSTEMPATH\Common.php(1178): CodeIgniter\View\View->render('padres/edit', [], true)
 5 APPPATH\Controllers\Padres.php(86): view('padres/edit', [...])
 6 SYSTEMPATH\CodeIgniter.php(943): App\Controllers\Padres->edit('1')
 7 SYSTEMPATH\CodeIgniter.php(503): CodeIgniter\CodeIgniter->runController(Object(App\Controllers\Padres))
 8 SYSTEMPATH\CodeIgniter.php(361): CodeIgniter\CodeIgniter->handleRequest(null, Object(Config\Cache), false)
 9 FCPATH\index.php(79): CodeIgniter\CodeIgniter->run()
CRITICAL - 2024-04-17 16:27:07 --> ErrorException: Attempt to read property "idPadre" on array
in APPPATH\Views\padres\edit.php on line 12.
 1 APPPATH\Views\padres\edit.php(12): CodeIgniter\Debug\Exceptions->errorHandler(2, 'Attempt to read property "idPadre" on array', 'C:\\laragon\\www\\prueba\\SistemaControl\\app\\Views\\padres\\edit.php', 12)
 2 SYSTEMPATH\View\View.php(228): include('C:\\laragon\\www\\prueba\\SistemaControl\\app\\Views\\padres\\edit.php')
 3 SYSTEMPATH\View\View.php(231): CodeIgniter\View\View->CodeIgniter\View\{closure}()
 4 SYSTEMPATH\Common.php(1178): CodeIgniter\View\View->render('padres/edit', [], true)
 5 APPPATH\Controllers\Padres.php(87): view('padres/edit', [...])
 6 SYSTEMPATH\CodeIgniter.php(943): App\Controllers\Padres->edit('1')
 7 SYSTEMPATH\CodeIgniter.php(503): CodeIgniter\CodeIgniter->runController(Object(App\Controllers\Padres))
 8 SYSTEMPATH\CodeIgniter.php(361): CodeIgniter\CodeIgniter->handleRequest(null, Object(Config\Cache), false)
 9 FCPATH\index.php(79): CodeIgniter\CodeIgniter->run()
CRITICAL - 2024-04-17 16:27:47 --> ErrorException: Attempt to read property "idDatosResponsable" on array
in APPPATH\Views\padres\edit.php on line 12.
 1 APPPATH\Views\padres\edit.php(12): CodeIgniter\Debug\Exceptions->errorHandler(2, 'Attempt to read property "idDatosResponsable" on array', 'C:\\laragon\\www\\prueba\\SistemaControl\\app\\Views\\padres\\edit.php', 12)
 2 SYSTEMPATH\View\View.php(228): include('C:\\laragon\\www\\prueba\\SistemaControl\\app\\Views\\padres\\edit.php')
 3 SYSTEMPATH\View\View.php(231): CodeIgniter\View\View->CodeIgniter\View\{closure}()
 4 SYSTEMPATH\Common.php(1178): CodeIgniter\View\View->render('padres/edit', [], true)
 5 APPPATH\Controllers\Padres.php(87): view('padres/edit', [...])
 6 SYSTEMPATH\CodeIgniter.php(943): App\Controllers\Padres->edit('1')
 7 SYSTEMPATH\CodeIgniter.php(503): CodeIgniter\CodeIgniter->runController(Object(App\Controllers\Padres))
 8 SYSTEMPATH\CodeIgniter.php(361): CodeIgniter\CodeIgniter->handleRequest(null, Object(Config\Cache), false)
 9 FCPATH\index.php(79): CodeIgniter\CodeIgniter->run()
CRITICAL - 2024-04-17 16:56:10 --> ErrorException: Attempt to read property "idDatosResponsable" on array
in APPPATH\Views\padres\edit.php on line 12.
 1 APPPATH\Views\padres\edit.php(12): CodeIgniter\Debug\Exceptions->errorHandler(2, 'Attempt to read property "idDatosResponsable" on array', 'C:\\laragon\\www\\prueba\\SistemaControl\\app\\Views\\padres\\edit.php', 12)
 2 SYSTEMPATH\View\View.php(228): include('C:\\laragon\\www\\prueba\\SistemaControl\\app\\Views\\padres\\edit.php')
 3 SYSTEMPATH\View\View.php(231): CodeIgniter\View\View->CodeIgniter\View\{closure}()
 4 SYSTEMPATH\Common.php(1178): CodeIgniter\View\View->render('padres/edit', [], true)
 5 APPPATH\Controllers\Padres.php(86): view('padres/edit', [...])
 6 SYSTEMPATH\CodeIgniter.php(943): App\Controllers\Padres->edit('1')
 7 SYSTEMPATH\CodeIgniter.php(503): CodeIgniter\CodeIgniter->runController(Object(App\Controllers\Padres))
 8 SYSTEMPATH\CodeIgniter.php(361): CodeIgniter\CodeIgniter->handleRequest(null, Object(Config\Cache), false)
 9 FCPATH\index.php(79): CodeIgniter\CodeIgniter->run()
