CRITICAL - 2024-05-31 00:07:36 --> ErrorException: include(includes/navbar/_navbar2): Failed to open stream: No such file or directory
in APPPATH\Views\layouts\default.php on line 26.
 1 APPPATH\Views\layouts\default.php(26): CodeIgniter\Debug\Exceptions->errorHandler(2, 'include(includes/navbar/_navbar2): Failed to open stream: No such file or directory', 'C:\\laragon\\www\\Tesis-SistemaControl\\app\\Views\\layouts\\default.php', 26)
 2 APPPATH\Views\layouts\default.php(26): include()
 3 SYSTEMPATH\View\View.php(228): include('C:\\laragon\\www\\Tesis-SistemaControl\\app\\Views\\layouts\\default.php')
 4 SYSTEMPATH\View\View.php(231): CodeIgniter\View\View->CodeIgniter\View\{closure}()
 5 SYSTEMPATH\View\View.php(244): CodeIgniter\View\View->render('layouts/default', [], true)
 6 SYSTEMPATH\Common.php(1178): CodeIgniter\View\View->render('welcome_message', [], true)
 7 APPPATH\Controllers\Home.php(18): view('welcome_message')
 8 SYSTEMPATH\CodeIgniter.php(943): App\Controllers\Home->index()
 9 SYSTEMPATH\CodeIgniter.php(503): CodeIgniter\CodeIgniter->runController(Object(App\Controllers\Home))
10 SYSTEMPATH\CodeIgniter.php(361): CodeIgniter\CodeIgniter->handleRequest(null, Object(Config\Cache), false)
11 FCPATH\index.php(79): CodeIgniter\CodeIgniter->run()
CRITICAL - 2024-05-31 00:08:30 --> ErrorException: include(includes/navbar/_navbar2.php): Failed to open stream: No such file or directory
in APPPATH\Views\layouts\default.php on line 26.
 1 APPPATH\Views\layouts\default.php(26): CodeIgniter\Debug\Exceptions->errorHandler(2, 'include(includes/navbar/_navbar2.php): Failed to open stream: No such file or directory', 'C:\\laragon\\www\\Tesis-SistemaControl\\app\\Views\\layouts\\default.php', 26)
 2 APPPATH\Views\layouts\default.php(26): include()
 3 SYSTEMPATH\View\View.php(228): include('C:\\laragon\\www\\Tesis-SistemaControl\\app\\Views\\layouts\\default.php')
 4 SYSTEMPATH\View\View.php(231): CodeIgniter\View\View->CodeIgniter\View\{closure}()
 5 SYSTEMPATH\View\View.php(244): CodeIgniter\View\View->render('layouts/default', [], true)
 6 SYSTEMPATH\Common.php(1178): CodeIgniter\View\View->render('welcome_message', [], true)
 7 APPPATH\Controllers\Home.php(18): view('welcome_message')
 8 SYSTEMPATH\CodeIgniter.php(943): App\Controllers\Home->index()
 9 SYSTEMPATH\CodeIgniter.php(503): CodeIgniter\CodeIgniter->runController(Object(App\Controllers\Home))
10 SYSTEMPATH\CodeIgniter.php(361): CodeIgniter\CodeIgniter->handleRequest(null, Object(Config\Cache), false)
11 FCPATH\index.php(79): CodeIgniter\CodeIgniter->run()
CRITICAL - 2024-05-31 00:22:35 --> ErrorException: Undefined array key "nombreRol"
in APPPATH\Views\layouts\default.php on line 21.
 1 APPPATH\Views\layouts\default.php(21): CodeIgniter\Debug\Exceptions->errorHandler(2, 'Undefined array key "nombreRol"', 'C:\\laragon\\www\\Tesis-SistemaControl\\app\\Views\\layouts\\default.php', 21)
 2 SYSTEMPATH\View\View.php(228): include('C:\\laragon\\www\\Tesis-SistemaControl\\app\\Views\\layouts\\default.php')
 3 SYSTEMPATH\View\View.php(231): CodeIgniter\View\View->CodeIgniter\View\{closure}()
 4 SYSTEMPATH\View\View.php(244): CodeIgniter\View\View->render('layouts/default', [], true)
 5 SYSTEMPATH\Common.php(1178): CodeIgniter\View\View->render('welcome_message', [], true)
 6 APPPATH\Controllers\Home.php(18): view('welcome_message')
 7 SYSTEMPATH\CodeIgniter.php(943): App\Controllers\Home->index()
 8 SYSTEMPATH\CodeIgniter.php(503): CodeIgniter\CodeIgniter->runController(Object(App\Controllers\Home))
 9 SYSTEMPATH\CodeIgniter.php(361): CodeIgniter\CodeIgniter->handleRequest(null, Object(Config\Cache), false)
10 FCPATH\index.php(79): CodeIgniter\CodeIgniter->run()
CRITICAL - 2024-05-31 00:23:00 --> ErrorException: Undefined array key "nombreRol"
in APPPATH\Views\layouts\default.php on line 21.
 1 APPPATH\Views\layouts\default.php(21): CodeIgniter\Debug\Exceptions->errorHandler(2, 'Undefined array key "nombreRol"', 'C:\\laragon\\www\\Tesis-SistemaControl\\app\\Views\\layouts\\default.php', 21)
 2 SYSTEMPATH\View\View.php(228): include('C:\\laragon\\www\\Tesis-SistemaControl\\app\\Views\\layouts\\default.php')
 3 SYSTEMPATH\View\View.php(231): CodeIgniter\View\View->CodeIgniter\View\{closure}()
 4 SYSTEMPATH\View\View.php(244): CodeIgniter\View\View->render('layouts/default', [], true)
 5 SYSTEMPATH\Common.php(1178): CodeIgniter\View\View->render('welcome_message', [], true)
 6 APPPATH\Controllers\Home.php(18): view('welcome_message')
 7 SYSTEMPATH\CodeIgniter.php(943): App\Controllers\Home->index()
 8 SYSTEMPATH\CodeIgniter.php(503): CodeIgniter\CodeIgniter->runController(Object(App\Controllers\Home))
 9 SYSTEMPATH\CodeIgniter.php(361): CodeIgniter\CodeIgniter->handleRequest(null, Object(Config\Cache), false)
10 FCPATH\index.php(79): CodeIgniter\CodeIgniter->run()
CRITICAL - 2024-05-31 00:28:56 --> ErrorException: include(../Views/navbar/_nabar.php): Failed to open stream: No such file or directory
in APPPATH\Controllers\AccesoSesion.php on line 7.
 1 APPPATH\Controllers\AccesoSesion.php(7): CodeIgniter\Debug\Exceptions->errorHandler(2, 'include(../Views/navbar/_nabar.php): Failed to open stream: No such file or directory', 'C:\\laragon\\www\\Tesis-SistemaControl\\app\\Controllers\\AccesoSesion.php', 7)
 2 APPPATH\Controllers\AccesoSesion.php(7): include()
 3 SYSTEMPATH\View\View.php(228): include('C:\\laragon\\www\\Tesis-SistemaControl\\app\\Controllers\\AccesoSesion.php')
 4 SYSTEMPATH\View\View.php(231): CodeIgniter\View\View->CodeIgniter\View\{closure}()
 5 SYSTEMPATH\View\View.php(469): CodeIgniter\View\View->render('../Controllers/accesoSesion', null, true)
 6 APPPATH\Views\layouts\default.php(20): CodeIgniter\View\View->include('../Controllers/accesoSesion')
 7 SYSTEMPATH\View\View.php(228): include('C:\\laragon\\www\\Tesis-SistemaControl\\app\\Views\\layouts\\default.php')
 8 SYSTEMPATH\View\View.php(231): CodeIgniter\View\View->CodeIgniter\View\{closure}()
 9 SYSTEMPATH\View\View.php(244): CodeIgniter\View\View->render('layouts/default', [], true)
10 SYSTEMPATH\Common.php(1178): CodeIgniter\View\View->render('welcome_message', [], true)
11 APPPATH\Controllers\Home.php(18): view('welcome_message')
12 SYSTEMPATH\CodeIgniter.php(943): App\Controllers\Home->index()
13 SYSTEMPATH\CodeIgniter.php(503): CodeIgniter\CodeIgniter->runController(Object(App\Controllers\Home))
14 SYSTEMPATH\CodeIgniter.php(361): CodeIgniter\CodeIgniter->handleRequest(null, Object(Config\Cache), false)
15 FCPATH\index.php(79): CodeIgniter\CodeIgniter->run()
CRITICAL - 2024-05-31 00:28:57 --> ErrorException: include(../Views/navbar/_nabar.php): Failed to open stream: No such file or directory
in APPPATH\Controllers\AccesoSesion.php on line 7.
 1 APPPATH\Controllers\AccesoSesion.php(7): CodeIgniter\Debug\Exceptions->errorHandler(2, 'include(../Views/navbar/_nabar.php): Failed to open stream: No such file or directory', 'C:\\laragon\\www\\Tesis-SistemaControl\\app\\Controllers\\AccesoSesion.php', 7)
 2 APPPATH\Controllers\AccesoSesion.php(7): include()
 3 SYSTEMPATH\View\View.php(228): include('C:\\laragon\\www\\Tesis-SistemaControl\\app\\Controllers\\AccesoSesion.php')
 4 SYSTEMPATH\View\View.php(231): CodeIgniter\View\View->CodeIgniter\View\{closure}()
 5 SYSTEMPATH\View\View.php(469): CodeIgniter\View\View->render('../Controllers/accesoSesion', null, true)
 6 APPPATH\Views\layouts\default.php(20): CodeIgniter\View\View->include('../Controllers/accesoSesion')
 7 SYSTEMPATH\View\View.php(228): include('C:\\laragon\\www\\Tesis-SistemaControl\\app\\Views\\layouts\\default.php')
 8 SYSTEMPATH\View\View.php(231): CodeIgniter\View\View->CodeIgniter\View\{closure}()
 9 SYSTEMPATH\View\View.php(244): CodeIgniter\View\View->render('layouts/default', [], true)
10 SYSTEMPATH\Common.php(1178): CodeIgniter\View\View->render('welcome_message', [], true)
11 APPPATH\Controllers\Home.php(18): view('welcome_message')
12 SYSTEMPATH\CodeIgniter.php(943): App\Controllers\Home->index()
13 SYSTEMPATH\CodeIgniter.php(503): CodeIgniter\CodeIgniter->runController(Object(App\Controllers\Home))
14 SYSTEMPATH\CodeIgniter.php(361): CodeIgniter\CodeIgniter->handleRequest(null, Object(Config\Cache), false)
15 FCPATH\index.php(79): CodeIgniter\CodeIgniter->run()
CRITICAL - 2024-05-31 00:41:05 --> ErrorException: Undefined array key "usuario"
in APPPATH\Controllers\AccesoSesion.php on line 4.
 1 APPPATH\Controllers\AccesoSesion.php(4): CodeIgniter\Debug\Exceptions->errorHandler(2, 'Undefined array key "usuario"', 'C:\\laragon\\www\\Tesis-SistemaControl\\app\\Controllers\\AccesoSesion.php', 4)
 2 SYSTEMPATH\Autoloader\Autoloader.php(311): include_once('C:\\laragon\\www\\Tesis-SistemaControl\\app\\Controllers\\AccesoSesion.php')
 3 SYSTEMPATH\Autoloader\Autoloader.php(290): CodeIgniter\Autoloader\Autoloader->includeFile('C:\\laragon\\www\\Tesis-SistemaControl\\app\\Controllers\\AccesoSesion.php')
 4 SYSTEMPATH\Autoloader\Autoloader.php(266): CodeIgniter\Autoloader\Autoloader->loadInNamespace('App\\Controllers\\AccesoSesion')
 5 [internal function]: CodeIgniter\Autoloader\Autoloader->loadClass('App\\Controllers\\AccesoSesion')
 6 SYSTEMPATH\CodeIgniter.php(901): class_exists('\\App\\Controllers\\AccesoSesion', true)
 7 SYSTEMPATH\CodeIgniter.php(490): CodeIgniter\CodeIgniter->startController()
 8 SYSTEMPATH\CodeIgniter.php(361): CodeIgniter\CodeIgniter->handleRequest(null, Object(Config\Cache), false)
 9 FCPATH\index.php(79): CodeIgniter\CodeIgniter->run()
CRITICAL - 2024-05-31 03:16:05 --> ErrorException: include(Controllers/AccesoSesion): Failed to open stream: No such file or directory
in APPPATH\Views\layouts\default.php on line 19.
 1 APPPATH\Views\layouts\default.php(19): CodeIgniter\Debug\Exceptions->errorHandler(2, 'include(Controllers/AccesoSesion): Failed to open stream: No such file or directory', 'C:\\laragon\\www\\Tesis-SistemaControl\\app\\Views\\layouts\\default.php', 19)
 2 APPPATH\Views\layouts\default.php(19): include()
 3 SYSTEMPATH\View\View.php(228): include('C:\\laragon\\www\\Tesis-SistemaControl\\app\\Views\\layouts\\default.php')
 4 SYSTEMPATH\View\View.php(231): CodeIgniter\View\View->CodeIgniter\View\{closure}()
 5 SYSTEMPATH\View\View.php(244): CodeIgniter\View\View->render('layouts/default', [], true)
 6 SYSTEMPATH\Common.php(1178): CodeIgniter\View\View->render('welcome_message', [], true)
 7 APPPATH\Controllers\Home.php(18): view('welcome_message')
 8 SYSTEMPATH\CodeIgniter.php(943): App\Controllers\Home->index()
 9 SYSTEMPATH\CodeIgniter.php(503): CodeIgniter\CodeIgniter->runController(Object(App\Controllers\Home))
10 SYSTEMPATH\CodeIgniter.php(361): CodeIgniter\CodeIgniter->handleRequest(null, Object(Config\Cache), false)
11 FCPATH\index.php(79): CodeIgniter\CodeIgniter->run()
CRITICAL - 2024-05-31 03:16:19 --> ErrorException: include(../../Controllers/AccesoSesion): Failed to open stream: No such file or directory
in APPPATH\Views\layouts\default.php on line 19.
 1 APPPATH\Views\layouts\default.php(19): CodeIgniter\Debug\Exceptions->errorHandler(2, 'include(../../Controllers/AccesoSesion): Failed to open stream: No such file or directory', 'C:\\laragon\\www\\Tesis-SistemaControl\\app\\Views\\layouts\\default.php', 19)
 2 APPPATH\Views\layouts\default.php(19): include()
 3 SYSTEMPATH\View\View.php(228): include('C:\\laragon\\www\\Tesis-SistemaControl\\app\\Views\\layouts\\default.php')
 4 SYSTEMPATH\View\View.php(231): CodeIgniter\View\View->CodeIgniter\View\{closure}()
 5 SYSTEMPATH\View\View.php(244): CodeIgniter\View\View->render('layouts/default', [], true)
 6 SYSTEMPATH\Common.php(1178): CodeIgniter\View\View->render('welcome_message', [], true)
 7 APPPATH\Controllers\Home.php(18): view('welcome_message')
 8 SYSTEMPATH\CodeIgniter.php(943): App\Controllers\Home->index()
 9 SYSTEMPATH\CodeIgniter.php(503): CodeIgniter\CodeIgniter->runController(Object(App\Controllers\Home))
10 SYSTEMPATH\CodeIgniter.php(361): CodeIgniter\CodeIgniter->handleRequest(null, Object(Config\Cache), false)
11 FCPATH\index.php(79): CodeIgniter\CodeIgniter->run()
CRITICAL - 2024-05-31 03:16:20 --> ErrorException: include(../../Controllers/AccesoSesion): Failed to open stream: No such file or directory
in APPPATH\Views\layouts\default.php on line 19.
 1 APPPATH\Views\layouts\default.php(19): CodeIgniter\Debug\Exceptions->errorHandler(2, 'include(../../Controllers/AccesoSesion): Failed to open stream: No such file or directory', 'C:\\laragon\\www\\Tesis-SistemaControl\\app\\Views\\layouts\\default.php', 19)
 2 APPPATH\Views\layouts\default.php(19): include()
 3 SYSTEMPATH\View\View.php(228): include('C:\\laragon\\www\\Tesis-SistemaControl\\app\\Views\\layouts\\default.php')
 4 SYSTEMPATH\View\View.php(231): CodeIgniter\View\View->CodeIgniter\View\{closure}()
 5 SYSTEMPATH\View\View.php(244): CodeIgniter\View\View->render('layouts/default', [], true)
 6 SYSTEMPATH\Common.php(1178): CodeIgniter\View\View->render('welcome_message', [], true)
 7 APPPATH\Controllers\Home.php(18): view('welcome_message')
 8 SYSTEMPATH\CodeIgniter.php(943): App\Controllers\Home->index()
 9 SYSTEMPATH\CodeIgniter.php(503): CodeIgniter\CodeIgniter->runController(Object(App\Controllers\Home))
10 SYSTEMPATH\CodeIgniter.php(361): CodeIgniter\CodeIgniter->handleRequest(null, Object(Config\Cache), false)
11 FCPATH\index.php(79): CodeIgniter\CodeIgniter->run()
