CRITICAL - 2024-04-23 03:29:06 --> ErrorException: Undefined array key "idMaestro"
in APPPATH\Controllers\PermisoMagisterial.php on line 81.
 1 APPPATH\Controllers\PermisoMagisterial.php(81): CodeIgniter\Debug\Exceptions->errorHandler(2, 'Undefined array key "idMaestro"', 'C:\\laragon\\www\\prueba\\SistemaControl\\app\\Controllers\\PermisoMagisterial.php', 81)
 2 SYSTEMPATH\CodeIgniter.php(943): App\Controllers\PermisoMagisterial->index()
 3 SYSTEMPATH\CodeIgniter.php(503): CodeIgniter\CodeIgniter->runController(Object(App\Controllers\PermisoMagisterial))
 4 SYSTEMPATH\CodeIgniter.php(361): CodeIgniter\CodeIgniter->handleRequest(null, Object(Config\Cache), false)
 5 FCPATH\index.php(79): CodeIgniter\CodeIgniter->run()
CRITICAL - 2024-04-23 03:40:11 --> ErrorException: Undefined variable $tipos_permisos
in APPPATH\Views\permiso_magisterial\index.php on line 20.
 1 APPPATH\Views\permiso_magisterial\index.php(20): CodeIgniter\Debug\Exceptions->errorHandler(2, 'Undefined variable $tipos_permisos', 'C:\\laragon\\www\\prueba\\SistemaControl\\app\\Views\\permiso_magisterial\\index.php', 20)
 2 SYSTEMPATH\View\View.php(228): include('C:\\laragon\\www\\prueba\\SistemaControl\\app\\Views\\permiso_magisterial\\index.php')
 3 SYSTEMPATH\View\View.php(231): CodeIgniter\View\View->CodeIgniter\View\{closure}()
 4 SYSTEMPATH\Common.php(1178): CodeIgniter\View\View->render('permiso_magisterial/index', [], true)
 5 APPPATH\Controllers\PermisoMagisterial.php(108): view('permiso_magisterial/index', [...])
 6 SYSTEMPATH\CodeIgniter.php(943): App\Controllers\PermisoMagisterial->index()
 7 SYSTEMPATH\CodeIgniter.php(503): CodeIgniter\CodeIgniter->runController(Object(App\Controllers\PermisoMagisterial))
 8 SYSTEMPATH\CodeIgniter.php(361): CodeIgniter\CodeIgniter->handleRequest(null, Object(Config\Cache), false)
 9 FCPATH\index.php(79): CodeIgniter\CodeIgniter->run()
CRITICAL - 2024-04-23 03:45:34 --> ErrorException: Undefined variable $tipos_permisos
in APPPATH\Views\permiso_magisterial\index.php on line 20.
 1 APPPATH\Views\permiso_magisterial\index.php(20): CodeIgniter\Debug\Exceptions->errorHandler(2, 'Undefined variable $tipos_permisos', 'C:\\laragon\\www\\prueba\\SistemaControl\\app\\Views\\permiso_magisterial\\index.php', 20)
 2 SYSTEMPATH\View\View.php(228): include('C:\\laragon\\www\\prueba\\SistemaControl\\app\\Views\\permiso_magisterial\\index.php')
 3 SYSTEMPATH\View\View.php(231): CodeIgniter\View\View->CodeIgniter\View\{closure}()
 4 SYSTEMPATH\Common.php(1178): CodeIgniter\View\View->render('permiso_magisterial/index', [], true)
 5 APPPATH\Controllers\PermisoMagisterial.php(108): view('permiso_magisterial/index', [...])
 6 SYSTEMPATH\CodeIgniter.php(943): App\Controllers\PermisoMagisterial->index()
 7 SYSTEMPATH\CodeIgniter.php(503): CodeIgniter\CodeIgniter->runController(Object(App\Controllers\PermisoMagisterial))
 8 SYSTEMPATH\CodeIgniter.php(361): CodeIgniter\CodeIgniter->handleRequest(null, Object(Config\Cache), false)
 9 FCPATH\index.php(79): CodeIgniter\CodeIgniter->run()
CRITICAL - 2024-04-23 03:45:44 --> ErrorException: Undefined variable $tipos_permisos
in APPPATH\Views\permiso_magisterial\index.php on line 20.
 1 APPPATH\Views\permiso_magisterial\index.php(20): CodeIgniter\Debug\Exceptions->errorHandler(2, 'Undefined variable $tipos_permisos', 'C:\\laragon\\www\\prueba\\SistemaControl\\app\\Views\\permiso_magisterial\\index.php', 20)
 2 SYSTEMPATH\View\View.php(228): include('C:\\laragon\\www\\prueba\\SistemaControl\\app\\Views\\permiso_magisterial\\index.php')
 3 SYSTEMPATH\View\View.php(231): CodeIgniter\View\View->CodeIgniter\View\{closure}()
 4 SYSTEMPATH\Common.php(1178): CodeIgniter\View\View->render('permiso_magisterial/index', [], true)
 5 APPPATH\Controllers\PermisoMagisterial.php(108): view('permiso_magisterial/index', [...])
 6 SYSTEMPATH\CodeIgniter.php(943): App\Controllers\PermisoMagisterial->index()
 7 SYSTEMPATH\CodeIgniter.php(503): CodeIgniter\CodeIgniter->runController(Object(App\Controllers\PermisoMagisterial))
 8 SYSTEMPATH\CodeIgniter.php(361): CodeIgniter\CodeIgniter->handleRequest(null, Object(Config\Cache), false)
 9 FCPATH\index.php(79): CodeIgniter\CodeIgniter->run()
CRITICAL - 2024-04-23 03:53:46 --> ErrorException: Attempt to read property "nombre" on array
in APPPATH\Views\tipo_permiso\index.php on line 38.
 1 APPPATH\Views\tipo_permiso\index.php(38): CodeIgniter\Debug\Exceptions->errorHandler(2, 'Attempt to read property "nombre" on array', 'C:\\laragon\\www\\prueba\\SistemaControl\\app\\Views\\tipo_permiso\\index.php', 38)
 2 SYSTEMPATH\View\View.php(228): include('C:\\laragon\\www\\prueba\\SistemaControl\\app\\Views\\tipo_permiso\\index.php')
 3 SYSTEMPATH\View\View.php(231): CodeIgniter\View\View->CodeIgniter\View\{closure}()
 4 SYSTEMPATH\Common.php(1178): CodeIgniter\View\View->render('tipo_permiso/index', [], true)
 5 APPPATH\Controllers\TipoPermiso.php(15): view('tipo_permiso/index', [...])
 6 SYSTEMPATH\CodeIgniter.php(943): App\Controllers\TipoPermiso->index()
 7 SYSTEMPATH\CodeIgniter.php(503): CodeIgniter\CodeIgniter->runController(Object(App\Controllers\TipoPermiso))
 8 SYSTEMPATH\CodeIgniter.php(361): CodeIgniter\CodeIgniter->handleRequest(null, Object(Config\Cache), false)
 9 FCPATH\index.php(79): CodeIgniter\CodeIgniter->run()
CRITICAL - 2024-04-23 03:53:58 --> ErrorException: Attempt to read property "nombre" on array
in APPPATH\Views\tipo_permiso\index.php on line 38.
 1 APPPATH\Views\tipo_permiso\index.php(38): CodeIgniter\Debug\Exceptions->errorHandler(2, 'Attempt to read property "nombre" on array', 'C:\\laragon\\www\\prueba\\SistemaControl\\app\\Views\\tipo_permiso\\index.php', 38)
 2 SYSTEMPATH\View\View.php(228): include('C:\\laragon\\www\\prueba\\SistemaControl\\app\\Views\\tipo_permiso\\index.php')
 3 SYSTEMPATH\View\View.php(231): CodeIgniter\View\View->CodeIgniter\View\{closure}()
 4 SYSTEMPATH\Common.php(1178): CodeIgniter\View\View->render('tipo_permiso/index', [], true)
 5 APPPATH\Controllers\TipoPermiso.php(15): view('tipo_permiso/index', [...])
 6 SYSTEMPATH\CodeIgniter.php(943): App\Controllers\TipoPermiso->index()
 7 SYSTEMPATH\CodeIgniter.php(503): CodeIgniter\CodeIgniter->runController(Object(App\Controllers\TipoPermiso))
 8 SYSTEMPATH\CodeIgniter.php(361): CodeIgniter\CodeIgniter->handleRequest(null, Object(Config\Cache), false)
 9 FCPATH\index.php(79): CodeIgniter\CodeIgniter->run()
CRITICAL - 2024-04-23 04:00:23 --> ErrorException: Undefined array key "idTipoPermiso"
in APPPATH\Views\permiso_magisterial\index.php on line 35.
 1 APPPATH\Views\permiso_magisterial\index.php(35): CodeIgniter\Debug\Exceptions->errorHandler(2, 'Undefined array key "idTipoPermiso"', 'C:\\laragon\\www\\prueba\\SistemaControl\\app\\Views\\permiso_magisterial\\index.php', 35)
 2 SYSTEMPATH\View\View.php(228): include('C:\\laragon\\www\\prueba\\SistemaControl\\app\\Views\\permiso_magisterial\\index.php')
 3 SYSTEMPATH\View\View.php(231): CodeIgniter\View\View->CodeIgniter\View\{closure}()
 4 SYSTEMPATH\Common.php(1178): CodeIgniter\View\View->render('permiso_magisterial/index', [], true)
 5 APPPATH\Controllers\PermisoMagisterial.php(110): view('permiso_magisterial/index', [...])
 6 SYSTEMPATH\CodeIgniter.php(943): App\Controllers\PermisoMagisterial->index()
 7 SYSTEMPATH\CodeIgniter.php(503): CodeIgniter\CodeIgniter->runController(Object(App\Controllers\PermisoMagisterial))
 8 SYSTEMPATH\CodeIgniter.php(361): CodeIgniter\CodeIgniter->handleRequest(null, Object(Config\Cache), false)
 9 FCPATH\index.php(79): CodeIgniter\CodeIgniter->run()
CRITICAL - 2024-04-23 04:00:32 --> ErrorException: Undefined array key "idTipoPermiso"
in APPPATH\Views\permiso_magisterial\index.php on line 35.
 1 APPPATH\Views\permiso_magisterial\index.php(35): CodeIgniter\Debug\Exceptions->errorHandler(2, 'Undefined array key "idTipoPermiso"', 'C:\\laragon\\www\\prueba\\SistemaControl\\app\\Views\\permiso_magisterial\\index.php', 35)
 2 SYSTEMPATH\View\View.php(228): include('C:\\laragon\\www\\prueba\\SistemaControl\\app\\Views\\permiso_magisterial\\index.php')
 3 SYSTEMPATH\View\View.php(231): CodeIgniter\View\View->CodeIgniter\View\{closure}()
 4 SYSTEMPATH\Common.php(1178): CodeIgniter\View\View->render('permiso_magisterial/index', [], true)
 5 APPPATH\Controllers\PermisoMagisterial.php(110): view('permiso_magisterial/index', [...])
 6 SYSTEMPATH\CodeIgniter.php(943): App\Controllers\PermisoMagisterial->index()
 7 SYSTEMPATH\CodeIgniter.php(503): CodeIgniter\CodeIgniter->runController(Object(App\Controllers\PermisoMagisterial))
 8 SYSTEMPATH\CodeIgniter.php(361): CodeIgniter\CodeIgniter->handleRequest(null, Object(Config\Cache), false)
 9 FCPATH\index.php(79): CodeIgniter\CodeIgniter->run()
CRITICAL - 2024-04-23 04:01:40 --> ErrorException: Undefined array key "idTipoPermiso"
in APPPATH\Views\permiso_magisterial\index.php on line 35.
 1 APPPATH\Views\permiso_magisterial\index.php(35): CodeIgniter\Debug\Exceptions->errorHandler(2, 'Undefined array key "idTipoPermiso"', 'C:\\laragon\\www\\prueba\\SistemaControl\\app\\Views\\permiso_magisterial\\index.php', 35)
 2 SYSTEMPATH\View\View.php(228): include('C:\\laragon\\www\\prueba\\SistemaControl\\app\\Views\\permiso_magisterial\\index.php')
 3 SYSTEMPATH\View\View.php(231): CodeIgniter\View\View->CodeIgniter\View\{closure}()
 4 SYSTEMPATH\Common.php(1178): CodeIgniter\View\View->render('permiso_magisterial/index', [], true)
 5 APPPATH\Controllers\PermisoMagisterial.php(110): view('permiso_magisterial/index', [...])
 6 SYSTEMPATH\CodeIgniter.php(943): App\Controllers\PermisoMagisterial->index()
 7 SYSTEMPATH\CodeIgniter.php(503): CodeIgniter\CodeIgniter->runController(Object(App\Controllers\PermisoMagisterial))
 8 SYSTEMPATH\CodeIgniter.php(361): CodeIgniter\CodeIgniter->handleRequest(null, Object(Config\Cache), false)
 9 FCPATH\index.php(79): CodeIgniter\CodeIgniter->run()
CRITICAL - 2024-04-23 04:03:26 --> ErrorException: Undefined array key "idTipoPermiso"
in APPPATH\Views\permiso_magisterial\index.php on line 35.
 1 APPPATH\Views\permiso_magisterial\index.php(35): CodeIgniter\Debug\Exceptions->errorHandler(2, 'Undefined array key "idTipoPermiso"', 'C:\\laragon\\www\\prueba\\SistemaControl\\app\\Views\\permiso_magisterial\\index.php', 35)
 2 SYSTEMPATH\View\View.php(228): include('C:\\laragon\\www\\prueba\\SistemaControl\\app\\Views\\permiso_magisterial\\index.php')
 3 SYSTEMPATH\View\View.php(231): CodeIgniter\View\View->CodeIgniter\View\{closure}()
 4 SYSTEMPATH\Common.php(1178): CodeIgniter\View\View->render('permiso_magisterial/index', [], true)
 5 APPPATH\Controllers\PermisoMagisterial.php(110): view('permiso_magisterial/index', [...])
 6 SYSTEMPATH\CodeIgniter.php(943): App\Controllers\PermisoMagisterial->index()
 7 SYSTEMPATH\CodeIgniter.php(503): CodeIgniter\CodeIgniter->runController(Object(App\Controllers\PermisoMagisterial))
 8 SYSTEMPATH\CodeIgniter.php(361): CodeIgniter\CodeIgniter->handleRequest(null, Object(Config\Cache), false)
 9 FCPATH\index.php(79): CodeIgniter\CodeIgniter->run()
CRITICAL - 2024-04-23 04:04:40 --> ErrorException: Undefined array key "idTipoPermiso"
in APPPATH\Views\permiso_magisterial\index.php on line 35.
 1 APPPATH\Views\permiso_magisterial\index.php(35): CodeIgniter\Debug\Exceptions->errorHandler(2, 'Undefined array key "idTipoPermiso"', 'C:\\laragon\\www\\prueba\\SistemaControl\\app\\Views\\permiso_magisterial\\index.php', 35)
 2 SYSTEMPATH\View\View.php(228): include('C:\\laragon\\www\\prueba\\SistemaControl\\app\\Views\\permiso_magisterial\\index.php')
 3 SYSTEMPATH\View\View.php(231): CodeIgniter\View\View->CodeIgniter\View\{closure}()
 4 SYSTEMPATH\Common.php(1178): CodeIgniter\View\View->render('permiso_magisterial/index', [], true)
 5 APPPATH\Controllers\PermisoMagisterial.php(110): view('permiso_magisterial/index', [...])
 6 SYSTEMPATH\CodeIgniter.php(943): App\Controllers\PermisoMagisterial->index()
 7 SYSTEMPATH\CodeIgniter.php(503): CodeIgniter\CodeIgniter->runController(Object(App\Controllers\PermisoMagisterial))
 8 SYSTEMPATH\CodeIgniter.php(361): CodeIgniter\CodeIgniter->handleRequest(null, Object(Config\Cache), false)
 9 FCPATH\index.php(79): CodeIgniter\CodeIgniter->run()
CRITICAL - 2024-04-23 04:06:27 --> ErrorException: Attempt to read property "nombre" on array
in APPPATH\Views\permiso_magisterial\index.php on line 21.
 1 APPPATH\Views\permiso_magisterial\index.php(21): CodeIgniter\Debug\Exceptions->errorHandler(2, 'Attempt to read property "nombre" on array', 'C:\\laragon\\www\\prueba\\SistemaControl\\app\\Views\\permiso_magisterial\\index.php', 21)
 2 SYSTEMPATH\View\View.php(228): include('C:\\laragon\\www\\prueba\\SistemaControl\\app\\Views\\permiso_magisterial\\index.php')
 3 SYSTEMPATH\View\View.php(231): CodeIgniter\View\View->CodeIgniter\View\{closure}()
 4 SYSTEMPATH\Common.php(1178): CodeIgniter\View\View->render('permiso_magisterial/index', [], true)
 5 APPPATH\Controllers\PermisoMagisterial.php(110): view('permiso_magisterial/index', [...])
 6 SYSTEMPATH\CodeIgniter.php(943): App\Controllers\PermisoMagisterial->index()
 7 SYSTEMPATH\CodeIgniter.php(503): CodeIgniter\CodeIgniter->runController(Object(App\Controllers\PermisoMagisterial))
 8 SYSTEMPATH\CodeIgniter.php(361): CodeIgniter\CodeIgniter->handleRequest(null, Object(Config\Cache), false)
 9 FCPATH\index.php(79): CodeIgniter\CodeIgniter->run()
CRITICAL - 2024-04-23 04:08:31 --> ErrorException: Undefined array key "idTipoPermiso"
in APPPATH\Views\permiso_magisterial\index.php on line 35.
 1 APPPATH\Views\permiso_magisterial\index.php(35): CodeIgniter\Debug\Exceptions->errorHandler(2, 'Undefined array key "idTipoPermiso"', 'C:\\laragon\\www\\prueba\\SistemaControl\\app\\Views\\permiso_magisterial\\index.php', 35)
 2 SYSTEMPATH\View\View.php(228): include('C:\\laragon\\www\\prueba\\SistemaControl\\app\\Views\\permiso_magisterial\\index.php')
 3 SYSTEMPATH\View\View.php(231): CodeIgniter\View\View->CodeIgniter\View\{closure}()
 4 SYSTEMPATH\Common.php(1178): CodeIgniter\View\View->render('permiso_magisterial/index', [], true)
 5 APPPATH\Controllers\PermisoMagisterial.php(110): view('permiso_magisterial/index', [...])
 6 SYSTEMPATH\CodeIgniter.php(943): App\Controllers\PermisoMagisterial->index()
 7 SYSTEMPATH\CodeIgniter.php(503): CodeIgniter\CodeIgniter->runController(Object(App\Controllers\PermisoMagisterial))
 8 SYSTEMPATH\CodeIgniter.php(361): CodeIgniter\CodeIgniter->handleRequest(null, Object(Config\Cache), false)
 9 FCPATH\index.php(79): CodeIgniter\CodeIgniter->run()
CRITICAL - 2024-04-23 04:09:54 --> ErrorException: Undefined array key "idTipoPermiso"
in APPPATH\Views\permiso_magisterial\index.php on line 35.
 1 APPPATH\Views\permiso_magisterial\index.php(35): CodeIgniter\Debug\Exceptions->errorHandler(2, 'Undefined array key "idTipoPermiso"', 'C:\\laragon\\www\\prueba\\SistemaControl\\app\\Views\\permiso_magisterial\\index.php', 35)
 2 SYSTEMPATH\View\View.php(228): include('C:\\laragon\\www\\prueba\\SistemaControl\\app\\Views\\permiso_magisterial\\index.php')
 3 SYSTEMPATH\View\View.php(231): CodeIgniter\View\View->CodeIgniter\View\{closure}()
 4 SYSTEMPATH\Common.php(1178): CodeIgniter\View\View->render('permiso_magisterial/index', [], true)
 5 APPPATH\Controllers\PermisoMagisterial.php(110): view('permiso_magisterial/index', [...])
 6 SYSTEMPATH\CodeIgniter.php(943): App\Controllers\PermisoMagisterial->index()
 7 SYSTEMPATH\CodeIgniter.php(503): CodeIgniter\CodeIgniter->runController(Object(App\Controllers\PermisoMagisterial))
 8 SYSTEMPATH\CodeIgniter.php(361): CodeIgniter\CodeIgniter->handleRequest(null, Object(Config\Cache), false)
 9 FCPATH\index.php(79): CodeIgniter\CodeIgniter->run()
CRITICAL - 2024-04-23 04:10:59 --> ErrorException: Undefined array key "idTipoPermiso"
in APPPATH\Views\permiso_magisterial\index.php on line 35.
 1 APPPATH\Views\permiso_magisterial\index.php(35): CodeIgniter\Debug\Exceptions->errorHandler(2, 'Undefined array key "idTipoPermiso"', 'C:\\laragon\\www\\prueba\\SistemaControl\\app\\Views\\permiso_magisterial\\index.php', 35)
 2 SYSTEMPATH\View\View.php(228): include('C:\\laragon\\www\\prueba\\SistemaControl\\app\\Views\\permiso_magisterial\\index.php')
 3 SYSTEMPATH\View\View.php(231): CodeIgniter\View\View->CodeIgniter\View\{closure}()
 4 SYSTEMPATH\Common.php(1178): CodeIgniter\View\View->render('permiso_magisterial/index', [], true)
 5 APPPATH\Controllers\PermisoMagisterial.php(110): view('permiso_magisterial/index', [...])
 6 SYSTEMPATH\CodeIgniter.php(943): App\Controllers\PermisoMagisterial->index()
 7 SYSTEMPATH\CodeIgniter.php(503): CodeIgniter\CodeIgniter->runController(Object(App\Controllers\PermisoMagisterial))
 8 SYSTEMPATH\CodeIgniter.php(361): CodeIgniter\CodeIgniter->handleRequest(null, Object(Config\Cache), false)
 9 FCPATH\index.php(79): CodeIgniter\CodeIgniter->run()
CRITICAL - 2024-04-23 04:11:09 --> ErrorException: Undefined array key "idTipoPermiso"
in APPPATH\Views\permiso_magisterial\index.php on line 35.
 1 APPPATH\Views\permiso_magisterial\index.php(35): CodeIgniter\Debug\Exceptions->errorHandler(2, 'Undefined array key "idTipoPermiso"', 'C:\\laragon\\www\\prueba\\SistemaControl\\app\\Views\\permiso_magisterial\\index.php', 35)
 2 SYSTEMPATH\View\View.php(228): include('C:\\laragon\\www\\prueba\\SistemaControl\\app\\Views\\permiso_magisterial\\index.php')
 3 SYSTEMPATH\View\View.php(231): CodeIgniter\View\View->CodeIgniter\View\{closure}()
 4 SYSTEMPATH\Common.php(1178): CodeIgniter\View\View->render('permiso_magisterial/index', [], true)
 5 APPPATH\Controllers\PermisoMagisterial.php(110): view('permiso_magisterial/index', [...])
 6 SYSTEMPATH\CodeIgniter.php(943): App\Controllers\PermisoMagisterial->index()
 7 SYSTEMPATH\CodeIgniter.php(503): CodeIgniter\CodeIgniter->runController(Object(App\Controllers\PermisoMagisterial))
 8 SYSTEMPATH\CodeIgniter.php(361): CodeIgniter\CodeIgniter->handleRequest(null, Object(Config\Cache), false)
 9 FCPATH\index.php(79): CodeIgniter\CodeIgniter->run()
CRITICAL - 2024-04-23 04:13:07 --> ErrorException: Undefined array key "idTipoPermiso"
in APPPATH\Views\permiso_magisterial\index.php on line 35.
 1 APPPATH\Views\permiso_magisterial\index.php(35): CodeIgniter\Debug\Exceptions->errorHandler(2, 'Undefined array key "idTipoPermiso"', 'C:\\laragon\\www\\prueba\\SistemaControl\\app\\Views\\permiso_magisterial\\index.php', 35)
 2 SYSTEMPATH\View\View.php(228): include('C:\\laragon\\www\\prueba\\SistemaControl\\app\\Views\\permiso_magisterial\\index.php')
 3 SYSTEMPATH\View\View.php(231): CodeIgniter\View\View->CodeIgniter\View\{closure}()
 4 SYSTEMPATH\Common.php(1178): CodeIgniter\View\View->render('permiso_magisterial/index', [], true)
 5 APPPATH\Controllers\PermisoMagisterial.php(110): view('permiso_magisterial/index', [...])
 6 SYSTEMPATH\CodeIgniter.php(943): App\Controllers\PermisoMagisterial->index()
 7 SYSTEMPATH\CodeIgniter.php(503): CodeIgniter\CodeIgniter->runController(Object(App\Controllers\PermisoMagisterial))
 8 SYSTEMPATH\CodeIgniter.php(361): CodeIgniter\CodeIgniter->handleRequest(null, Object(Config\Cache), false)
 9 FCPATH\index.php(79): CodeIgniter\CodeIgniter->run()
CRITICAL - 2024-04-23 04:14:55 --> ErrorException: Undefined array key "id"
in APPPATH\Views\permiso_magisterial\index.php on line 35.
 1 APPPATH\Views\permiso_magisterial\index.php(35): CodeIgniter\Debug\Exceptions->errorHandler(2, 'Undefined array key "id"', 'C:\\laragon\\www\\prueba\\SistemaControl\\app\\Views\\permiso_magisterial\\index.php', 35)
 2 SYSTEMPATH\View\View.php(228): include('C:\\laragon\\www\\prueba\\SistemaControl\\app\\Views\\permiso_magisterial\\index.php')
 3 SYSTEMPATH\View\View.php(231): CodeIgniter\View\View->CodeIgniter\View\{closure}()
 4 SYSTEMPATH\Common.php(1178): CodeIgniter\View\View->render('permiso_magisterial/index', [], true)
 5 APPPATH\Controllers\PermisoMagisterial.php(110): view('permiso_magisterial/index', [...])
 6 SYSTEMPATH\CodeIgniter.php(943): App\Controllers\PermisoMagisterial->index()
 7 SYSTEMPATH\CodeIgniter.php(503): CodeIgniter\CodeIgniter->runController(Object(App\Controllers\PermisoMagisterial))
 8 SYSTEMPATH\CodeIgniter.php(361): CodeIgniter\CodeIgniter->handleRequest(null, Object(Config\Cache), false)
 9 FCPATH\index.php(79): CodeIgniter\CodeIgniter->run()
CRITICAL - 2024-04-23 04:20:56 --> ErrorException: Undefined array key "cantidad_dias"
in APPPATH\Controllers\PermisoMagisterial.php on line 96.
 1 APPPATH\Controllers\PermisoMagisterial.php(96): CodeIgniter\Debug\Exceptions->errorHandler(2, 'Undefined array key "cantidad_dias"', 'C:\\laragon\\www\\prueba\\SistemaControl\\app\\Controllers\\PermisoMagisterial.php', 96)
 2 SYSTEMPATH\CodeIgniter.php(943): App\Controllers\PermisoMagisterial->index()
 3 SYSTEMPATH\CodeIgniter.php(503): CodeIgniter\CodeIgniter->runController(Object(App\Controllers\PermisoMagisterial))
 4 SYSTEMPATH\CodeIgniter.php(361): CodeIgniter\CodeIgniter->handleRequest(null, Object(Config\Cache), false)
 5 FCPATH\index.php(79): CodeIgniter\CodeIgniter->run()
CRITICAL - 2024-04-23 04:23:30 --> ErrorException: Undefined array key "id"
in APPPATH\Views\permiso_magisterial\index.php on line 35.
 1 APPPATH\Views\permiso_magisterial\index.php(35): CodeIgniter\Debug\Exceptions->errorHandler(2, 'Undefined array key "id"', 'C:\\laragon\\www\\prueba\\SistemaControl\\app\\Views\\permiso_magisterial\\index.php', 35)
 2 SYSTEMPATH\View\View.php(228): include('C:\\laragon\\www\\prueba\\SistemaControl\\app\\Views\\permiso_magisterial\\index.php')
 3 SYSTEMPATH\View\View.php(231): CodeIgniter\View\View->CodeIgniter\View\{closure}()
 4 SYSTEMPATH\Common.php(1178): CodeIgniter\View\View->render('permiso_magisterial/index', [], true)
 5 APPPATH\Controllers\PermisoMagisterial.php(110): view('permiso_magisterial/index', [...])
 6 SYSTEMPATH\CodeIgniter.php(943): App\Controllers\PermisoMagisterial->index()
 7 SYSTEMPATH\CodeIgniter.php(503): CodeIgniter\CodeIgniter->runController(Object(App\Controllers\PermisoMagisterial))
 8 SYSTEMPATH\CodeIgniter.php(361): CodeIgniter\CodeIgniter->handleRequest(null, Object(Config\Cache), false)
 9 FCPATH\index.php(79): CodeIgniter\CodeIgniter->run()
CRITICAL - 2024-04-23 04:25:54 --> ErrorException: Undefined array key "idTipoPermiso"
in APPPATH\Views\permiso_magisterial\index.php on line 35.
 1 APPPATH\Views\permiso_magisterial\index.php(35): CodeIgniter\Debug\Exceptions->errorHandler(2, 'Undefined array key "idTipoPermiso"', 'C:\\laragon\\www\\prueba\\SistemaControl\\app\\Views\\permiso_magisterial\\index.php', 35)
 2 SYSTEMPATH\View\View.php(228): include('C:\\laragon\\www\\prueba\\SistemaControl\\app\\Views\\permiso_magisterial\\index.php')
 3 SYSTEMPATH\View\View.php(231): CodeIgniter\View\View->CodeIgniter\View\{closure}()
 4 SYSTEMPATH\Common.php(1178): CodeIgniter\View\View->render('permiso_magisterial/index', [], true)
 5 APPPATH\Controllers\PermisoMagisterial.php(110): view('permiso_magisterial/index', [...])
 6 SYSTEMPATH\CodeIgniter.php(943): App\Controllers\PermisoMagisterial->index()
 7 SYSTEMPATH\CodeIgniter.php(503): CodeIgniter\CodeIgniter->runController(Object(App\Controllers\PermisoMagisterial))
 8 SYSTEMPATH\CodeIgniter.php(361): CodeIgniter\CodeIgniter->handleRequest(null, Object(Config\Cache), false)
 9 FCPATH\index.php(79): CodeIgniter\CodeIgniter->run()
CRITICAL - 2024-04-23 04:25:55 --> ErrorException: Undefined array key "idTipoPermiso"
in APPPATH\Views\permiso_magisterial\index.php on line 35.
 1 APPPATH\Views\permiso_magisterial\index.php(35): CodeIgniter\Debug\Exceptions->errorHandler(2, 'Undefined array key "idTipoPermiso"', 'C:\\laragon\\www\\prueba\\SistemaControl\\app\\Views\\permiso_magisterial\\index.php', 35)
 2 SYSTEMPATH\View\View.php(228): include('C:\\laragon\\www\\prueba\\SistemaControl\\app\\Views\\permiso_magisterial\\index.php')
 3 SYSTEMPATH\View\View.php(231): CodeIgniter\View\View->CodeIgniter\View\{closure}()
 4 SYSTEMPATH\Common.php(1178): CodeIgniter\View\View->render('permiso_magisterial/index', [], true)
 5 APPPATH\Controllers\PermisoMagisterial.php(110): view('permiso_magisterial/index', [...])
 6 SYSTEMPATH\CodeIgniter.php(943): App\Controllers\PermisoMagisterial->index()
 7 SYSTEMPATH\CodeIgniter.php(503): CodeIgniter\CodeIgniter->runController(Object(App\Controllers\PermisoMagisterial))
 8 SYSTEMPATH\CodeIgniter.php(361): CodeIgniter\CodeIgniter->handleRequest(null, Object(Config\Cache), false)
 9 FCPATH\index.php(79): CodeIgniter\CodeIgniter->run()
CRITICAL - 2024-04-23 04:25:55 --> ErrorException: Undefined array key "idTipoPermiso"
in APPPATH\Views\permiso_magisterial\index.php on line 35.
 1 APPPATH\Views\permiso_magisterial\index.php(35): CodeIgniter\Debug\Exceptions->errorHandler(2, 'Undefined array key "idTipoPermiso"', 'C:\\laragon\\www\\prueba\\SistemaControl\\app\\Views\\permiso_magisterial\\index.php', 35)
 2 SYSTEMPATH\View\View.php(228): include('C:\\laragon\\www\\prueba\\SistemaControl\\app\\Views\\permiso_magisterial\\index.php')
 3 SYSTEMPATH\View\View.php(231): CodeIgniter\View\View->CodeIgniter\View\{closure}()
 4 SYSTEMPATH\Common.php(1178): CodeIgniter\View\View->render('permiso_magisterial/index', [], true)
 5 APPPATH\Controllers\PermisoMagisterial.php(110): view('permiso_magisterial/index', [...])
 6 SYSTEMPATH\CodeIgniter.php(943): App\Controllers\PermisoMagisterial->index()
 7 SYSTEMPATH\CodeIgniter.php(503): CodeIgniter\CodeIgniter->runController(Object(App\Controllers\PermisoMagisterial))
 8 SYSTEMPATH\CodeIgniter.php(361): CodeIgniter\CodeIgniter->handleRequest(null, Object(Config\Cache), false)
 9 FCPATH\index.php(79): CodeIgniter\CodeIgniter->run()
CRITICAL - 2024-04-23 04:25:55 --> ErrorException: Undefined array key "idTipoPermiso"
in APPPATH\Views\permiso_magisterial\index.php on line 35.
 1 APPPATH\Views\permiso_magisterial\index.php(35): CodeIgniter\Debug\Exceptions->errorHandler(2, 'Undefined array key "idTipoPermiso"', 'C:\\laragon\\www\\prueba\\SistemaControl\\app\\Views\\permiso_magisterial\\index.php', 35)
 2 SYSTEMPATH\View\View.php(228): include('C:\\laragon\\www\\prueba\\SistemaControl\\app\\Views\\permiso_magisterial\\index.php')
 3 SYSTEMPATH\View\View.php(231): CodeIgniter\View\View->CodeIgniter\View\{closure}()
 4 SYSTEMPATH\Common.php(1178): CodeIgniter\View\View->render('permiso_magisterial/index', [], true)
 5 APPPATH\Controllers\PermisoMagisterial.php(110): view('permiso_magisterial/index', [...])
 6 SYSTEMPATH\CodeIgniter.php(943): App\Controllers\PermisoMagisterial->index()
 7 SYSTEMPATH\CodeIgniter.php(503): CodeIgniter\CodeIgniter->runController(Object(App\Controllers\PermisoMagisterial))
 8 SYSTEMPATH\CodeIgniter.php(361): CodeIgniter\CodeIgniter->handleRequest(null, Object(Config\Cache), false)
 9 FCPATH\index.php(79): CodeIgniter\CodeIgniter->run()
CRITICAL - 2024-04-23 04:25:56 --> ErrorException: Undefined array key "idTipoPermiso"
in APPPATH\Views\permiso_magisterial\index.php on line 35.
 1 APPPATH\Views\permiso_magisterial\index.php(35): CodeIgniter\Debug\Exceptions->errorHandler(2, 'Undefined array key "idTipoPermiso"', 'C:\\laragon\\www\\prueba\\SistemaControl\\app\\Views\\permiso_magisterial\\index.php', 35)
 2 SYSTEMPATH\View\View.php(228): include('C:\\laragon\\www\\prueba\\SistemaControl\\app\\Views\\permiso_magisterial\\index.php')
 3 SYSTEMPATH\View\View.php(231): CodeIgniter\View\View->CodeIgniter\View\{closure}()
 4 SYSTEMPATH\Common.php(1178): CodeIgniter\View\View->render('permiso_magisterial/index', [], true)
 5 APPPATH\Controllers\PermisoMagisterial.php(110): view('permiso_magisterial/index', [...])
 6 SYSTEMPATH\CodeIgniter.php(943): App\Controllers\PermisoMagisterial->index()
 7 SYSTEMPATH\CodeIgniter.php(503): CodeIgniter\CodeIgniter->runController(Object(App\Controllers\PermisoMagisterial))
 8 SYSTEMPATH\CodeIgniter.php(361): CodeIgniter\CodeIgniter->handleRequest(null, Object(Config\Cache), false)
 9 FCPATH\index.php(79): CodeIgniter\CodeIgniter->run()
CRITICAL - 2024-04-23 04:25:56 --> ErrorException: Undefined array key "idTipoPermiso"
in APPPATH\Views\permiso_magisterial\index.php on line 35.
 1 APPPATH\Views\permiso_magisterial\index.php(35): CodeIgniter\Debug\Exceptions->errorHandler(2, 'Undefined array key "idTipoPermiso"', 'C:\\laragon\\www\\prueba\\SistemaControl\\app\\Views\\permiso_magisterial\\index.php', 35)
 2 SYSTEMPATH\View\View.php(228): include('C:\\laragon\\www\\prueba\\SistemaControl\\app\\Views\\permiso_magisterial\\index.php')
 3 SYSTEMPATH\View\View.php(231): CodeIgniter\View\View->CodeIgniter\View\{closure}()
 4 SYSTEMPATH\Common.php(1178): CodeIgniter\View\View->render('permiso_magisterial/index', [], true)
 5 APPPATH\Controllers\PermisoMagisterial.php(110): view('permiso_magisterial/index', [...])
 6 SYSTEMPATH\CodeIgniter.php(943): App\Controllers\PermisoMagisterial->index()
 7 SYSTEMPATH\CodeIgniter.php(503): CodeIgniter\CodeIgniter->runController(Object(App\Controllers\PermisoMagisterial))
 8 SYSTEMPATH\CodeIgniter.php(361): CodeIgniter\CodeIgniter->handleRequest(null, Object(Config\Cache), false)
 9 FCPATH\index.php(79): CodeIgniter\CodeIgniter->run()
CRITICAL - 2024-04-23 04:30:41 --> ErrorException: Undefined array key "saldo"
in APPPATH\Views\permiso_magisterial\index.php on line 36.
 1 APPPATH\Views\permiso_magisterial\index.php(36): CodeIgniter\Debug\Exceptions->errorHandler(2, 'Undefined array key "saldo"', 'C:\\laragon\\www\\prueba\\SistemaControl\\app\\Views\\permiso_magisterial\\index.php', 36)
 2 SYSTEMPATH\View\View.php(228): include('C:\\laragon\\www\\prueba\\SistemaControl\\app\\Views\\permiso_magisterial\\index.php')
 3 SYSTEMPATH\View\View.php(231): CodeIgniter\View\View->CodeIgniter\View\{closure}()
 4 SYSTEMPATH\Common.php(1178): CodeIgniter\View\View->render('permiso_magisterial/index', [], true)
 5 APPPATH\Controllers\PermisoMagisterial.php(111): view('permiso_magisterial/index', [...])
 6 SYSTEMPATH\CodeIgniter.php(943): App\Controllers\PermisoMagisterial->index()
 7 SYSTEMPATH\CodeIgniter.php(503): CodeIgniter\CodeIgniter->runController(Object(App\Controllers\PermisoMagisterial))
 8 SYSTEMPATH\CodeIgniter.php(361): CodeIgniter\CodeIgniter->handleRequest(null, Object(Config\Cache), false)
 9 FCPATH\index.php(79): CodeIgniter\CodeIgniter->run()
