CRITICAL - 2024-06-26 05:41:05 --> ErrorException: Undefined array key "intentos_fallidos"
in APPPATH\Controllers\Login.php on line 70.
 1 APPPATH\Controllers\Login.php(70): CodeIgniter\Debug\Exceptions->errorHandler(2, 'Undefined array key "intentos_fallidos"', 'C:\\laragon\\www\\prueba\\SistemaControl\\app\\Controllers\\Login.php', 70)
 2 SYSTEMPATH\CodeIgniter.php(943): App\Controllers\Login->signIn()
 3 SYSTEMPATH\CodeIgniter.php(503): CodeIgniter\CodeIgniter->runController(Object(App\Controllers\Login))
 4 SYSTEMPATH\CodeIgniter.php(361): CodeIgniter\CodeIgniter->handleRequest(null, Object(Config\Cache), false)
 5 FCPATH\index.php(79): CodeIgniter\CodeIgniter->run()
CRITICAL - 2024-06-26 05:41:09 --> ErrorException: Undefined array key "intentos_fallidos"
in APPPATH\Controllers\Login.php on line 70.
 1 APPPATH\Controllers\Login.php(70): CodeIgniter\Debug\Exceptions->errorHandler(2, 'Undefined array key "intentos_fallidos"', 'C:\\laragon\\www\\prueba\\SistemaControl\\app\\Controllers\\Login.php', 70)
 2 SYSTEMPATH\CodeIgniter.php(943): App\Controllers\Login->signIn()
 3 SYSTEMPATH\CodeIgniter.php(503): CodeIgniter\CodeIgniter->runController(Object(App\Controllers\Login))
 4 SYSTEMPATH\CodeIgniter.php(361): CodeIgniter\CodeIgniter->handleRequest(null, Object(Config\Cache), false)
 5 FCPATH\index.php(79): CodeIgniter\CodeIgniter->run()
CRITICAL - 2024-06-26 05:41:11 --> ErrorException: Undefined array key "intentos_fallidos"
in APPPATH\Controllers\Login.php on line 70.
 1 APPPATH\Controllers\Login.php(70): CodeIgniter\Debug\Exceptions->errorHandler(2, 'Undefined array key "intentos_fallidos"', 'C:\\laragon\\www\\prueba\\SistemaControl\\app\\Controllers\\Login.php', 70)
 2 SYSTEMPATH\CodeIgniter.php(943): App\Controllers\Login->signIn()
 3 SYSTEMPATH\CodeIgniter.php(503): CodeIgniter\CodeIgniter->runController(Object(App\Controllers\Login))
 4 SYSTEMPATH\CodeIgniter.php(361): CodeIgniter\CodeIgniter->handleRequest(null, Object(Config\Cache), false)
 5 FCPATH\index.php(79): CodeIgniter\CodeIgniter->run()
CRITICAL - 2024-06-26 05:41:12 --> ErrorException: Undefined array key "intentos_fallidos"
in APPPATH\Controllers\Login.php on line 70.
 1 APPPATH\Controllers\Login.php(70): CodeIgniter\Debug\Exceptions->errorHandler(2, 'Undefined array key "intentos_fallidos"', 'C:\\laragon\\www\\prueba\\SistemaControl\\app\\Controllers\\Login.php', 70)
 2 SYSTEMPATH\CodeIgniter.php(943): App\Controllers\Login->signIn()
 3 SYSTEMPATH\CodeIgniter.php(503): CodeIgniter\CodeIgniter->runController(Object(App\Controllers\Login))
 4 SYSTEMPATH\CodeIgniter.php(361): CodeIgniter\CodeIgniter->handleRequest(null, Object(Config\Cache), false)
 5 FCPATH\index.php(79): CodeIgniter\CodeIgniter->run()
CRITICAL - 2024-06-26 05:41:13 --> ErrorException: Undefined array key "intentos_fallidos"
in APPPATH\Controllers\Login.php on line 70.
 1 APPPATH\Controllers\Login.php(70): CodeIgniter\Debug\Exceptions->errorHandler(2, 'Undefined array key "intentos_fallidos"', 'C:\\laragon\\www\\prueba\\SistemaControl\\app\\Controllers\\Login.php', 70)
 2 SYSTEMPATH\CodeIgniter.php(943): App\Controllers\Login->signIn()
 3 SYSTEMPATH\CodeIgniter.php(503): CodeIgniter\CodeIgniter->runController(Object(App\Controllers\Login))
 4 SYSTEMPATH\CodeIgniter.php(361): CodeIgniter\CodeIgniter->handleRequest(null, Object(Config\Cache), false)
 5 FCPATH\index.php(79): CodeIgniter\CodeIgniter->run()
CRITICAL - 2024-06-26 05:41:13 --> ErrorException: Undefined array key "intentos_fallidos"
in APPPATH\Controllers\Login.php on line 70.
 1 APPPATH\Controllers\Login.php(70): CodeIgniter\Debug\Exceptions->errorHandler(2, 'Undefined array key "intentos_fallidos"', 'C:\\laragon\\www\\prueba\\SistemaControl\\app\\Controllers\\Login.php', 70)
 2 SYSTEMPATH\CodeIgniter.php(943): App\Controllers\Login->signIn()
 3 SYSTEMPATH\CodeIgniter.php(503): CodeIgniter\CodeIgniter->runController(Object(App\Controllers\Login))
 4 SYSTEMPATH\CodeIgniter.php(361): CodeIgniter\CodeIgniter->handleRequest(null, Object(Config\Cache), false)
 5 FCPATH\index.php(79): CodeIgniter\CodeIgniter->run()
CRITICAL - 2024-06-26 05:41:13 --> ErrorException: Undefined array key "intentos_fallidos"
in APPPATH\Controllers\Login.php on line 70.
 1 APPPATH\Controllers\Login.php(70): CodeIgniter\Debug\Exceptions->errorHandler(2, 'Undefined array key "intentos_fallidos"', 'C:\\laragon\\www\\prueba\\SistemaControl\\app\\Controllers\\Login.php', 70)
 2 SYSTEMPATH\CodeIgniter.php(943): App\Controllers\Login->signIn()
 3 SYSTEMPATH\CodeIgniter.php(503): CodeIgniter\CodeIgniter->runController(Object(App\Controllers\Login))
 4 SYSTEMPATH\CodeIgniter.php(361): CodeIgniter\CodeIgniter->handleRequest(null, Object(Config\Cache), false)
 5 FCPATH\index.php(79): CodeIgniter\CodeIgniter->run()
CRITICAL - 2024-06-26 05:41:13 --> ErrorException: Undefined array key "intentos_fallidos"
in APPPATH\Controllers\Login.php on line 70.
 1 APPPATH\Controllers\Login.php(70): CodeIgniter\Debug\Exceptions->errorHandler(2, 'Undefined array key "intentos_fallidos"', 'C:\\laragon\\www\\prueba\\SistemaControl\\app\\Controllers\\Login.php', 70)
 2 SYSTEMPATH\CodeIgniter.php(943): App\Controllers\Login->signIn()
 3 SYSTEMPATH\CodeIgniter.php(503): CodeIgniter\CodeIgniter->runController(Object(App\Controllers\Login))
 4 SYSTEMPATH\CodeIgniter.php(361): CodeIgniter\CodeIgniter->handleRequest(null, Object(Config\Cache), false)
 5 FCPATH\index.php(79): CodeIgniter\CodeIgniter->run()
CRITICAL - 2024-06-26 05:41:13 --> ErrorException: Undefined array key "intentos_fallidos"
in APPPATH\Controllers\Login.php on line 70.
 1 APPPATH\Controllers\Login.php(70): CodeIgniter\Debug\Exceptions->errorHandler(2, 'Undefined array key "intentos_fallidos"', 'C:\\laragon\\www\\prueba\\SistemaControl\\app\\Controllers\\Login.php', 70)
 2 SYSTEMPATH\CodeIgniter.php(943): App\Controllers\Login->signIn()
 3 SYSTEMPATH\CodeIgniter.php(503): CodeIgniter\CodeIgniter->runController(Object(App\Controllers\Login))
 4 SYSTEMPATH\CodeIgniter.php(361): CodeIgniter\CodeIgniter->handleRequest(null, Object(Config\Cache), false)
 5 FCPATH\index.php(79): CodeIgniter\CodeIgniter->run()
CRITICAL - 2024-06-26 05:41:14 --> ErrorException: Undefined array key "intentos_fallidos"
in APPPATH\Controllers\Login.php on line 70.
 1 APPPATH\Controllers\Login.php(70): CodeIgniter\Debug\Exceptions->errorHandler(2, 'Undefined array key "intentos_fallidos"', 'C:\\laragon\\www\\prueba\\SistemaControl\\app\\Controllers\\Login.php', 70)
 2 SYSTEMPATH\CodeIgniter.php(943): App\Controllers\Login->signIn()
 3 SYSTEMPATH\CodeIgniter.php(503): CodeIgniter\CodeIgniter->runController(Object(App\Controllers\Login))
 4 SYSTEMPATH\CodeIgniter.php(361): CodeIgniter\CodeIgniter->handleRequest(null, Object(Config\Cache), false)
 5 FCPATH\index.php(79): CodeIgniter\CodeIgniter->run()
CRITICAL - 2024-06-26 05:41:15 --> ErrorException: Undefined array key "intentos_fallidos"
in APPPATH\Controllers\Login.php on line 70.
 1 APPPATH\Controllers\Login.php(70): CodeIgniter\Debug\Exceptions->errorHandler(2, 'Undefined array key "intentos_fallidos"', 'C:\\laragon\\www\\prueba\\SistemaControl\\app\\Controllers\\Login.php', 70)
 2 SYSTEMPATH\CodeIgniter.php(943): App\Controllers\Login->signIn()
 3 SYSTEMPATH\CodeIgniter.php(503): CodeIgniter\CodeIgniter->runController(Object(App\Controllers\Login))
 4 SYSTEMPATH\CodeIgniter.php(361): CodeIgniter\CodeIgniter->handleRequest(null, Object(Config\Cache), false)
 5 FCPATH\index.php(79): CodeIgniter\CodeIgniter->run()
CRITICAL - 2024-06-26 05:41:15 --> ErrorException: Undefined array key "intentos_fallidos"
in APPPATH\Controllers\Login.php on line 70.
 1 APPPATH\Controllers\Login.php(70): CodeIgniter\Debug\Exceptions->errorHandler(2, 'Undefined array key "intentos_fallidos"', 'C:\\laragon\\www\\prueba\\SistemaControl\\app\\Controllers\\Login.php', 70)
 2 SYSTEMPATH\CodeIgniter.php(943): App\Controllers\Login->signIn()
 3 SYSTEMPATH\CodeIgniter.php(503): CodeIgniter\CodeIgniter->runController(Object(App\Controllers\Login))
 4 SYSTEMPATH\CodeIgniter.php(361): CodeIgniter\CodeIgniter->handleRequest(null, Object(Config\Cache), false)
 5 FCPATH\index.php(79): CodeIgniter\CodeIgniter->run()
CRITICAL - 2024-06-26 05:41:16 --> ErrorException: Undefined array key "intentos_fallidos"
in APPPATH\Controllers\Login.php on line 70.
 1 APPPATH\Controllers\Login.php(70): CodeIgniter\Debug\Exceptions->errorHandler(2, 'Undefined array key "intentos_fallidos"', 'C:\\laragon\\www\\prueba\\SistemaControl\\app\\Controllers\\Login.php', 70)
 2 SYSTEMPATH\CodeIgniter.php(943): App\Controllers\Login->signIn()
 3 SYSTEMPATH\CodeIgniter.php(503): CodeIgniter\CodeIgniter->runController(Object(App\Controllers\Login))
 4 SYSTEMPATH\CodeIgniter.php(361): CodeIgniter\CodeIgniter->handleRequest(null, Object(Config\Cache), false)
 5 FCPATH\index.php(79): CodeIgniter\CodeIgniter->run()
CRITICAL - 2024-06-26 05:41:16 --> ErrorException: Undefined array key "intentos_fallidos"
in APPPATH\Controllers\Login.php on line 70.
 1 APPPATH\Controllers\Login.php(70): CodeIgniter\Debug\Exceptions->errorHandler(2, 'Undefined array key "intentos_fallidos"', 'C:\\laragon\\www\\prueba\\SistemaControl\\app\\Controllers\\Login.php', 70)
 2 SYSTEMPATH\CodeIgniter.php(943): App\Controllers\Login->signIn()
 3 SYSTEMPATH\CodeIgniter.php(503): CodeIgniter\CodeIgniter->runController(Object(App\Controllers\Login))
 4 SYSTEMPATH\CodeIgniter.php(361): CodeIgniter\CodeIgniter->handleRequest(null, Object(Config\Cache), false)
 5 FCPATH\index.php(79): CodeIgniter\CodeIgniter->run()
CRITICAL - 2024-06-26 05:41:18 --> ErrorException: Undefined array key "intentos_fallidos"
in APPPATH\Controllers\Login.php on line 70.
 1 APPPATH\Controllers\Login.php(70): CodeIgniter\Debug\Exceptions->errorHandler(2, 'Undefined array key "intentos_fallidos"', 'C:\\laragon\\www\\prueba\\SistemaControl\\app\\Controllers\\Login.php', 70)
 2 SYSTEMPATH\CodeIgniter.php(943): App\Controllers\Login->signIn()
 3 SYSTEMPATH\CodeIgniter.php(503): CodeIgniter\CodeIgniter->runController(Object(App\Controllers\Login))
 4 SYSTEMPATH\CodeIgniter.php(361): CodeIgniter\CodeIgniter->handleRequest(null, Object(Config\Cache), false)
 5 FCPATH\index.php(79): CodeIgniter\CodeIgniter->run()
CRITICAL - 2024-06-26 05:41:19 --> ErrorException: Undefined array key "intentos_fallidos"
in APPPATH\Controllers\Login.php on line 70.
 1 APPPATH\Controllers\Login.php(70): CodeIgniter\Debug\Exceptions->errorHandler(2, 'Undefined array key "intentos_fallidos"', 'C:\\laragon\\www\\prueba\\SistemaControl\\app\\Controllers\\Login.php', 70)
 2 SYSTEMPATH\CodeIgniter.php(943): App\Controllers\Login->signIn()
 3 SYSTEMPATH\CodeIgniter.php(503): CodeIgniter\CodeIgniter->runController(Object(App\Controllers\Login))
 4 SYSTEMPATH\CodeIgniter.php(361): CodeIgniter\CodeIgniter->handleRequest(null, Object(Config\Cache), false)
 5 FCPATH\index.php(79): CodeIgniter\CodeIgniter->run()
CRITICAL - 2024-06-26 05:45:10 --> CodeIgniter\Database\Exceptions\DataException: There is no data to update.
in SYSTEMPATH\BaseModel.php on line 973.
 1 SYSTEMPATH\BaseModel.php(973): CodeIgniter\Database\Exceptions\DataException::forEmptyDataset('update')
 2 SYSTEMPATH\Model.php(812): CodeIgniter\BaseModel->update([...], [])
 3 APPPATH\Controllers\Login.php(71): CodeIgniter\Model->update('4', [...])
 4 SYSTEMPATH\CodeIgniter.php(943): App\Controllers\Login->signIn()
 5 SYSTEMPATH\CodeIgniter.php(503): CodeIgniter\CodeIgniter->runController(Object(App\Controllers\Login))
 6 SYSTEMPATH\CodeIgniter.php(361): CodeIgniter\CodeIgniter->handleRequest(null, Object(Config\Cache), false)
 7 FCPATH\index.php(79): CodeIgniter\CodeIgniter->run()
CRITICAL - 2024-06-26 05:45:14 --> CodeIgniter\Database\Exceptions\DataException: There is no data to update.
in SYSTEMPATH\BaseModel.php on line 973.
 1 SYSTEMPATH\BaseModel.php(973): CodeIgniter\Database\Exceptions\DataException::forEmptyDataset('update')
 2 SYSTEMPATH\Model.php(812): CodeIgniter\BaseModel->update([...], [])
 3 APPPATH\Controllers\Login.php(71): CodeIgniter\Model->update('4', [...])
 4 SYSTEMPATH\CodeIgniter.php(943): App\Controllers\Login->signIn()
 5 SYSTEMPATH\CodeIgniter.php(503): CodeIgniter\CodeIgniter->runController(Object(App\Controllers\Login))
 6 SYSTEMPATH\CodeIgniter.php(361): CodeIgniter\CodeIgniter->handleRequest(null, Object(Config\Cache), false)
 7 FCPATH\index.php(79): CodeIgniter\CodeIgniter->run()
CRITICAL - 2024-06-26 05:45:15 --> CodeIgniter\Database\Exceptions\DataException: There is no data to update.
in SYSTEMPATH\BaseModel.php on line 973.
 1 SYSTEMPATH\BaseModel.php(973): CodeIgniter\Database\Exceptions\DataException::forEmptyDataset('update')
 2 SYSTEMPATH\Model.php(812): CodeIgniter\BaseModel->update([...], [])
 3 APPPATH\Controllers\Login.php(71): CodeIgniter\Model->update('4', [...])
 4 SYSTEMPATH\CodeIgniter.php(943): App\Controllers\Login->signIn()
 5 SYSTEMPATH\CodeIgniter.php(503): CodeIgniter\CodeIgniter->runController(Object(App\Controllers\Login))
 6 SYSTEMPATH\CodeIgniter.php(361): CodeIgniter\CodeIgniter->handleRequest(null, Object(Config\Cache), false)
 7 FCPATH\index.php(79): CodeIgniter\CodeIgniter->run()
CRITICAL - 2024-06-26 05:45:16 --> CodeIgniter\Database\Exceptions\DataException: There is no data to update.
in SYSTEMPATH\BaseModel.php on line 973.
 1 SYSTEMPATH\BaseModel.php(973): CodeIgniter\Database\Exceptions\DataException::forEmptyDataset('update')
 2 SYSTEMPATH\Model.php(812): CodeIgniter\BaseModel->update([...], [])
 3 APPPATH\Controllers\Login.php(71): CodeIgniter\Model->update('4', [...])
 4 SYSTEMPATH\CodeIgniter.php(943): App\Controllers\Login->signIn()
 5 SYSTEMPATH\CodeIgniter.php(503): CodeIgniter\CodeIgniter->runController(Object(App\Controllers\Login))
 6 SYSTEMPATH\CodeIgniter.php(361): CodeIgniter\CodeIgniter->handleRequest(null, Object(Config\Cache), false)
 7 FCPATH\index.php(79): CodeIgniter\CodeIgniter->run()
CRITICAL - 2024-06-26 05:45:16 --> CodeIgniter\Database\Exceptions\DataException: There is no data to update.
in SYSTEMPATH\BaseModel.php on line 973.
 1 SYSTEMPATH\BaseModel.php(973): CodeIgniter\Database\Exceptions\DataException::forEmptyDataset('update')
 2 SYSTEMPATH\Model.php(812): CodeIgniter\BaseModel->update([...], [])
 3 APPPATH\Controllers\Login.php(71): CodeIgniter\Model->update('4', [...])
 4 SYSTEMPATH\CodeIgniter.php(943): App\Controllers\Login->signIn()
 5 SYSTEMPATH\CodeIgniter.php(503): CodeIgniter\CodeIgniter->runController(Object(App\Controllers\Login))
 6 SYSTEMPATH\CodeIgniter.php(361): CodeIgniter\CodeIgniter->handleRequest(null, Object(Config\Cache), false)
 7 FCPATH\index.php(79): CodeIgniter\CodeIgniter->run()
CRITICAL - 2024-06-26 05:45:16 --> CodeIgniter\Database\Exceptions\DataException: There is no data to update.
in SYSTEMPATH\BaseModel.php on line 973.
 1 SYSTEMPATH\BaseModel.php(973): CodeIgniter\Database\Exceptions\DataException::forEmptyDataset('update')
 2 SYSTEMPATH\Model.php(812): CodeIgniter\BaseModel->update([...], [])
 3 APPPATH\Controllers\Login.php(71): CodeIgniter\Model->update('4', [...])
 4 SYSTEMPATH\CodeIgniter.php(943): App\Controllers\Login->signIn()
 5 SYSTEMPATH\CodeIgniter.php(503): CodeIgniter\CodeIgniter->runController(Object(App\Controllers\Login))
 6 SYSTEMPATH\CodeIgniter.php(361): CodeIgniter\CodeIgniter->handleRequest(null, Object(Config\Cache), false)
 7 FCPATH\index.php(79): CodeIgniter\CodeIgniter->run()
CRITICAL - 2024-06-26 05:45:16 --> CodeIgniter\Database\Exceptions\DataException: There is no data to update.
in SYSTEMPATH\BaseModel.php on line 973.
 1 SYSTEMPATH\BaseModel.php(973): CodeIgniter\Database\Exceptions\DataException::forEmptyDataset('update')
 2 SYSTEMPATH\Model.php(812): CodeIgniter\BaseModel->update([...], [])
 3 APPPATH\Controllers\Login.php(71): CodeIgniter\Model->update('4', [...])
 4 SYSTEMPATH\CodeIgniter.php(943): App\Controllers\Login->signIn()
 5 SYSTEMPATH\CodeIgniter.php(503): CodeIgniter\CodeIgniter->runController(Object(App\Controllers\Login))
 6 SYSTEMPATH\CodeIgniter.php(361): CodeIgniter\CodeIgniter->handleRequest(null, Object(Config\Cache), false)
 7 FCPATH\index.php(79): CodeIgniter\CodeIgniter->run()
CRITICAL - 2024-06-26 05:45:17 --> CodeIgniter\Database\Exceptions\DataException: There is no data to update.
in SYSTEMPATH\BaseModel.php on line 973.
 1 SYSTEMPATH\BaseModel.php(973): CodeIgniter\Database\Exceptions\DataException::forEmptyDataset('update')
 2 SYSTEMPATH\Model.php(812): CodeIgniter\BaseModel->update([...], [])
 3 APPPATH\Controllers\Login.php(71): CodeIgniter\Model->update('4', [...])
 4 SYSTEMPATH\CodeIgniter.php(943): App\Controllers\Login->signIn()
 5 SYSTEMPATH\CodeIgniter.php(503): CodeIgniter\CodeIgniter->runController(Object(App\Controllers\Login))
 6 SYSTEMPATH\CodeIgniter.php(361): CodeIgniter\CodeIgniter->handleRequest(null, Object(Config\Cache), false)
 7 FCPATH\index.php(79): CodeIgniter\CodeIgniter->run()
CRITICAL - 2024-06-26 05:45:17 --> CodeIgniter\Database\Exceptions\DataException: There is no data to update.
in SYSTEMPATH\BaseModel.php on line 973.
 1 SYSTEMPATH\BaseModel.php(973): CodeIgniter\Database\Exceptions\DataException::forEmptyDataset('update')
 2 SYSTEMPATH\Model.php(812): CodeIgniter\BaseModel->update([...], [])
 3 APPPATH\Controllers\Login.php(71): CodeIgniter\Model->update('4', [...])
 4 SYSTEMPATH\CodeIgniter.php(943): App\Controllers\Login->signIn()
 5 SYSTEMPATH\CodeIgniter.php(503): CodeIgniter\CodeIgniter->runController(Object(App\Controllers\Login))
 6 SYSTEMPATH\CodeIgniter.php(361): CodeIgniter\CodeIgniter->handleRequest(null, Object(Config\Cache), false)
 7 FCPATH\index.php(79): CodeIgniter\CodeIgniter->run()
CRITICAL - 2024-06-26 05:45:17 --> CodeIgniter\Database\Exceptions\DataException: There is no data to update.
in SYSTEMPATH\BaseModel.php on line 973.
 1 SYSTEMPATH\BaseModel.php(973): CodeIgniter\Database\Exceptions\DataException::forEmptyDataset('update')
 2 SYSTEMPATH\Model.php(812): CodeIgniter\BaseModel->update([...], [])
 3 APPPATH\Controllers\Login.php(71): CodeIgniter\Model->update('4', [...])
 4 SYSTEMPATH\CodeIgniter.php(943): App\Controllers\Login->signIn()
 5 SYSTEMPATH\CodeIgniter.php(503): CodeIgniter\CodeIgniter->runController(Object(App\Controllers\Login))
 6 SYSTEMPATH\CodeIgniter.php(361): CodeIgniter\CodeIgniter->handleRequest(null, Object(Config\Cache), false)
 7 FCPATH\index.php(79): CodeIgniter\CodeIgniter->run()
CRITICAL - 2024-06-26 05:45:17 --> CodeIgniter\Database\Exceptions\DataException: There is no data to update.
in SYSTEMPATH\BaseModel.php on line 973.
 1 SYSTEMPATH\BaseModel.php(973): CodeIgniter\Database\Exceptions\DataException::forEmptyDataset('update')
 2 SYSTEMPATH\Model.php(812): CodeIgniter\BaseModel->update([...], [])
 3 APPPATH\Controllers\Login.php(71): CodeIgniter\Model->update('4', [...])
 4 SYSTEMPATH\CodeIgniter.php(943): App\Controllers\Login->signIn()
 5 SYSTEMPATH\CodeIgniter.php(503): CodeIgniter\CodeIgniter->runController(Object(App\Controllers\Login))
 6 SYSTEMPATH\CodeIgniter.php(361): CodeIgniter\CodeIgniter->handleRequest(null, Object(Config\Cache), false)
 7 FCPATH\index.php(79): CodeIgniter\CodeIgniter->run()
CRITICAL - 2024-06-26 05:45:18 --> CodeIgniter\Database\Exceptions\DataException: There is no data to update.
in SYSTEMPATH\BaseModel.php on line 973.
 1 SYSTEMPATH\BaseModel.php(973): CodeIgniter\Database\Exceptions\DataException::forEmptyDataset('update')
 2 SYSTEMPATH\Model.php(812): CodeIgniter\BaseModel->update([...], [])
 3 APPPATH\Controllers\Login.php(71): CodeIgniter\Model->update('4', [...])
 4 SYSTEMPATH\CodeIgniter.php(943): App\Controllers\Login->signIn()
 5 SYSTEMPATH\CodeIgniter.php(503): CodeIgniter\CodeIgniter->runController(Object(App\Controllers\Login))
 6 SYSTEMPATH\CodeIgniter.php(361): CodeIgniter\CodeIgniter->handleRequest(null, Object(Config\Cache), false)
 7 FCPATH\index.php(79): CodeIgniter\CodeIgniter->run()
CRITICAL - 2024-06-26 05:45:18 --> CodeIgniter\Database\Exceptions\DataException: There is no data to update.
in SYSTEMPATH\BaseModel.php on line 973.
 1 SYSTEMPATH\BaseModel.php(973): CodeIgniter\Database\Exceptions\DataException::forEmptyDataset('update')
 2 SYSTEMPATH\Model.php(812): CodeIgniter\BaseModel->update([...], [])
 3 APPPATH\Controllers\Login.php(71): CodeIgniter\Model->update('4', [...])
 4 SYSTEMPATH\CodeIgniter.php(943): App\Controllers\Login->signIn()
 5 SYSTEMPATH\CodeIgniter.php(503): CodeIgniter\CodeIgniter->runController(Object(App\Controllers\Login))
 6 SYSTEMPATH\CodeIgniter.php(361): CodeIgniter\CodeIgniter->handleRequest(null, Object(Config\Cache), false)
 7 FCPATH\index.php(79): CodeIgniter\CodeIgniter->run()
CRITICAL - 2024-06-26 05:45:18 --> CodeIgniter\Database\Exceptions\DataException: There is no data to update.
in SYSTEMPATH\BaseModel.php on line 973.
 1 SYSTEMPATH\BaseModel.php(973): CodeIgniter\Database\Exceptions\DataException::forEmptyDataset('update')
 2 SYSTEMPATH\Model.php(812): CodeIgniter\BaseModel->update([...], [])
 3 APPPATH\Controllers\Login.php(71): CodeIgniter\Model->update('4', [...])
 4 SYSTEMPATH\CodeIgniter.php(943): App\Controllers\Login->signIn()
 5 SYSTEMPATH\CodeIgniter.php(503): CodeIgniter\CodeIgniter->runController(Object(App\Controllers\Login))
 6 SYSTEMPATH\CodeIgniter.php(361): CodeIgniter\CodeIgniter->handleRequest(null, Object(Config\Cache), false)
 7 FCPATH\index.php(79): CodeIgniter\CodeIgniter->run()
CRITICAL - 2024-06-26 05:45:18 --> CodeIgniter\Database\Exceptions\DataException: There is no data to update.
in SYSTEMPATH\BaseModel.php on line 973.
 1 SYSTEMPATH\BaseModel.php(973): CodeIgniter\Database\Exceptions\DataException::forEmptyDataset('update')
 2 SYSTEMPATH\Model.php(812): CodeIgniter\BaseModel->update([...], [])
 3 APPPATH\Controllers\Login.php(71): CodeIgniter\Model->update('4', [...])
 4 SYSTEMPATH\CodeIgniter.php(943): App\Controllers\Login->signIn()
 5 SYSTEMPATH\CodeIgniter.php(503): CodeIgniter\CodeIgniter->runController(Object(App\Controllers\Login))
 6 SYSTEMPATH\CodeIgniter.php(361): CodeIgniter\CodeIgniter->handleRequest(null, Object(Config\Cache), false)
 7 FCPATH\index.php(79): CodeIgniter\CodeIgniter->run()
CRITICAL - 2024-06-26 05:46:37 --> CodeIgniter\Database\Exceptions\DataException: There is no data to update.
in SYSTEMPATH\BaseModel.php on line 973.
 1 SYSTEMPATH\BaseModel.php(973): CodeIgniter\Database\Exceptions\DataException::forEmptyDataset('update')
 2 SYSTEMPATH\Model.php(812): CodeIgniter\BaseModel->update(null, [])
 3 APPPATH\Controllers\Login.php(73): CodeIgniter\Model->update()
 4 SYSTEMPATH\CodeIgniter.php(943): App\Controllers\Login->signIn()
 5 SYSTEMPATH\CodeIgniter.php(503): CodeIgniter\CodeIgniter->runController(Object(App\Controllers\Login))
 6 SYSTEMPATH\CodeIgniter.php(361): CodeIgniter\CodeIgniter->handleRequest(null, Object(Config\Cache), false)
 7 FCPATH\index.php(79): CodeIgniter\CodeIgniter->run()
CRITICAL - 2024-06-26 05:47:39 --> CodeIgniter\Database\Exceptions\DataException: There is no data to update.
in SYSTEMPATH\BaseModel.php on line 973.
 1 SYSTEMPATH\BaseModel.php(973): CodeIgniter\Database\Exceptions\DataException::forEmptyDataset('update')
 2 SYSTEMPATH\Model.php(812): CodeIgniter\BaseModel->update([...], [])
 3 APPPATH\Controllers\Login.php(73): CodeIgniter\Model->update('4', [...])
 4 SYSTEMPATH\CodeIgniter.php(943): App\Controllers\Login->signIn()
 5 SYSTEMPATH\CodeIgniter.php(503): CodeIgniter\CodeIgniter->runController(Object(App\Controllers\Login))
 6 SYSTEMPATH\CodeIgniter.php(361): CodeIgniter\CodeIgniter->handleRequest(null, Object(Config\Cache), false)
 7 FCPATH\index.php(79): CodeIgniter\CodeIgniter->run()
CRITICAL - 2024-06-26 05:47:50 --> CodeIgniter\Database\Exceptions\DataException: There is no data to update.
in SYSTEMPATH\BaseModel.php on line 973.
 1 SYSTEMPATH\BaseModel.php(973): CodeIgniter\Database\Exceptions\DataException::forEmptyDataset('update')
 2 SYSTEMPATH\Model.php(812): CodeIgniter\BaseModel->update([...], [])
 3 APPPATH\Controllers\Login.php(73): CodeIgniter\Model->update('4', [...])
 4 SYSTEMPATH\CodeIgniter.php(943): App\Controllers\Login->signIn()
 5 SYSTEMPATH\CodeIgniter.php(503): CodeIgniter\CodeIgniter->runController(Object(App\Controllers\Login))
 6 SYSTEMPATH\CodeIgniter.php(361): CodeIgniter\CodeIgniter->handleRequest(null, Object(Config\Cache), false)
 7 FCPATH\index.php(79): CodeIgniter\CodeIgniter->run()
CRITICAL - 2024-06-26 05:51:26 --> CodeIgniter\Database\Exceptions\DataException: There is no data to update.
in SYSTEMPATH\BaseModel.php on line 973.
 1 SYSTEMPATH\BaseModel.php(973): CodeIgniter\Database\Exceptions\DataException::forEmptyDataset('update')
 2 SYSTEMPATH\Model.php(812): CodeIgniter\BaseModel->update([...], [])
 3 APPPATH\Controllers\Login.php(97): CodeIgniter\Model->update('4', [...])
 4 SYSTEMPATH\CodeIgniter.php(943): App\Controllers\Login->signIn()
 5 SYSTEMPATH\CodeIgniter.php(503): CodeIgniter\CodeIgniter->runController(Object(App\Controllers\Login))
 6 SYSTEMPATH\CodeIgniter.php(361): CodeIgniter\CodeIgniter->handleRequest(null, Object(Config\Cache), false)
 7 FCPATH\index.php(79): CodeIgniter\CodeIgniter->run()
CRITICAL - 2024-06-26 05:55:01 --> CodeIgniter\Database\Exceptions\DataException: There is no data to update.
in SYSTEMPATH\BaseModel.php on line 973.
 1 SYSTEMPATH\BaseModel.php(973): CodeIgniter\Database\Exceptions\DataException::forEmptyDataset('update')
 2 SYSTEMPATH\Model.php(812): CodeIgniter\BaseModel->update([...], [])
 3 APPPATH\Controllers\Login.php(85): CodeIgniter\Model->update('4', [...])
 4 SYSTEMPATH\CodeIgniter.php(943): App\Controllers\Login->signIn()
 5 SYSTEMPATH\CodeIgniter.php(503): CodeIgniter\CodeIgniter->runController(Object(App\Controllers\Login))
 6 SYSTEMPATH\CodeIgniter.php(361): CodeIgniter\CodeIgniter->handleRequest(null, Object(Config\Cache), false)
 7 FCPATH\index.php(79): CodeIgniter\CodeIgniter->run()
CRITICAL - 2024-06-26 05:57:08 --> CodeIgniter\Database\Exceptions\DataException: There is no data to update.
in SYSTEMPATH\BaseModel.php on line 973.
 1 SYSTEMPATH\BaseModel.php(973): CodeIgniter\Database\Exceptions\DataException::forEmptyDataset('update')
 2 SYSTEMPATH\Model.php(812): CodeIgniter\BaseModel->update([...], [])
 3 APPPATH\Controllers\Login.php(85): CodeIgniter\Model->update('4', [...])
 4 SYSTEMPATH\CodeIgniter.php(943): App\Controllers\Login->signIn()
 5 SYSTEMPATH\CodeIgniter.php(503): CodeIgniter\CodeIgniter->runController(Object(App\Controllers\Login))
 6 SYSTEMPATH\CodeIgniter.php(361): CodeIgniter\CodeIgniter->handleRequest(null, Object(Config\Cache), false)
 7 FCPATH\index.php(79): CodeIgniter\CodeIgniter->run()
CRITICAL - 2024-06-26 06:33:51 --> ErrorException: Undefined variable $proyectos
in APPPATH\Views\proyectos\index.php on line 37.
 1 APPPATH\Views\proyectos\index.php(37): CodeIgniter\Debug\Exceptions->errorHandler(2, 'Undefined variable $proyectos', 'C:\\laragon\\www\\prueba\\SistemaControl\\app\\Views\\proyectos\\index.php', 37)
 2 SYSTEMPATH\View\View.php(228): include('C:\\laragon\\www\\prueba\\SistemaControl\\app\\Views\\proyectos\\index.php')
 3 SYSTEMPATH\View\View.php(231): CodeIgniter\View\View->CodeIgniter\View\{closure}()
 4 SYSTEMPATH\Common.php(1178): CodeIgniter\View\View->render('proyectos/index', [], true)
 5 APPPATH\Controllers\Proyectos.php(24): view('proyectos/index', [])
 6 SYSTEMPATH\CodeIgniter.php(943): App\Controllers\Proyectos->index()
 7 SYSTEMPATH\CodeIgniter.php(503): CodeIgniter\CodeIgniter->runController(Object(App\Controllers\Proyectos))
 8 SYSTEMPATH\CodeIgniter.php(361): CodeIgniter\CodeIgniter->handleRequest(null, Object(Config\Cache), false)
 9 FCPATH\index.php(79): CodeIgniter\CodeIgniter->run()
ERROR - 2024-06-26 06:33:56 --> mysqli_sql_exception: Unknown column 'donaciones.nombreDonante' in 'field list' in C:\laragon\www\prueba\SistemaControl\vendor\codeigniter4\framework\system\Database\MySQLi\Connection.php:306
Stack trace:
#0 C:\laragon\www\prueba\SistemaControl\vendor\codeigniter4\framework\system\Database\MySQLi\Connection.php(306): mysqli->query('SELECT `donacio...', 0)
#1 C:\laragon\www\prueba\SistemaControl\vendor\codeigniter4\framework\system\Database\BaseConnection.php(693): CodeIgniter\Database\MySQLi\Connection->execute('SELECT `donacio...')
#2 C:\laragon\www\prueba\SistemaControl\vendor\codeigniter4\framework\system\Database\BaseConnection.php(607): CodeIgniter\Database\BaseConnection->simpleQuery('SELECT `donacio...')
#3 C:\laragon\www\prueba\SistemaControl\vendor\codeigniter4\framework\system\Database\BaseBuilder.php(1616): CodeIgniter\Database\BaseConnection->query('SELECT `donacio...', Array, false)
#4 C:\laragon\www\prueba\SistemaControl\app\Controllers\Donaciones.php(14): CodeIgniter\Database\BaseBuilder->get()
#5 C:\laragon\www\prueba\SistemaControl\vendor\codeigniter4\framework\system\CodeIgniter.php(943): App\Controllers\Donaciones->index()
#6 C:\laragon\www\prueba\SistemaControl\vendor\codeigniter4\framework\system\CodeIgniter.php(503): CodeIgniter\CodeIgniter->runController(Object(App\Controllers\Donaciones))
#7 C:\laragon\www\prueba\SistemaControl\vendor\codeigniter4\framework\system\CodeIgniter.php(361): CodeIgniter\CodeIgniter->handleRequest(NULL, Object(Config\Cache), false)
#8 C:\laragon\www\prueba\SistemaControl\public\index.php(79): CodeIgniter\CodeIgniter->run()
#9 {main}
CRITICAL - 2024-06-26 06:33:56 --> CodeIgniter\Database\Exceptions\DatabaseException: Unknown column 'donaciones.nombreDonante' in 'field list'
in SYSTEMPATH\Database\BaseConnection.php on line 647.
 1 SYSTEMPATH\Database\BaseBuilder.php(1616): CodeIgniter\Database\BaseConnection->query('SELECT `donaciones`.`idDonaciones`, `donaciones`.`nombreDonante`, `donaciones`.`cantidad`, `donaciones`.`descripcion`, `donaciones`.`fechaDonacion`, `proyectos`.`nombreProyecto`
FROM `donaciones`
INNER JOIN `proyectos` ON `proyectos`.`idProyectos` = `donaciones`.`idProyectos`', [], false)
 2 APPPATH\Controllers\Donaciones.php(14): CodeIgniter\Database\BaseBuilder->get()
 3 SYSTEMPATH\CodeIgniter.php(943): App\Controllers\Donaciones->index()
 4 SYSTEMPATH\CodeIgniter.php(503): CodeIgniter\CodeIgniter->runController(Object(App\Controllers\Donaciones))
 5 SYSTEMPATH\CodeIgniter.php(361): CodeIgniter\CodeIgniter->handleRequest(null, Object(Config\Cache), false)
 6 FCPATH\index.php(79): CodeIgniter\CodeIgniter->run()
CRITICAL - 2024-06-26 06:33:56 --> [Caused by] CodeIgniter\Database\Exceptions\DatabaseException: Unknown column 'donaciones.nombreDonante' in 'field list'
in SYSTEMPATH\Database\MySQLi\Connection.php on line 311.
 1 SYSTEMPATH\Database\BaseConnection.php(693): CodeIgniter\Database\MySQLi\Connection->execute('SELECT `donaciones`.`idDonaciones`, `donaciones`.`nombreDonante`, `donaciones`.`cantidad`, `donaciones`.`descripcion`, `donaciones`.`fechaDonacion`, `proyectos`.`nombreProyecto`
FROM `donaciones`
INNER JOIN `proyectos` ON `proyectos`.`idProyectos` = `donaciones`.`idProyectos`')
 2 SYSTEMPATH\Database\BaseConnection.php(607): CodeIgniter\Database\BaseConnection->simpleQuery('SELECT `donaciones`.`idDonaciones`, `donaciones`.`nombreDonante`, `donaciones`.`cantidad`, `donaciones`.`descripcion`, `donaciones`.`fechaDonacion`, `proyectos`.`nombreProyecto`
FROM `donaciones`
INNER JOIN `proyectos` ON `proyectos`.`idProyectos` = `donaciones`.`idProyectos`')
 3 SYSTEMPATH\Database\BaseBuilder.php(1616): CodeIgniter\Database\BaseConnection->query('SELECT `donaciones`.`idDonaciones`, `donaciones`.`nombreDonante`, `donaciones`.`cantidad`, `donaciones`.`descripcion`, `donaciones`.`fechaDonacion`, `proyectos`.`nombreProyecto`
FROM `donaciones`
INNER JOIN `proyectos` ON `proyectos`.`idProyectos` = `donaciones`.`idProyectos`', [], false)
 4 APPPATH\Controllers\Donaciones.php(14): CodeIgniter\Database\BaseBuilder->get()
 5 SYSTEMPATH\CodeIgniter.php(943): App\Controllers\Donaciones->index()
 6 SYSTEMPATH\CodeIgniter.php(503): CodeIgniter\CodeIgniter->runController(Object(App\Controllers\Donaciones))
 7 SYSTEMPATH\CodeIgniter.php(361): CodeIgniter\CodeIgniter->handleRequest(null, Object(Config\Cache), false)
 8 FCPATH\index.php(79): CodeIgniter\CodeIgniter->run()
CRITICAL - 2024-06-26 06:33:57 --> [Caused by] mysqli_sql_exception: Unknown column 'donaciones.nombreDonante' in 'field list'
in SYSTEMPATH\Database\MySQLi\Connection.php on line 306.
 1 SYSTEMPATH\Database\MySQLi\Connection.php(306): mysqli->query('SELECT `donaciones`.`idDonaciones`, `donaciones`.`nombreDonante`, `donaciones`.`cantidad`, `donaciones`.`descripcion`, `donaciones`.`fechaDonacion`, `proyectos`.`nombreProyecto`
FROM `donaciones`
INNER JOIN `proyectos` ON `proyectos`.`idProyectos` = `donaciones`.`idProyectos`', 0)
 2 SYSTEMPATH\Database\BaseConnection.php(693): CodeIgniter\Database\MySQLi\Connection->execute('SELECT `donaciones`.`idDonaciones`, `donaciones`.`nombreDonante`, `donaciones`.`cantidad`, `donaciones`.`descripcion`, `donaciones`.`fechaDonacion`, `proyectos`.`nombreProyecto`
FROM `donaciones`
INNER JOIN `proyectos` ON `proyectos`.`idProyectos` = `donaciones`.`idProyectos`')
 3 SYSTEMPATH\Database\BaseConnection.php(607): CodeIgniter\Database\BaseConnection->simpleQuery('SELECT `donaciones`.`idDonaciones`, `donaciones`.`nombreDonante`, `donaciones`.`cantidad`, `donaciones`.`descripcion`, `donaciones`.`fechaDonacion`, `proyectos`.`nombreProyecto`
FROM `donaciones`
INNER JOIN `proyectos` ON `proyectos`.`idProyectos` = `donaciones`.`idProyectos`')
 4 SYSTEMPATH\Database\BaseBuilder.php(1616): CodeIgniter\Database\BaseConnection->query('SELECT `donaciones`.`idDonaciones`, `donaciones`.`nombreDonante`, `donaciones`.`cantidad`, `donaciones`.`descripcion`, `donaciones`.`fechaDonacion`, `proyectos`.`nombreProyecto`
FROM `donaciones`
INNER JOIN `proyectos` ON `proyectos`.`idProyectos` = `donaciones`.`idProyectos`', [], false)
 5 APPPATH\Controllers\Donaciones.php(14): CodeIgniter\Database\BaseBuilder->get()
 6 SYSTEMPATH\CodeIgniter.php(943): App\Controllers\Donaciones->index()
 7 SYSTEMPATH\CodeIgniter.php(503): CodeIgniter\CodeIgniter->runController(Object(App\Controllers\Donaciones))
 8 SYSTEMPATH\CodeIgniter.php(361): CodeIgniter\CodeIgniter->handleRequest(null, Object(Config\Cache), false)
 9 FCPATH\index.php(79): CodeIgniter\CodeIgniter->run()
CRITICAL - 2024-06-26 06:34:27 --> ErrorException: Undefined array key "descripcion"
in APPPATH\Views\Roles\index.php on line 37.
 1 APPPATH\Views\Roles\index.php(37): CodeIgniter\Debug\Exceptions->errorHandler(2, 'Undefined array key "descripcion"', 'C:\\laragon\\www\\prueba\\SistemaControl\\app\\Views\\Roles\\index.php', 37)
 2 SYSTEMPATH\View\View.php(228): include('C:\\laragon\\www\\prueba\\SistemaControl\\app\\Views\\Roles\\index.php')
 3 SYSTEMPATH\View\View.php(231): CodeIgniter\View\View->CodeIgniter\View\{closure}()
 4 SYSTEMPATH\Common.php(1178): CodeIgniter\View\View->render('roles/index', [], true)
 5 APPPATH\Controllers\Roles.php(25): view('roles/index', [...])
 6 SYSTEMPATH\CodeIgniter.php(943): App\Controllers\Roles->index()
 7 SYSTEMPATH\CodeIgniter.php(503): CodeIgniter\CodeIgniter->runController(Object(App\Controllers\Roles))
 8 SYSTEMPATH\CodeIgniter.php(361): CodeIgniter\CodeIgniter->handleRequest(null, Object(Config\Cache), false)
 9 FCPATH\index.php(79): CodeIgniter\CodeIgniter->run()
CRITICAL - 2024-06-26 06:34:42 --> ErrorException: Undefined array key "descripcion"
in APPPATH\Views\Roles\index.php on line 37.
 1 APPPATH\Views\Roles\index.php(37): CodeIgniter\Debug\Exceptions->errorHandler(2, 'Undefined array key "descripcion"', 'C:\\laragon\\www\\prueba\\SistemaControl\\app\\Views\\Roles\\index.php', 37)
 2 SYSTEMPATH\View\View.php(228): include('C:\\laragon\\www\\prueba\\SistemaControl\\app\\Views\\Roles\\index.php')
 3 SYSTEMPATH\View\View.php(231): CodeIgniter\View\View->CodeIgniter\View\{closure}()
 4 SYSTEMPATH\Common.php(1178): CodeIgniter\View\View->render('roles/index', [], true)
 5 APPPATH\Controllers\Roles.php(25): view('roles/index', [...])
 6 SYSTEMPATH\CodeIgniter.php(943): App\Controllers\Roles->index()
 7 SYSTEMPATH\CodeIgniter.php(503): CodeIgniter\CodeIgniter->runController(Object(App\Controllers\Roles))
 8 SYSTEMPATH\CodeIgniter.php(361): CodeIgniter\CodeIgniter->handleRequest(null, Object(Config\Cache), false)
 9 FCPATH\index.php(79): CodeIgniter\CodeIgniter->run()
