CRITICAL - 2024-04-04 03:59:46 --> CodeIgniter\View\Exceptions\ViewException: Invalid file: "layouts/simple.php"
in SYSTEMPATH\Exceptions\FrameworkException.php on line 39.
 1 SYSTEMPATH\View\View.php(216): CodeIgniter\Exceptions\FrameworkException::forInvalidFile('layouts/simple.php')
 2 SYSTEMPATH\View\View.php(244): CodeIgniter\View\View->render('layouts/simple', [], true)
 3 SYSTEMPATH\Common.php(1178): CodeIgniter\View\View->render('maestros/index', [], true)
 4 APPPATH\Controllers\Maestros.php(17): view('maestros/index', [...])
 5 SYSTEMPATH\CodeIgniter.php(943): App\Controllers\Maestros->index()
 6 SYSTEMPATH\CodeIgniter.php(503): CodeIgniter\CodeIgniter->runController(Object(App\Controllers\Maestros))
 7 SYSTEMPATH\CodeIgniter.php(361): CodeIgniter\CodeIgniter->handleRequest(null, Object(Config\Cache), false)
 8 FCPATH\index.php(79): CodeIgniter\CodeIgniter->run()
CRITICAL - 2024-04-04 05:35:01 --> CodeIgniter\View\Exceptions\ViewException: Invalid file: "includes/alert.php"
in SYSTEMPATH\Exceptions\FrameworkException.php on line 39.
 1 SYSTEMPATH\View\View.php(216): CodeIgniter\Exceptions\FrameworkException::forInvalidFile('includes/alert.php')
 2 SYSTEMPATH\View\View.php(469): CodeIgniter\View\View->render('includes/alert', null, true)
 3 APPPATH\Views\maestros\create.php(3): CodeIgniter\View\View->include('includes/alert')
 4 SYSTEMPATH\View\View.php(228): include('C:\\laragon\\www\\prueba\\SistemaControl\\app\\Views\\maestros\\create.php')
 5 SYSTEMPATH\View\View.php(231): CodeIgniter\View\View->CodeIgniter\View\{closure}()
 6 SYSTEMPATH\Common.php(1178): CodeIgniter\View\View->render('maestros/create', [], true)
 7 APPPATH\Controllers\Maestros.php(24): view('maestros/create', [...])
 8 SYSTEMPATH\CodeIgniter.php(943): App\Controllers\Maestros->create()
 9 SYSTEMPATH\CodeIgniter.php(503): CodeIgniter\CodeIgniter->runController(Object(App\Controllers\Maestros))
10 SYSTEMPATH\CodeIgniter.php(361): CodeIgniter\CodeIgniter->handleRequest(null, Object(Config\Cache), false)
11 FCPATH\index.php(79): CodeIgniter\CodeIgniter->run()
CRITICAL - 2024-04-04 05:36:08 --> CodeIgniter\View\Exceptions\ViewException: Invalid file: "includes/default.php"
in SYSTEMPATH\Exceptions\FrameworkException.php on line 39.
 1 SYSTEMPATH\View\View.php(216): CodeIgniter\Exceptions\FrameworkException::forInvalidFile('includes/default.php')
 2 SYSTEMPATH\View\View.php(469): CodeIgniter\View\View->render('includes/default', null, true)
 3 APPPATH\Views\maestros\create.php(3): CodeIgniter\View\View->include('includes/default')
 4 SYSTEMPATH\View\View.php(228): include('C:\\laragon\\www\\prueba\\SistemaControl\\app\\Views\\maestros\\create.php')
 5 SYSTEMPATH\View\View.php(231): CodeIgniter\View\View->CodeIgniter\View\{closure}()
 6 SYSTEMPATH\Common.php(1178): CodeIgniter\View\View->render('maestros/create', [], true)
 7 APPPATH\Controllers\Maestros.php(24): view('maestros/create', [...])
 8 SYSTEMPATH\CodeIgniter.php(943): App\Controllers\Maestros->create()
 9 SYSTEMPATH\CodeIgniter.php(503): CodeIgniter\CodeIgniter->runController(Object(App\Controllers\Maestros))
10 SYSTEMPATH\CodeIgniter.php(361): CodeIgniter\CodeIgniter->handleRequest(null, Object(Config\Cache), false)
11 FCPATH\index.php(79): CodeIgniter\CodeIgniter->run()
CRITICAL - 2024-04-04 05:36:12 --> CodeIgniter\View\Exceptions\ViewException: Invalid file: "includes/default.php"
in SYSTEMPATH\Exceptions\FrameworkException.php on line 39.
 1 SYSTEMPATH\View\View.php(216): CodeIgniter\Exceptions\FrameworkException::forInvalidFile('includes/default.php')
 2 SYSTEMPATH\View\View.php(469): CodeIgniter\View\View->render('includes/default', null, true)
 3 APPPATH\Views\maestros\create.php(3): CodeIgniter\View\View->include('includes/default')
 4 SYSTEMPATH\View\View.php(228): include('C:\\laragon\\www\\prueba\\SistemaControl\\app\\Views\\maestros\\create.php')
 5 SYSTEMPATH\View\View.php(231): CodeIgniter\View\View->CodeIgniter\View\{closure}()
 6 SYSTEMPATH\Common.php(1178): CodeIgniter\View\View->render('maestros/create', [], true)
 7 APPPATH\Controllers\Maestros.php(24): view('maestros/create', [...])
 8 SYSTEMPATH\CodeIgniter.php(943): App\Controllers\Maestros->create()
 9 SYSTEMPATH\CodeIgniter.php(503): CodeIgniter\CodeIgniter->runController(Object(App\Controllers\Maestros))
10 SYSTEMPATH\CodeIgniter.php(361): CodeIgniter\CodeIgniter->handleRequest(null, Object(Config\Cache), false)
11 FCPATH\index.php(79): CodeIgniter\CodeIgniter->run()
CRITICAL - 2024-04-04 05:43:06 --> ErrorException: Undefined variable $maestros
in APPPATH\Views\padres\index.php on line 39.
 1 APPPATH\Views\padres\index.php(39): CodeIgniter\Debug\Exceptions->errorHandler(2, 'Undefined variable $maestros', 'C:\\laragon\\www\\prueba\\SistemaControl\\app\\Views\\padres\\index.php', 39)
 2 SYSTEMPATH\View\View.php(228): include('C:\\laragon\\www\\prueba\\SistemaControl\\app\\Views\\padres\\index.php')
 3 SYSTEMPATH\View\View.php(231): CodeIgniter\View\View->CodeIgniter\View\{closure}()
 4 SYSTEMPATH\Common.php(1178): CodeIgniter\View\View->render('padres/index', [], true)
 5 APPPATH\Controllers\Padres.php(17): view('padres/index', [...])
 6 SYSTEMPATH\CodeIgniter.php(943): App\Controllers\Padres->index()
 7 SYSTEMPATH\CodeIgniter.php(503): CodeIgniter\CodeIgniter->runController(Object(App\Controllers\Padres))
 8 SYSTEMPATH\CodeIgniter.php(361): CodeIgniter\CodeIgniter->handleRequest(null, Object(Config\Cache), false)
 9 FCPATH\index.php(79): CodeIgniter\CodeIgniter->run()
CRITICAL - 2024-04-04 05:43:17 --> ErrorException: Undefined variable $maestros
in APPPATH\Views\padres\index.php on line 39.
 1 APPPATH\Views\padres\index.php(39): CodeIgniter\Debug\Exceptions->errorHandler(2, 'Undefined variable $maestros', 'C:\\laragon\\www\\prueba\\SistemaControl\\app\\Views\\padres\\index.php', 39)
 2 SYSTEMPATH\View\View.php(228): include('C:\\laragon\\www\\prueba\\SistemaControl\\app\\Views\\padres\\index.php')
 3 SYSTEMPATH\View\View.php(231): CodeIgniter\View\View->CodeIgniter\View\{closure}()
 4 SYSTEMPATH\Common.php(1178): CodeIgniter\View\View->render('padres/index', [], true)
 5 APPPATH\Controllers\Padres.php(17): view('padres/index', [...])
 6 SYSTEMPATH\CodeIgniter.php(943): App\Controllers\Padres->index()
 7 SYSTEMPATH\CodeIgniter.php(503): CodeIgniter\CodeIgniter->runController(Object(App\Controllers\Padres))
 8 SYSTEMPATH\CodeIgniter.php(361): CodeIgniter\CodeIgniter->handleRequest(null, Object(Config\Cache), false)
 9 FCPATH\index.php(79): CodeIgniter\CodeIgniter->run()
CRITICAL - 2024-04-04 05:43:30 --> ErrorException: Undefined variable $padres
in APPPATH\Views\padres\create.php on line 38.
 1 APPPATH\Views\padres\create.php(38): CodeIgniter\Debug\Exceptions->errorHandler(2, 'Undefined variable $padres', 'C:\\laragon\\www\\prueba\\SistemaControl\\app\\Views\\padres\\create.php', 38)
 2 SYSTEMPATH\View\View.php(228): include('C:\\laragon\\www\\prueba\\SistemaControl\\app\\Views\\padres\\create.php')
 3 SYSTEMPATH\View\View.php(231): CodeIgniter\View\View->CodeIgniter\View\{closure}()
 4 SYSTEMPATH\Common.php(1178): CodeIgniter\View\View->render('padres/create', [], true)
 5 APPPATH\Controllers\Padres.php(24): view('padres/create', [...])
 6 SYSTEMPATH\CodeIgniter.php(943): App\Controllers\Padres->create()
 7 SYSTEMPATH\CodeIgniter.php(503): CodeIgniter\CodeIgniter->runController(Object(App\Controllers\Padres))
 8 SYSTEMPATH\CodeIgniter.php(361): CodeIgniter\CodeIgniter->handleRequest(null, Object(Config\Cache), false)
 9 FCPATH\index.php(79): CodeIgniter\CodeIgniter->run()
CRITICAL - 2024-04-04 05:43:38 --> ErrorException: Undefined variable $padres
in APPPATH\Views\padres\create.php on line 38.
 1 APPPATH\Views\padres\create.php(38): CodeIgniter\Debug\Exceptions->errorHandler(2, 'Undefined variable $padres', 'C:\\laragon\\www\\prueba\\SistemaControl\\app\\Views\\padres\\create.php', 38)
 2 SYSTEMPATH\View\View.php(228): include('C:\\laragon\\www\\prueba\\SistemaControl\\app\\Views\\padres\\create.php')
 3 SYSTEMPATH\View\View.php(231): CodeIgniter\View\View->CodeIgniter\View\{closure}()
 4 SYSTEMPATH\Common.php(1178): CodeIgniter\View\View->render('padres/create', [], true)
 5 APPPATH\Controllers\Padres.php(24): view('padres/create', [...])
 6 SYSTEMPATH\CodeIgniter.php(943): App\Controllers\Padres->create()
 7 SYSTEMPATH\CodeIgniter.php(503): CodeIgniter\CodeIgniter->runController(Object(App\Controllers\Padres))
 8 SYSTEMPATH\CodeIgniter.php(361): CodeIgniter\CodeIgniter->handleRequest(null, Object(Config\Cache), false)
 9 FCPATH\index.php(79): CodeIgniter\CodeIgniter->run()
CRITICAL - 2024-04-04 05:44:11 --> ErrorException: Undefined variable $padres
in APPPATH\Views\padres\create.php on line 38.
 1 APPPATH\Views\padres\create.php(38): CodeIgniter\Debug\Exceptions->errorHandler(2, 'Undefined variable $padres', 'C:\\laragon\\www\\prueba\\SistemaControl\\app\\Views\\padres\\create.php', 38)
 2 SYSTEMPATH\View\View.php(228): include('C:\\laragon\\www\\prueba\\SistemaControl\\app\\Views\\padres\\create.php')
 3 SYSTEMPATH\View\View.php(231): CodeIgniter\View\View->CodeIgniter\View\{closure}()
 4 SYSTEMPATH\Common.php(1178): CodeIgniter\View\View->render('padres/create', [], true)
 5 APPPATH\Controllers\Padres.php(24): view('padres/create', [...])
 6 SYSTEMPATH\CodeIgniter.php(943): App\Controllers\Padres->create()
 7 SYSTEMPATH\CodeIgniter.php(503): CodeIgniter\CodeIgniter->runController(Object(App\Controllers\Padres))
 8 SYSTEMPATH\CodeIgniter.php(361): CodeIgniter\CodeIgniter->handleRequest(null, Object(Config\Cache), false)
 9 FCPATH\index.php(79): CodeIgniter\CodeIgniter->run()
CRITICAL - 2024-04-04 05:44:19 --> ErrorException: Undefined variable $padres
in APPPATH\Views\padres\create.php on line 38.
 1 APPPATH\Views\padres\create.php(38): CodeIgniter\Debug\Exceptions->errorHandler(2, 'Undefined variable $padres', 'C:\\laragon\\www\\prueba\\SistemaControl\\app\\Views\\padres\\create.php', 38)
 2 SYSTEMPATH\View\View.php(228): include('C:\\laragon\\www\\prueba\\SistemaControl\\app\\Views\\padres\\create.php')
 3 SYSTEMPATH\View\View.php(231): CodeIgniter\View\View->CodeIgniter\View\{closure}()
 4 SYSTEMPATH\Common.php(1178): CodeIgniter\View\View->render('padres/create', [], true)
 5 APPPATH\Controllers\Padres.php(24): view('padres/create', [...])
 6 SYSTEMPATH\CodeIgniter.php(943): App\Controllers\Padres->create()
 7 SYSTEMPATH\CodeIgniter.php(503): CodeIgniter\CodeIgniter->runController(Object(App\Controllers\Padres))
 8 SYSTEMPATH\CodeIgniter.php(361): CodeIgniter\CodeIgniter->handleRequest(null, Object(Config\Cache), false)
 9 FCPATH\index.php(79): CodeIgniter\CodeIgniter->run()
CRITICAL - 2024-04-04 05:49:14 --> ErrorException: Undefined property: stdClass::$id
in APPPATH\Views\maestros\index.php on line 36.
 1 APPPATH\Views\maestros\index.php(36): CodeIgniter\Debug\Exceptions->errorHandler(2, 'Undefined property: stdClass::$id', 'C:\\laragon\\www\\prueba\\SistemaControl\\app\\Views\\maestros\\index.php', 36)
 2 SYSTEMPATH\View\View.php(228): include('C:\\laragon\\www\\prueba\\SistemaControl\\app\\Views\\maestros\\index.php')
 3 SYSTEMPATH\View\View.php(231): CodeIgniter\View\View->CodeIgniter\View\{closure}()
 4 SYSTEMPATH\Common.php(1178): CodeIgniter\View\View->render('maestros/index', [], true)
 5 APPPATH\Controllers\Maestros.php(17): view('maestros/index', [...])
 6 SYSTEMPATH\CodeIgniter.php(943): App\Controllers\Maestros->index()
 7 SYSTEMPATH\CodeIgniter.php(503): CodeIgniter\CodeIgniter->runController(Object(App\Controllers\Maestros))
 8 SYSTEMPATH\CodeIgniter.php(361): CodeIgniter\CodeIgniter->handleRequest(null, Object(Config\Cache), false)
 9 FCPATH\index.php(79): CodeIgniter\CodeIgniter->run()
ERROR - 2024-04-04 15:52:25 --> mysqli_sql_exception: Table 'sistema_control.padre' doesn't exist in C:\laragon\www\prueba\SistemaControl\vendor\codeigniter4\framework\system\Database\MySQLi\Connection.php:306
Stack trace:
#0 C:\laragon\www\prueba\SistemaControl\vendor\codeigniter4\framework\system\Database\MySQLi\Connection.php(306): mysqli->query('SELECT *\nFROM `...', 0)
#1 C:\laragon\www\prueba\SistemaControl\vendor\codeigniter4\framework\system\Database\BaseConnection.php(693): CodeIgniter\Database\MySQLi\Connection->execute('SELECT *\nFROM `...')
#2 C:\laragon\www\prueba\SistemaControl\vendor\codeigniter4\framework\system\Database\BaseConnection.php(607): CodeIgniter\Database\BaseConnection->simpleQuery('SELECT *\nFROM `...')
#3 C:\laragon\www\prueba\SistemaControl\vendor\codeigniter4\framework\system\Database\BaseBuilder.php(1616): CodeIgniter\Database\BaseConnection->query('SELECT *\nFROM `...', Array, false)
#4 C:\laragon\www\prueba\SistemaControl\app\Controllers\Padres.php(14): CodeIgniter\Database\BaseBuilder->get()
#5 C:\laragon\www\prueba\SistemaControl\vendor\codeigniter4\framework\system\CodeIgniter.php(943): App\Controllers\Padres->index()
#6 C:\laragon\www\prueba\SistemaControl\vendor\codeigniter4\framework\system\CodeIgniter.php(503): CodeIgniter\CodeIgniter->runController(Object(App\Controllers\Padres))
#7 C:\laragon\www\prueba\SistemaControl\vendor\codeigniter4\framework\system\CodeIgniter.php(361): CodeIgniter\CodeIgniter->handleRequest(NULL, Object(Config\Cache), false)
#8 C:\laragon\www\prueba\SistemaControl\public\index.php(79): CodeIgniter\CodeIgniter->run()
#9 {main}
CRITICAL - 2024-04-04 15:52:26 --> CodeIgniter\Database\Exceptions\DatabaseException: Table 'sistema_control.padre' doesn't exist
in SYSTEMPATH\Database\BaseConnection.php on line 647.
 1 SYSTEMPATH\Database\BaseBuilder.php(1616): CodeIgniter\Database\BaseConnection->query('SELECT *
FROM `padre`', [], false)
 2 APPPATH\Controllers\Padres.php(14): CodeIgniter\Database\BaseBuilder->get()
 3 SYSTEMPATH\CodeIgniter.php(943): App\Controllers\Padres->index()
 4 SYSTEMPATH\CodeIgniter.php(503): CodeIgniter\CodeIgniter->runController(Object(App\Controllers\Padres))
 5 SYSTEMPATH\CodeIgniter.php(361): CodeIgniter\CodeIgniter->handleRequest(null, Object(Config\Cache), false)
 6 FCPATH\index.php(79): CodeIgniter\CodeIgniter->run()
CRITICAL - 2024-04-04 15:52:26 --> [Caused by] CodeIgniter\Database\Exceptions\DatabaseException: Table 'sistema_control.padre' doesn't exist
in SYSTEMPATH\Database\MySQLi\Connection.php on line 311.
 1 SYSTEMPATH\Database\BaseConnection.php(693): CodeIgniter\Database\MySQLi\Connection->execute('SELECT *
FROM `padre`')
 2 SYSTEMPATH\Database\BaseConnection.php(607): CodeIgniter\Database\BaseConnection->simpleQuery('SELECT *
FROM `padre`')
 3 SYSTEMPATH\Database\BaseBuilder.php(1616): CodeIgniter\Database\BaseConnection->query('SELECT *
FROM `padre`', [], false)
 4 APPPATH\Controllers\Padres.php(14): CodeIgniter\Database\BaseBuilder->get()
 5 SYSTEMPATH\CodeIgniter.php(943): App\Controllers\Padres->index()
 6 SYSTEMPATH\CodeIgniter.php(503): CodeIgniter\CodeIgniter->runController(Object(App\Controllers\Padres))
 7 SYSTEMPATH\CodeIgniter.php(361): CodeIgniter\CodeIgniter->handleRequest(null, Object(Config\Cache), false)
 8 FCPATH\index.php(79): CodeIgniter\CodeIgniter->run()
CRITICAL - 2024-04-04 15:52:26 --> [Caused by] mysqli_sql_exception: Table 'sistema_control.padre' doesn't exist
in SYSTEMPATH\Database\MySQLi\Connection.php on line 306.
 1 SYSTEMPATH\Database\MySQLi\Connection.php(306): mysqli->query('SELECT *
FROM `padre`', 0)
 2 SYSTEMPATH\Database\BaseConnection.php(693): CodeIgniter\Database\MySQLi\Connection->execute('SELECT *
FROM `padre`')
 3 SYSTEMPATH\Database\BaseConnection.php(607): CodeIgniter\Database\BaseConnection->simpleQuery('SELECT *
FROM `padre`')
 4 SYSTEMPATH\Database\BaseBuilder.php(1616): CodeIgniter\Database\BaseConnection->query('SELECT *
FROM `padre`', [], false)
 5 APPPATH\Controllers\Padres.php(14): CodeIgniter\Database\BaseBuilder->get()
 6 SYSTEMPATH\CodeIgniter.php(943): App\Controllers\Padres->index()
 7 SYSTEMPATH\CodeIgniter.php(503): CodeIgniter\CodeIgniter->runController(Object(App\Controllers\Padres))
 8 SYSTEMPATH\CodeIgniter.php(361): CodeIgniter\CodeIgniter->handleRequest(null, Object(Config\Cache), false)
 9 FCPATH\index.php(79): CodeIgniter\CodeIgniter->run()
CRITICAL - 2024-04-04 15:54:07 --> ErrorException: Undefined variable $padres
in APPPATH\Views\padres\create.php on line 38.
 1 APPPATH\Views\padres\create.php(38): CodeIgniter\Debug\Exceptions->errorHandler(2, 'Undefined variable $padres', 'C:\\laragon\\www\\prueba\\SistemaControl\\app\\Views\\padres\\create.php', 38)
 2 SYSTEMPATH\View\View.php(228): include('C:\\laragon\\www\\prueba\\SistemaControl\\app\\Views\\padres\\create.php')
 3 SYSTEMPATH\View\View.php(231): CodeIgniter\View\View->CodeIgniter\View\{closure}()
 4 SYSTEMPATH\Common.php(1178): CodeIgniter\View\View->render('padres/create', [], true)
 5 APPPATH\Controllers\Padres.php(23): view('padres/create')
 6 SYSTEMPATH\CodeIgniter.php(943): App\Controllers\Padres->create()
 7 SYSTEMPATH\CodeIgniter.php(503): CodeIgniter\CodeIgniter->runController(Object(App\Controllers\Padres))
 8 SYSTEMPATH\CodeIgniter.php(361): CodeIgniter\CodeIgniter->handleRequest(null, Object(Config\Cache), false)
 9 FCPATH\index.php(79): CodeIgniter\CodeIgniter->run()
