CRITICAL - 2024-06-27 01:10:36 --> ErrorException: Undefined variable $proyectos
in APPPATH\Views\proyectos\index.php on line 37.
 1 APPPATH\Views\proyectos\index.php(37): CodeIgniter\Debug\Exceptions->errorHandler(2, 'Undefined variable $proyectos', 'C:\\laragon\\www\\prueba\\SistemaControl\\app\\Views\\proyectos\\index.php', 37)
 2 SYSTEMPATH\View\View.php(228): include('C:\\laragon\\www\\prueba\\SistemaControl\\app\\Views\\proyectos\\index.php')
 3 SYSTEMPATH\View\View.php(231): CodeIgniter\View\View->CodeIgniter\View\{closure}()
 4 SYSTEMPATH\Common.php(1178): CodeIgniter\View\View->render('proyectos/index', [], true)
 5 APPPATH\Controllers\Proyectos.php(25): view('proyectos/index', [])
 6 SYSTEMPATH\CodeIgniter.php(943): App\Controllers\Proyectos->index()
 7 SYSTEMPATH\CodeIgniter.php(503): CodeIgniter\CodeIgniter->runController(Object(App\Controllers\Proyectos))
 8 SYSTEMPATH\CodeIgniter.php(361): CodeIgniter\CodeIgniter->handleRequest(null, Object(Config\Cache), false)
 9 FCPATH\index.php(79): CodeIgniter\CodeIgniter->run()
CRITICAL - 2024-06-27 01:12:01 --> ErrorException: Undefined variable $proyectos
in APPPATH\Views\proyectos\index.php on line 37.
 1 APPPATH\Views\proyectos\index.php(37): CodeIgniter\Debug\Exceptions->errorHandler(2, 'Undefined variable $proyectos', 'C:\\laragon\\www\\prueba\\SistemaControl\\app\\Views\\proyectos\\index.php', 37)
 2 SYSTEMPATH\View\View.php(228): include('C:\\laragon\\www\\prueba\\SistemaControl\\app\\Views\\proyectos\\index.php')
 3 SYSTEMPATH\View\View.php(231): CodeIgniter\View\View->CodeIgniter\View\{closure}()
 4 SYSTEMPATH\Common.php(1178): CodeIgniter\View\View->render('proyectos/index', [], true)
 5 APPPATH\Controllers\Proyectos.php(25): view('proyectos/index', [])
 6 SYSTEMPATH\CodeIgniter.php(943): App\Controllers\Proyectos->index()
 7 SYSTEMPATH\CodeIgniter.php(503): CodeIgniter\CodeIgniter->runController(Object(App\Controllers\Proyectos))
 8 SYSTEMPATH\CodeIgniter.php(361): CodeIgniter\CodeIgniter->handleRequest(null, Object(Config\Cache), false)
 9 FCPATH\index.php(79): CodeIgniter\CodeIgniter->run()
CRITICAL - 2024-06-27 01:12:15 --> Error: Call to undefined function form_open()
in APPPATH\Views\proyectos\create.php on line 12.
 1 SYSTEMPATH\View\View.php(228): include()
 2 SYSTEMPATH\View\View.php(231): CodeIgniter\View\View->CodeIgniter\View\{closure}()
 3 SYSTEMPATH\Common.php(1178): CodeIgniter\View\View->render('proyectos/create', [], true)
 4 APPPATH\Controllers\Proyectos.php(32): view('proyectos/create')
 5 SYSTEMPATH\CodeIgniter.php(943): App\Controllers\Proyectos->create()
 6 SYSTEMPATH\CodeIgniter.php(503): CodeIgniter\CodeIgniter->runController(Object(App\Controllers\Proyectos))
 7 SYSTEMPATH\CodeIgniter.php(361): CodeIgniter\CodeIgniter->handleRequest(null, Object(Config\Cache), false)
 8 FCPATH\index.php(79): CodeIgniter\CodeIgniter->run()
CRITICAL - 2024-06-27 01:12:38 --> Error: Call to undefined function form_open()
in APPPATH\Views\proyectos\create.php on line 12.
 1 SYSTEMPATH\View\View.php(228): include()
 2 SYSTEMPATH\View\View.php(231): CodeIgniter\View\View->CodeIgniter\View\{closure}()
 3 SYSTEMPATH\Common.php(1178): CodeIgniter\View\View->render('proyectos/create', [], true)
 4 APPPATH\Controllers\Proyectos.php(32): view('proyectos/create')
 5 SYSTEMPATH\CodeIgniter.php(943): App\Controllers\Proyectos->create()
 6 SYSTEMPATH\CodeIgniter.php(503): CodeIgniter\CodeIgniter->runController(Object(App\Controllers\Proyectos))
 7 SYSTEMPATH\CodeIgniter.php(361): CodeIgniter\CodeIgniter->handleRequest(null, Object(Config\Cache), false)
 8 FCPATH\index.php(79): CodeIgniter\CodeIgniter->run()
CRITICAL - 2024-06-27 01:14:14 --> Error: Call to undefined function form_open()
in APPPATH\Views\proyectos\create.php on line 12.
 1 SYSTEMPATH\View\View.php(228): include()
 2 SYSTEMPATH\View\View.php(231): CodeIgniter\View\View->CodeIgniter\View\{closure}()
 3 SYSTEMPATH\Common.php(1178): CodeIgniter\View\View->render('proyectos/create', [], true)
 4 APPPATH\Controllers\Proyectos.php(32): view('proyectos/create')
 5 SYSTEMPATH\CodeIgniter.php(943): App\Controllers\Proyectos->create()
 6 SYSTEMPATH\CodeIgniter.php(503): CodeIgniter\CodeIgniter->runController(Object(App\Controllers\Proyectos))
 7 SYSTEMPATH\CodeIgniter.php(361): CodeIgniter\CodeIgniter->handleRequest(null, Object(Config\Cache), false)
 8 FCPATH\index.php(79): CodeIgniter\CodeIgniter->run()
CRITICAL - 2024-06-27 01:32:18 --> Error: Call to undefined function form_open()
in APPPATH\Views\proyectos\create.php on line 12.
 1 SYSTEMPATH\View\View.php(228): include()
 2 SYSTEMPATH\View\View.php(231): CodeIgniter\View\View->CodeIgniter\View\{closure}()
 3 SYSTEMPATH\Common.php(1178): CodeIgniter\View\View->render('proyectos/create', [], true)
 4 APPPATH\Controllers\Proyectos.php(32): view('proyectos/create')
 5 SYSTEMPATH\CodeIgniter.php(943): App\Controllers\Proyectos->create()
 6 SYSTEMPATH\CodeIgniter.php(503): CodeIgniter\CodeIgniter->runController(Object(App\Controllers\Proyectos))
 7 SYSTEMPATH\CodeIgniter.php(361): CodeIgniter\CodeIgniter->handleRequest(null, Object(Config\Cache), false)
 8 FCPATH\index.php(79): CodeIgniter\CodeIgniter->run()
CRITICAL - 2024-06-27 01:32:22 --> ErrorException: Undefined variable $proyectos
in APPPATH\Views\proyectos\index.php on line 37.
 1 APPPATH\Views\proyectos\index.php(37): CodeIgniter\Debug\Exceptions->errorHandler(2, 'Undefined variable $proyectos', 'C:\\laragon\\www\\prueba\\SistemaControl\\app\\Views\\proyectos\\index.php', 37)
 2 SYSTEMPATH\View\View.php(228): include('C:\\laragon\\www\\prueba\\SistemaControl\\app\\Views\\proyectos\\index.php')
 3 SYSTEMPATH\View\View.php(231): CodeIgniter\View\View->CodeIgniter\View\{closure}()
 4 SYSTEMPATH\Common.php(1178): CodeIgniter\View\View->render('proyectos/index', [], true)
 5 APPPATH\Controllers\Proyectos.php(25): view('proyectos/index', [])
 6 SYSTEMPATH\CodeIgniter.php(943): App\Controllers\Proyectos->index()
 7 SYSTEMPATH\CodeIgniter.php(503): CodeIgniter\CodeIgniter->runController(Object(App\Controllers\Proyectos))
 8 SYSTEMPATH\CodeIgniter.php(361): CodeIgniter\CodeIgniter->handleRequest(null, Object(Config\Cache), false)
 9 FCPATH\index.php(79): CodeIgniter\CodeIgniter->run()
