CRITICAL - 2024-04-25 04:09:00 --> ErrorException: Attempt to read property "idDocente" on array
in APPPATH\Views\maestros\edit.php on line 14.
 1 APPPATH\Views\maestros\edit.php(14): CodeIgniter\Debug\Exceptions->errorHandler(2, 'Attempt to read property "idDocente" on array', 'C:\\laragon\\www\\prueba\\SistemaControl\\app\\Views\\maestros\\edit.php', 14)
 2 SYSTEMPATH\View\View.php(228): include('C:\\laragon\\www\\prueba\\SistemaControl\\app\\Views\\maestros\\edit.php')
 3 SYSTEMPATH\View\View.php(231): CodeIgniter\View\View->CodeIgniter\View\{closure}()
 4 SYSTEMPATH\Common.php(1178): CodeIgniter\View\View->render('maestros/edit', [], true)
 5 APPPATH\Controllers\Maestros.php(64): view('maestros/edit', [...])
 6 SYSTEMPATH\CodeIgniter.php(943): App\Controllers\Maestros->edit('1')
 7 SYSTEMPATH\CodeIgniter.php(503): CodeIgniter\CodeIgniter->runController(Object(App\Controllers\Maestros))
 8 SYSTEMPATH\CodeIgniter.php(361): CodeIgniter\CodeIgniter->handleRequest(null, Object(Config\Cache), false)
 9 FCPATH\index.php(79): CodeIgniter\CodeIgniter->run()
CRITICAL - 2024-04-25 04:09:04 --> ErrorException: Attempt to read property "idDocente" on array
in APPPATH\Views\maestros\edit.php on line 14.
 1 APPPATH\Views\maestros\edit.php(14): CodeIgniter\Debug\Exceptions->errorHandler(2, 'Attempt to read property "idDocente" on array', 'C:\\laragon\\www\\prueba\\SistemaControl\\app\\Views\\maestros\\edit.php', 14)
 2 SYSTEMPATH\View\View.php(228): include('C:\\laragon\\www\\prueba\\SistemaControl\\app\\Views\\maestros\\edit.php')
 3 SYSTEMPATH\View\View.php(231): CodeIgniter\View\View->CodeIgniter\View\{closure}()
 4 SYSTEMPATH\Common.php(1178): CodeIgniter\View\View->render('maestros/edit', [], true)
 5 APPPATH\Controllers\Maestros.php(64): view('maestros/edit', [...])
 6 SYSTEMPATH\CodeIgniter.php(943): App\Controllers\Maestros->edit('15')
 7 SYSTEMPATH\CodeIgniter.php(503): CodeIgniter\CodeIgniter->runController(Object(App\Controllers\Maestros))
 8 SYSTEMPATH\CodeIgniter.php(361): CodeIgniter\CodeIgniter->handleRequest(null, Object(Config\Cache), false)
 9 FCPATH\index.php(79): CodeIgniter\CodeIgniter->run()
CRITICAL - 2024-04-25 04:09:56 --> ErrorException: Attempt to read property "idDocente" on array
in APPPATH\Views\maestros\edit.php on line 14.
 1 APPPATH\Views\maestros\edit.php(14): CodeIgniter\Debug\Exceptions->errorHandler(2, 'Attempt to read property "idDocente" on array', 'C:\\laragon\\www\\prueba\\SistemaControl\\app\\Views\\maestros\\edit.php', 14)
 2 SYSTEMPATH\View\View.php(228): include('C:\\laragon\\www\\prueba\\SistemaControl\\app\\Views\\maestros\\edit.php')
 3 SYSTEMPATH\View\View.php(231): CodeIgniter\View\View->CodeIgniter\View\{closure}()
 4 SYSTEMPATH\Common.php(1178): CodeIgniter\View\View->render('maestros/edit', [], true)
 5 APPPATH\Controllers\Maestros.php(64): view('maestros/edit', [...])
 6 SYSTEMPATH\CodeIgniter.php(943): App\Controllers\Maestros->edit('20')
 7 SYSTEMPATH\CodeIgniter.php(503): CodeIgniter\CodeIgniter->runController(Object(App\Controllers\Maestros))
 8 SYSTEMPATH\CodeIgniter.php(361): CodeIgniter\CodeIgniter->handleRequest(null, Object(Config\Cache), false)
 9 FCPATH\index.php(79): CodeIgniter\CodeIgniter->run()
CRITICAL - 2024-04-25 04:30:15 --> ErrorException: Attempt to read property "nombre_completo" on array
in APPPATH\Views\maestros\edit.php on line 17.
 1 APPPATH\Views\maestros\edit.php(17): CodeIgniter\Debug\Exceptions->errorHandler(2, 'Attempt to read property "nombre_completo" on array', 'C:\\laragon\\www\\prueba\\SistemaControl\\app\\Views\\maestros\\edit.php', 17)
 2 SYSTEMPATH\View\View.php(228): include('C:\\laragon\\www\\prueba\\SistemaControl\\app\\Views\\maestros\\edit.php')
 3 SYSTEMPATH\View\View.php(231): CodeIgniter\View\View->CodeIgniter\View\{closure}()
 4 SYSTEMPATH\Common.php(1178): CodeIgniter\View\View->render('maestros/edit', [], true)
 5 APPPATH\Controllers\Maestros.php(64): view('maestros/edit', [...])
 6 SYSTEMPATH\CodeIgniter.php(943): App\Controllers\Maestros->edit('20')
 7 SYSTEMPATH\CodeIgniter.php(503): CodeIgniter\CodeIgniter->runController(Object(App\Controllers\Maestros))
 8 SYSTEMPATH\CodeIgniter.php(361): CodeIgniter\CodeIgniter->handleRequest(null, Object(Config\Cache), false)
 9 FCPATH\index.php(79): CodeIgniter\CodeIgniter->run()
CRITICAL - 2024-04-25 04:32:33 --> ErrorException: Attempt to read property "nombre_completo" on array
in APPPATH\Views\maestros\edit.php on line 17.
 1 APPPATH\Views\maestros\edit.php(17): CodeIgniter\Debug\Exceptions->errorHandler(2, 'Attempt to read property "nombre_completo" on array', 'C:\\laragon\\www\\prueba\\SistemaControl\\app\\Views\\maestros\\edit.php', 17)
 2 SYSTEMPATH\View\View.php(228): include('C:\\laragon\\www\\prueba\\SistemaControl\\app\\Views\\maestros\\edit.php')
 3 SYSTEMPATH\View\View.php(231): CodeIgniter\View\View->CodeIgniter\View\{closure}()
 4 SYSTEMPATH\Common.php(1178): CodeIgniter\View\View->render('maestros/edit', [], true)
 5 APPPATH\Controllers\Maestros.php(70): view('maestros/edit', [...])
 6 SYSTEMPATH\CodeIgniter.php(943): App\Controllers\Maestros->edit('20')
 7 SYSTEMPATH\CodeIgniter.php(503): CodeIgniter\CodeIgniter->runController(Object(App\Controllers\Maestros))
 8 SYSTEMPATH\CodeIgniter.php(361): CodeIgniter\CodeIgniter->handleRequest(null, Object(Config\Cache), false)
 9 FCPATH\index.php(79): CodeIgniter\CodeIgniter->run()
CRITICAL - 2024-04-25 04:36:43 --> ErrorException: Undefined array key "saldo"
in APPPATH\Views\permiso_magisterial\index.php on line 36.
 1 APPPATH\Views\permiso_magisterial\index.php(36): CodeIgniter\Debug\Exceptions->errorHandler(2, 'Undefined array key "saldo"', 'C:\\laragon\\www\\prueba\\SistemaControl\\app\\Views\\permiso_magisterial\\index.php', 36)
 2 SYSTEMPATH\View\View.php(228): include('C:\\laragon\\www\\prueba\\SistemaControl\\app\\Views\\permiso_magisterial\\index.php')
 3 SYSTEMPATH\View\View.php(231): CodeIgniter\View\View->CodeIgniter\View\{closure}()
 4 SYSTEMPATH\Common.php(1178): CodeIgniter\View\View->render('permiso_magisterial/index', [], true)
 5 APPPATH\Controllers\PermisoMagisterial.php(111): view('permiso_magisterial/index', [...])
 6 SYSTEMPATH\CodeIgniter.php(943): App\Controllers\PermisoMagisterial->index()
 7 SYSTEMPATH\CodeIgniter.php(503): CodeIgniter\CodeIgniter->runController(Object(App\Controllers\PermisoMagisterial))
 8 SYSTEMPATH\CodeIgniter.php(361): CodeIgniter\CodeIgniter->handleRequest(null, Object(Config\Cache), false)
 9 FCPATH\index.php(79): CodeIgniter\CodeIgniter->run()
CRITICAL - 2024-04-25 04:36:54 --> ErrorException: Undefined array key "saldo"
in APPPATH\Views\permiso_magisterial\index.php on line 36.
 1 APPPATH\Views\permiso_magisterial\index.php(36): CodeIgniter\Debug\Exceptions->errorHandler(2, 'Undefined array key "saldo"', 'C:\\laragon\\www\\prueba\\SistemaControl\\app\\Views\\permiso_magisterial\\index.php', 36)
 2 SYSTEMPATH\View\View.php(228): include('C:\\laragon\\www\\prueba\\SistemaControl\\app\\Views\\permiso_magisterial\\index.php')
 3 SYSTEMPATH\View\View.php(231): CodeIgniter\View\View->CodeIgniter\View\{closure}()
 4 SYSTEMPATH\Common.php(1178): CodeIgniter\View\View->render('permiso_magisterial/index', [], true)
 5 APPPATH\Controllers\PermisoMagisterial.php(111): view('permiso_magisterial/index', [...])
 6 SYSTEMPATH\CodeIgniter.php(943): App\Controllers\PermisoMagisterial->index()
 7 SYSTEMPATH\CodeIgniter.php(503): CodeIgniter\CodeIgniter->runController(Object(App\Controllers\PermisoMagisterial))
 8 SYSTEMPATH\CodeIgniter.php(361): CodeIgniter\CodeIgniter->handleRequest(null, Object(Config\Cache), false)
 9 FCPATH\index.php(79): CodeIgniter\CodeIgniter->run()
CRITICAL - 2024-04-25 04:39:13 --> ErrorException: Undefined array key "saldo"
in APPPATH\Views\permiso_magisterial\index.php on line 36.
 1 APPPATH\Views\permiso_magisterial\index.php(36): CodeIgniter\Debug\Exceptions->errorHandler(2, 'Undefined array key "saldo"', 'C:\\laragon\\www\\prueba\\SistemaControl\\app\\Views\\permiso_magisterial\\index.php', 36)
 2 SYSTEMPATH\View\View.php(228): include('C:\\laragon\\www\\prueba\\SistemaControl\\app\\Views\\permiso_magisterial\\index.php')
 3 SYSTEMPATH\View\View.php(231): CodeIgniter\View\View->CodeIgniter\View\{closure}()
 4 SYSTEMPATH\Common.php(1178): CodeIgniter\View\View->render('permiso_magisterial/index', [], true)
 5 APPPATH\Controllers\PermisoMagisterial.php(111): view('permiso_magisterial/index', [...])
 6 SYSTEMPATH\CodeIgniter.php(943): App\Controllers\PermisoMagisterial->index()
 7 SYSTEMPATH\CodeIgniter.php(503): CodeIgniter\CodeIgniter->runController(Object(App\Controllers\PermisoMagisterial))
 8 SYSTEMPATH\CodeIgniter.php(361): CodeIgniter\CodeIgniter->handleRequest(null, Object(Config\Cache), false)
 9 FCPATH\index.php(79): CodeIgniter\CodeIgniter->run()
ERROR - 2024-04-25 05:12:32 --> mysqli_sql_exception: Unknown column 'idDatosResponsable' in 'where clause' in C:\laragon\www\prueba\SistemaControl\vendor\codeigniter4\framework\system\Database\MySQLi\Connection.php:306
Stack trace:
#0 C:\laragon\www\prueba\SistemaControl\vendor\codeigniter4\framework\system\Database\MySQLi\Connection.php(306): mysqli->query('SELECT *\nFROM `...', 0)
#1 C:\laragon\www\prueba\SistemaControl\vendor\codeigniter4\framework\system\Database\BaseConnection.php(693): CodeIgniter\Database\MySQLi\Connection->execute('SELECT *\nFROM `...')
#2 C:\laragon\www\prueba\SistemaControl\vendor\codeigniter4\framework\system\Database\BaseConnection.php(607): CodeIgniter\Database\BaseConnection->simpleQuery('SELECT *\nFROM `...')
#3 C:\laragon\www\prueba\SistemaControl\vendor\codeigniter4\framework\system\Database\BaseBuilder.php(1616): CodeIgniter\Database\BaseConnection->query('SELECT *\nFROM `...', Array, false)
#4 C:\laragon\www\prueba\SistemaControl\vendor\codeigniter4\framework\system\Model.php(243): CodeIgniter\Database\BaseBuilder->get()
#5 C:\laragon\www\prueba\SistemaControl\vendor\codeigniter4\framework\system\BaseModel.php(641): CodeIgniter\Model->doFindAll(0, 0)
#6 C:\laragon\www\prueba\SistemaControl\app\Models\AlumnoModel.php(15): CodeIgniter\BaseModel->findAll()
#7 C:\laragon\www\prueba\SistemaControl\app\Controllers\Padres.php(151): App\Models\AlumnoModel->getAlumnosByPadreId('1')
#8 C:\laragon\www\prueba\SistemaControl\vendor\codeigniter4\framework\system\CodeIgniter.php(943): App\Controllers\Padres->getAlumnosAjax('1')
#9 C:\laragon\www\prueba\SistemaControl\vendor\codeigniter4\framework\system\CodeIgniter.php(503): CodeIgniter\CodeIgniter->runController(Object(App\Controllers\Padres))
#10 C:\laragon\www\prueba\SistemaControl\vendor\codeigniter4\framework\system\CodeIgniter.php(361): CodeIgniter\CodeIgniter->handleRequest(NULL, Object(Config\Cache), false)
#11 C:\laragon\www\prueba\SistemaControl\public\index.php(79): CodeIgniter\CodeIgniter->run()
#12 {main}
CRITICAL - 2024-04-25 05:12:32 --> CodeIgniter\Database\Exceptions\DatabaseException: Unknown column 'idDatosResponsable' in 'where clause'
in SYSTEMPATH\Database\BaseConnection.php on line 647.
 1 SYSTEMPATH\Database\BaseBuilder.php(1616): CodeIgniter\Database\BaseConnection->query('SELECT *
FROM `datos_alumnos`
WHERE `idDatosResponsable` = :idDatosResponsable:', [...], false)
 2 SYSTEMPATH\Model.php(243): CodeIgniter\Database\BaseBuilder->get()
 3 SYSTEMPATH\BaseModel.php(641): CodeIgniter\Model->doFindAll(0, 0)
 4 APPPATH\Models\AlumnoModel.php(15): CodeIgniter\BaseModel->findAll()
 5 APPPATH\Controllers\Padres.php(151): App\Models\AlumnoModel->getAlumnosByPadreId('1')
 6 SYSTEMPATH\CodeIgniter.php(943): App\Controllers\Padres->getAlumnosAjax('1')
 7 SYSTEMPATH\CodeIgniter.php(503): CodeIgniter\CodeIgniter->runController(Object(App\Controllers\Padres))
 8 SYSTEMPATH\CodeIgniter.php(361): CodeIgniter\CodeIgniter->handleRequest(null, Object(Config\Cache), false)
 9 FCPATH\index.php(79): CodeIgniter\CodeIgniter->run()
CRITICAL - 2024-04-25 05:12:32 --> [Caused by] CodeIgniter\Database\Exceptions\DatabaseException: Unknown column 'idDatosResponsable' in 'where clause'
in SYSTEMPATH\Database\MySQLi\Connection.php on line 311.
 1 SYSTEMPATH\Database\BaseConnection.php(693): CodeIgniter\Database\MySQLi\Connection->execute('SELECT *
FROM `datos_alumnos`
WHERE `idDatosResponsable` = \'1\'')
 2 SYSTEMPATH\Database\BaseConnection.php(607): CodeIgniter\Database\BaseConnection->simpleQuery('SELECT *
FROM `datos_alumnos`
WHERE `idDatosResponsable` = \'1\'')
 3 SYSTEMPATH\Database\BaseBuilder.php(1616): CodeIgniter\Database\BaseConnection->query('SELECT *
FROM `datos_alumnos`
WHERE `idDatosResponsable` = :idDatosResponsable:', [...], false)
 4 SYSTEMPATH\Model.php(243): CodeIgniter\Database\BaseBuilder->get()
 5 SYSTEMPATH\BaseModel.php(641): CodeIgniter\Model->doFindAll(0, 0)
 6 APPPATH\Models\AlumnoModel.php(15): CodeIgniter\BaseModel->findAll()
 7 APPPATH\Controllers\Padres.php(151): App\Models\AlumnoModel->getAlumnosByPadreId('1')
 8 SYSTEMPATH\CodeIgniter.php(943): App\Controllers\Padres->getAlumnosAjax('1')
 9 SYSTEMPATH\CodeIgniter.php(503): CodeIgniter\CodeIgniter->runController(Object(App\Controllers\Padres))
10 SYSTEMPATH\CodeIgniter.php(361): CodeIgniter\CodeIgniter->handleRequest(null, Object(Config\Cache), false)
11 FCPATH\index.php(79): CodeIgniter\CodeIgniter->run()
CRITICAL - 2024-04-25 05:12:32 --> [Caused by] mysqli_sql_exception: Unknown column 'idDatosResponsable' in 'where clause'
in SYSTEMPATH\Database\MySQLi\Connection.php on line 306.
 1 SYSTEMPATH\Database\MySQLi\Connection.php(306): mysqli->query('SELECT *
FROM `datos_alumnos`
WHERE `idDatosResponsable` = \'1\'', 0)
 2 SYSTEMPATH\Database\BaseConnection.php(693): CodeIgniter\Database\MySQLi\Connection->execute('SELECT *
FROM `datos_alumnos`
WHERE `idDatosResponsable` = \'1\'')
 3 SYSTEMPATH\Database\BaseConnection.php(607): CodeIgniter\Database\BaseConnection->simpleQuery('SELECT *
FROM `datos_alumnos`
WHERE `idDatosResponsable` = \'1\'')
 4 SYSTEMPATH\Database\BaseBuilder.php(1616): CodeIgniter\Database\BaseConnection->query('SELECT *
FROM `datos_alumnos`
WHERE `idDatosResponsable` = :idDatosResponsable:', [...], false)
 5 SYSTEMPATH\Model.php(243): CodeIgniter\Database\BaseBuilder->get()
 6 SYSTEMPATH\BaseModel.php(641): CodeIgniter\Model->doFindAll(0, 0)
 7 APPPATH\Models\AlumnoModel.php(15): CodeIgniter\BaseModel->findAll()
 8 APPPATH\Controllers\Padres.php(151): App\Models\AlumnoModel->getAlumnosByPadreId('1')
 9 SYSTEMPATH\CodeIgniter.php(943): App\Controllers\Padres->getAlumnosAjax('1')
10 SYSTEMPATH\CodeIgniter.php(503): CodeIgniter\CodeIgniter->runController(Object(App\Controllers\Padres))
11 SYSTEMPATH\CodeIgniter.php(361): CodeIgniter\CodeIgniter->handleRequest(null, Object(Config\Cache), false)
12 FCPATH\index.php(79): CodeIgniter\CodeIgniter->run()
ERROR - 2024-04-25 05:15:28 --> mysqli_sql_exception: Unknown column 'idDatosResponsable' in 'where clause' in C:\laragon\www\prueba\SistemaControl\vendor\codeigniter4\framework\system\Database\MySQLi\Connection.php:306
Stack trace:
#0 C:\laragon\www\prueba\SistemaControl\vendor\codeigniter4\framework\system\Database\MySQLi\Connection.php(306): mysqli->query('SELECT *\nFROM `...', 0)
#1 C:\laragon\www\prueba\SistemaControl\vendor\codeigniter4\framework\system\Database\BaseConnection.php(693): CodeIgniter\Database\MySQLi\Connection->execute('SELECT *\nFROM `...')
#2 C:\laragon\www\prueba\SistemaControl\vendor\codeigniter4\framework\system\Database\BaseConnection.php(607): CodeIgniter\Database\BaseConnection->simpleQuery('SELECT *\nFROM `...')
#3 C:\laragon\www\prueba\SistemaControl\vendor\codeigniter4\framework\system\Database\BaseBuilder.php(1616): CodeIgniter\Database\BaseConnection->query('SELECT *\nFROM `...', Array, false)
#4 C:\laragon\www\prueba\SistemaControl\vendor\codeigniter4\framework\system\Model.php(243): CodeIgniter\Database\BaseBuilder->get()
#5 C:\laragon\www\prueba\SistemaControl\vendor\codeigniter4\framework\system\BaseModel.php(641): CodeIgniter\Model->doFindAll(0, 0)
#6 C:\laragon\www\prueba\SistemaControl\app\Models\AlumnoModel.php(15): CodeIgniter\BaseModel->findAll()
#7 C:\laragon\www\prueba\SistemaControl\app\Controllers\Padres.php(151): App\Models\AlumnoModel->getAlumnosByPadreId('1')
#8 C:\laragon\www\prueba\SistemaControl\vendor\codeigniter4\framework\system\CodeIgniter.php(943): App\Controllers\Padres->getAlumnosAjax('1')
#9 C:\laragon\www\prueba\SistemaControl\vendor\codeigniter4\framework\system\CodeIgniter.php(503): CodeIgniter\CodeIgniter->runController(Object(App\Controllers\Padres))
#10 C:\laragon\www\prueba\SistemaControl\vendor\codeigniter4\framework\system\CodeIgniter.php(361): CodeIgniter\CodeIgniter->handleRequest(NULL, Object(Config\Cache), false)
#11 C:\laragon\www\prueba\SistemaControl\public\index.php(79): CodeIgniter\CodeIgniter->run()
#12 {main}
CRITICAL - 2024-04-25 05:15:28 --> CodeIgniter\Database\Exceptions\DatabaseException: Unknown column 'idDatosResponsable' in 'where clause'
in SYSTEMPATH\Database\BaseConnection.php on line 647.
 1 SYSTEMPATH\Database\BaseBuilder.php(1616): CodeIgniter\Database\BaseConnection->query('SELECT *
FROM `datos_alumnos`
WHERE `idDatosResponsable` = :idDatosResponsable:', [...], false)
 2 SYSTEMPATH\Model.php(243): CodeIgniter\Database\BaseBuilder->get()
 3 SYSTEMPATH\BaseModel.php(641): CodeIgniter\Model->doFindAll(0, 0)
 4 APPPATH\Models\AlumnoModel.php(15): CodeIgniter\BaseModel->findAll()
 5 APPPATH\Controllers\Padres.php(151): App\Models\AlumnoModel->getAlumnosByPadreId('1')
 6 SYSTEMPATH\CodeIgniter.php(943): App\Controllers\Padres->getAlumnosAjax('1')
 7 SYSTEMPATH\CodeIgniter.php(503): CodeIgniter\CodeIgniter->runController(Object(App\Controllers\Padres))
 8 SYSTEMPATH\CodeIgniter.php(361): CodeIgniter\CodeIgniter->handleRequest(null, Object(Config\Cache), false)
 9 FCPATH\index.php(79): CodeIgniter\CodeIgniter->run()
CRITICAL - 2024-04-25 05:15:28 --> [Caused by] CodeIgniter\Database\Exceptions\DatabaseException: Unknown column 'idDatosResponsable' in 'where clause'
in SYSTEMPATH\Database\MySQLi\Connection.php on line 311.
 1 SYSTEMPATH\Database\BaseConnection.php(693): CodeIgniter\Database\MySQLi\Connection->execute('SELECT *
FROM `datos_alumnos`
WHERE `idDatosResponsable` = \'1\'')
 2 SYSTEMPATH\Database\BaseConnection.php(607): CodeIgniter\Database\BaseConnection->simpleQuery('SELECT *
FROM `datos_alumnos`
WHERE `idDatosResponsable` = \'1\'')
 3 SYSTEMPATH\Database\BaseBuilder.php(1616): CodeIgniter\Database\BaseConnection->query('SELECT *
FROM `datos_alumnos`
WHERE `idDatosResponsable` = :idDatosResponsable:', [...], false)
 4 SYSTEMPATH\Model.php(243): CodeIgniter\Database\BaseBuilder->get()
 5 SYSTEMPATH\BaseModel.php(641): CodeIgniter\Model->doFindAll(0, 0)
 6 APPPATH\Models\AlumnoModel.php(15): CodeIgniter\BaseModel->findAll()
 7 APPPATH\Controllers\Padres.php(151): App\Models\AlumnoModel->getAlumnosByPadreId('1')
 8 SYSTEMPATH\CodeIgniter.php(943): App\Controllers\Padres->getAlumnosAjax('1')
 9 SYSTEMPATH\CodeIgniter.php(503): CodeIgniter\CodeIgniter->runController(Object(App\Controllers\Padres))
10 SYSTEMPATH\CodeIgniter.php(361): CodeIgniter\CodeIgniter->handleRequest(null, Object(Config\Cache), false)
11 FCPATH\index.php(79): CodeIgniter\CodeIgniter->run()
CRITICAL - 2024-04-25 05:15:28 --> [Caused by] mysqli_sql_exception: Unknown column 'idDatosResponsable' in 'where clause'
in SYSTEMPATH\Database\MySQLi\Connection.php on line 306.
 1 SYSTEMPATH\Database\MySQLi\Connection.php(306): mysqli->query('SELECT *
FROM `datos_alumnos`
WHERE `idDatosResponsable` = \'1\'', 0)
 2 SYSTEMPATH\Database\BaseConnection.php(693): CodeIgniter\Database\MySQLi\Connection->execute('SELECT *
FROM `datos_alumnos`
WHERE `idDatosResponsable` = \'1\'')
 3 SYSTEMPATH\Database\BaseConnection.php(607): CodeIgniter\Database\BaseConnection->simpleQuery('SELECT *
FROM `datos_alumnos`
WHERE `idDatosResponsable` = \'1\'')
 4 SYSTEMPATH\Database\BaseBuilder.php(1616): CodeIgniter\Database\BaseConnection->query('SELECT *
FROM `datos_alumnos`
WHERE `idDatosResponsable` = :idDatosResponsable:', [...], false)
 5 SYSTEMPATH\Model.php(243): CodeIgniter\Database\BaseBuilder->get()
 6 SYSTEMPATH\BaseModel.php(641): CodeIgniter\Model->doFindAll(0, 0)
 7 APPPATH\Models\AlumnoModel.php(15): CodeIgniter\BaseModel->findAll()
 8 APPPATH\Controllers\Padres.php(151): App\Models\AlumnoModel->getAlumnosByPadreId('1')
 9 SYSTEMPATH\CodeIgniter.php(943): App\Controllers\Padres->getAlumnosAjax('1')
10 SYSTEMPATH\CodeIgniter.php(503): CodeIgniter\CodeIgniter->runController(Object(App\Controllers\Padres))
11 SYSTEMPATH\CodeIgniter.php(361): CodeIgniter\CodeIgniter->handleRequest(null, Object(Config\Cache), false)
12 FCPATH\index.php(79): CodeIgniter\CodeIgniter->run()
ERROR - 2024-04-25 05:19:40 --> mysqli_sql_exception: Unknown column 'idDatosResponsable' in 'where clause' in C:\laragon\www\prueba\SistemaControl\vendor\codeigniter4\framework\system\Database\MySQLi\Connection.php:306
Stack trace:
#0 C:\laragon\www\prueba\SistemaControl\vendor\codeigniter4\framework\system\Database\MySQLi\Connection.php(306): mysqli->query('SELECT *\nFROM `...', 0)
#1 C:\laragon\www\prueba\SistemaControl\vendor\codeigniter4\framework\system\Database\BaseConnection.php(693): CodeIgniter\Database\MySQLi\Connection->execute('SELECT *\nFROM `...')
#2 C:\laragon\www\prueba\SistemaControl\vendor\codeigniter4\framework\system\Database\BaseConnection.php(607): CodeIgniter\Database\BaseConnection->simpleQuery('SELECT *\nFROM `...')
#3 C:\laragon\www\prueba\SistemaControl\vendor\codeigniter4\framework\system\Database\BaseBuilder.php(1616): CodeIgniter\Database\BaseConnection->query('SELECT *\nFROM `...', Array, false)
#4 C:\laragon\www\prueba\SistemaControl\vendor\codeigniter4\framework\system\Model.php(243): CodeIgniter\Database\BaseBuilder->get()
#5 C:\laragon\www\prueba\SistemaControl\vendor\codeigniter4\framework\system\BaseModel.php(641): CodeIgniter\Model->doFindAll(0, 0)
#6 C:\laragon\www\prueba\SistemaControl\app\Models\AlumnoModel.php(15): CodeIgniter\BaseModel->findAll()
#7 C:\laragon\www\prueba\SistemaControl\app\Controllers\Padres.php(151): App\Models\AlumnoModel->getAlumnosByPadreId('1')
#8 C:\laragon\www\prueba\SistemaControl\vendor\codeigniter4\framework\system\CodeIgniter.php(943): App\Controllers\Padres->getAlumnosAjax('1')
#9 C:\laragon\www\prueba\SistemaControl\vendor\codeigniter4\framework\system\CodeIgniter.php(503): CodeIgniter\CodeIgniter->runController(Object(App\Controllers\Padres))
#10 C:\laragon\www\prueba\SistemaControl\vendor\codeigniter4\framework\system\CodeIgniter.php(361): CodeIgniter\CodeIgniter->handleRequest(NULL, Object(Config\Cache), false)
#11 C:\laragon\www\prueba\SistemaControl\public\index.php(79): CodeIgniter\CodeIgniter->run()
#12 {main}
CRITICAL - 2024-04-25 05:19:40 --> CodeIgniter\Database\Exceptions\DatabaseException: Unknown column 'idDatosResponsable' in 'where clause'
in SYSTEMPATH\Database\BaseConnection.php on line 647.
 1 SYSTEMPATH\Database\BaseBuilder.php(1616): CodeIgniter\Database\BaseConnection->query('SELECT *
FROM `datos_alumnos`
WHERE `idDatosResponsable` = :idDatosResponsable:', [...], false)
 2 SYSTEMPATH\Model.php(243): CodeIgniter\Database\BaseBuilder->get()
 3 SYSTEMPATH\BaseModel.php(641): CodeIgniter\Model->doFindAll(0, 0)
 4 APPPATH\Models\AlumnoModel.php(15): CodeIgniter\BaseModel->findAll()
 5 APPPATH\Controllers\Padres.php(151): App\Models\AlumnoModel->getAlumnosByPadreId('1')
 6 SYSTEMPATH\CodeIgniter.php(943): App\Controllers\Padres->getAlumnosAjax('1')
 7 SYSTEMPATH\CodeIgniter.php(503): CodeIgniter\CodeIgniter->runController(Object(App\Controllers\Padres))
 8 SYSTEMPATH\CodeIgniter.php(361): CodeIgniter\CodeIgniter->handleRequest(null, Object(Config\Cache), false)
 9 FCPATH\index.php(79): CodeIgniter\CodeIgniter->run()
CRITICAL - 2024-04-25 05:19:40 --> [Caused by] CodeIgniter\Database\Exceptions\DatabaseException: Unknown column 'idDatosResponsable' in 'where clause'
in SYSTEMPATH\Database\MySQLi\Connection.php on line 311.
 1 SYSTEMPATH\Database\BaseConnection.php(693): CodeIgniter\Database\MySQLi\Connection->execute('SELECT *
FROM `datos_alumnos`
WHERE `idDatosResponsable` = \'1\'')
 2 SYSTEMPATH\Database\BaseConnection.php(607): CodeIgniter\Database\BaseConnection->simpleQuery('SELECT *
FROM `datos_alumnos`
WHERE `idDatosResponsable` = \'1\'')
 3 SYSTEMPATH\Database\BaseBuilder.php(1616): CodeIgniter\Database\BaseConnection->query('SELECT *
FROM `datos_alumnos`
WHERE `idDatosResponsable` = :idDatosResponsable:', [...], false)
 4 SYSTEMPATH\Model.php(243): CodeIgniter\Database\BaseBuilder->get()
 5 SYSTEMPATH\BaseModel.php(641): CodeIgniter\Model->doFindAll(0, 0)
 6 APPPATH\Models\AlumnoModel.php(15): CodeIgniter\BaseModel->findAll()
 7 APPPATH\Controllers\Padres.php(151): App\Models\AlumnoModel->getAlumnosByPadreId('1')
 8 SYSTEMPATH\CodeIgniter.php(943): App\Controllers\Padres->getAlumnosAjax('1')
 9 SYSTEMPATH\CodeIgniter.php(503): CodeIgniter\CodeIgniter->runController(Object(App\Controllers\Padres))
10 SYSTEMPATH\CodeIgniter.php(361): CodeIgniter\CodeIgniter->handleRequest(null, Object(Config\Cache), false)
11 FCPATH\index.php(79): CodeIgniter\CodeIgniter->run()
CRITICAL - 2024-04-25 05:19:40 --> [Caused by] mysqli_sql_exception: Unknown column 'idDatosResponsable' in 'where clause'
in SYSTEMPATH\Database\MySQLi\Connection.php on line 306.
 1 SYSTEMPATH\Database\MySQLi\Connection.php(306): mysqli->query('SELECT *
FROM `datos_alumnos`
WHERE `idDatosResponsable` = \'1\'', 0)
 2 SYSTEMPATH\Database\BaseConnection.php(693): CodeIgniter\Database\MySQLi\Connection->execute('SELECT *
FROM `datos_alumnos`
WHERE `idDatosResponsable` = \'1\'')
 3 SYSTEMPATH\Database\BaseConnection.php(607): CodeIgniter\Database\BaseConnection->simpleQuery('SELECT *
FROM `datos_alumnos`
WHERE `idDatosResponsable` = \'1\'')
 4 SYSTEMPATH\Database\BaseBuilder.php(1616): CodeIgniter\Database\BaseConnection->query('SELECT *
FROM `datos_alumnos`
WHERE `idDatosResponsable` = :idDatosResponsable:', [...], false)
 5 SYSTEMPATH\Model.php(243): CodeIgniter\Database\BaseBuilder->get()
 6 SYSTEMPATH\BaseModel.php(641): CodeIgniter\Model->doFindAll(0, 0)
 7 APPPATH\Models\AlumnoModel.php(15): CodeIgniter\BaseModel->findAll()
 8 APPPATH\Controllers\Padres.php(151): App\Models\AlumnoModel->getAlumnosByPadreId('1')
 9 SYSTEMPATH\CodeIgniter.php(943): App\Controllers\Padres->getAlumnosAjax('1')
10 SYSTEMPATH\CodeIgniter.php(503): CodeIgniter\CodeIgniter->runController(Object(App\Controllers\Padres))
11 SYSTEMPATH\CodeIgniter.php(361): CodeIgniter\CodeIgniter->handleRequest(null, Object(Config\Cache), false)
12 FCPATH\index.php(79): CodeIgniter\CodeIgniter->run()
CRITICAL - 2024-04-25 05:24:09 --> ErrorException: Undefined array key "nombre"
in APPPATH\Views\padres\alumnos_partial.php on line 5.
 1 APPPATH\Views\padres\alumnos_partial.php(5): CodeIgniter\Debug\Exceptions->errorHandler(2, 'Undefined array key "nombre"', 'C:\\laragon\\www\\prueba\\SistemaControl\\app\\Views\\padres\\alumnos_partial.php', 5)
 2 SYSTEMPATH\View\View.php(228): include('C:\\laragon\\www\\prueba\\SistemaControl\\app\\Views\\padres\\alumnos_partial.php')
 3 SYSTEMPATH\View\View.php(231): CodeIgniter\View\View->CodeIgniter\View\{closure}()
 4 SYSTEMPATH\Common.php(1178): CodeIgniter\View\View->render('padres/alumnos_partial', [], true)
 5 APPPATH\Controllers\Padres.php(153): view('padres/alumnos_partial', [...])
 6 SYSTEMPATH\CodeIgniter.php(943): App\Controllers\Padres->getAlumnosAjax('1')
 7 SYSTEMPATH\CodeIgniter.php(503): CodeIgniter\CodeIgniter->runController(Object(App\Controllers\Padres))
 8 SYSTEMPATH\CodeIgniter.php(361): CodeIgniter\CodeIgniter->handleRequest(null, Object(Config\Cache), false)
 9 FCPATH\index.php(79): CodeIgniter\CodeIgniter->run()
CRITICAL - 2024-04-25 05:28:22 --> ErrorException: Undefined variable $Sexo
in APPPATH\Views\padres\alumnos_partial.php on line 5.
 1 APPPATH\Views\padres\alumnos_partial.php(5): CodeIgniter\Debug\Exceptions->errorHandler(2, 'Undefined variable $Sexo', 'C:\\laragon\\www\\prueba\\SistemaControl\\app\\Views\\padres\\alumnos_partial.php', 5)
 2 SYSTEMPATH\View\View.php(228): include('C:\\laragon\\www\\prueba\\SistemaControl\\app\\Views\\padres\\alumnos_partial.php')
 3 SYSTEMPATH\View\View.php(231): CodeIgniter\View\View->CodeIgniter\View\{closure}()
 4 SYSTEMPATH\Common.php(1178): CodeIgniter\View\View->render('padres/alumnos_partial', [], true)
 5 APPPATH\Controllers\Padres.php(153): view('padres/alumnos_partial', [...])
 6 SYSTEMPATH\CodeIgniter.php(943): App\Controllers\Padres->getAlumnosAjax('1')
 7 SYSTEMPATH\CodeIgniter.php(503): CodeIgniter\CodeIgniter->runController(Object(App\Controllers\Padres))
 8 SYSTEMPATH\CodeIgniter.php(361): CodeIgniter\CodeIgniter->handleRequest(null, Object(Config\Cache), false)
 9 FCPATH\index.php(79): CodeIgniter\CodeIgniter->run()
CRITICAL - 2024-04-25 05:28:25 --> ErrorException: Undefined variable $Sexo
in APPPATH\Views\padres\alumnos_partial.php on line 5.
 1 APPPATH\Views\padres\alumnos_partial.php(5): CodeIgniter\Debug\Exceptions->errorHandler(2, 'Undefined variable $Sexo', 'C:\\laragon\\www\\prueba\\SistemaControl\\app\\Views\\padres\\alumnos_partial.php', 5)
 2 SYSTEMPATH\View\View.php(228): include('C:\\laragon\\www\\prueba\\SistemaControl\\app\\Views\\padres\\alumnos_partial.php')
 3 SYSTEMPATH\View\View.php(231): CodeIgniter\View\View->CodeIgniter\View\{closure}()
 4 SYSTEMPATH\Common.php(1178): CodeIgniter\View\View->render('padres/alumnos_partial', [], true)
 5 APPPATH\Controllers\Padres.php(153): view('padres/alumnos_partial', [...])
 6 SYSTEMPATH\CodeIgniter.php(943): App\Controllers\Padres->getAlumnosAjax('1')
 7 SYSTEMPATH\CodeIgniter.php(503): CodeIgniter\CodeIgniter->runController(Object(App\Controllers\Padres))
 8 SYSTEMPATH\CodeIgniter.php(361): CodeIgniter\CodeIgniter->handleRequest(null, Object(Config\Cache), false)
 9 FCPATH\index.php(79): CodeIgniter\CodeIgniter->run()
